137
133
986
1517
485
256
2421
1761
756
494
3207
2328
6
28
2446
2195
3032
825
3286
1029
1436
2311
508
1462
1739
965
1072
2577
2938
182
3683
456
2955
1656
1235
1125
970
1288
3272
502
182
1504
2531
461
234
2194
1936
212
3773
893
676
1668
834
558
549
103
1345
889
3718
1942
3344
1773
3351
780
1068
1609
914
89
3527
268
541
187
1056
1547
982
19
207
2799
1877
3552
2634
6
871
482
838
1277
518
903
171
781
1974
716
878
2194
13
520
3274
1634
255
2434
2864
3655
1361
835
1902
568
1895
1112
2155
2277
931
1487
1531
1327
604
1594
88
939
709
3217
2133
3508
330
2922
585
2642
2396
1330
658
439
2229
1744
847
1976
1235
422
1972
682
55
550
67
76
294
661
1528
661
3465
939
2321
3763
2179
1336
251
1042
2057
669
307
1695
3579
3081
2660
65
369
2878
3674
1157
1717
746
2774
759
574
3187
1109
2275
2856
442
883
2613
1204
3134
709
4024
835
3723
627
506
1729
1405
258
3099
2868
3155
813
2601
437
3735
181
716
1593
1273
2230
3270
40
857
2270
592
1457
329
2020
1854
89
2539
1258
2229
197
1146
1394
840
187
789
3414
121
4082
1456
146
2752
1071
7
844
918
2249
2777
1510
10
1017
206
804
645
1770
562
484
925
411
1634
1142
1014
1135
1462
651
212
799
973
876
3108
124
2786
95
2412
95
965
2037
2989
1746
1109
1815
2825
1694
2752
2507
2920
969
248
1372
1422
1802
1930
200
3327
62
3311
1016
647
676
155
1058
2767
3143
1298
1977
732
291
733
1658
3018
3707
1610
358
1587
131
105
1691
1473
909
3759
1893
831
479
195
2155
4006
127
2793
1223
1973
3106
188
1821
1484
178
2025
1867
1092
3382
628
872
3863
2853
537
2342
2781
2070
125
489
1736
1886
2409
1115
403
2502
2932
190
1021
2191
801
247
1180
1882
1471
3764
876
3711
2486
1652
570
2494
1597
325
658
3483
309
1121
3273
3685
2063
222
1511
1399
1891
1370
1719
2662
366
1384
1540
1202
3518
2746
590
1251
401
2685
824
270
3214
306
1282
1154
1691
1583
1122
2404
1155
2603
1956
1378
3076
2012
116
969
2538
3394
2553
131
3988
1175
1883
827
1053
3085
416
2064
1533
787
1942
616
1046
1282
1076
1324
470
1205
2468
536
1125
1591
1008
2029
314
699
1577
1232
959
1501
2643
2100
1600
991
1676
145
2986
563
1852
259
2312
2652
3157
2032
1286
1919
2692
168
572
1052
649
3775
111
3634
2112
395
197
3394
196
741
1809
3174
2313
739
1262
3601
514
1147
535
856
3361
3194
2039
1601
501
1309
1385
2410
1898
2423
1375
1735
1929
2868
149
2193
1104
863
910
98
164
1769
2362
1990
159
679
3996
1789
3373
1129
3542
816
3814
1428
226
2457
1096
1911
455
1901
892
1385
1697
2309
1572
12
2266
2130
859
1494
1083
1186
2329
3076
1613
1519
1752
1084
2133
913
365
2582
1177
916
1485
2046
91
245
2294
419
1451
662
154
1032
3364
4038
353
2157
909
3232
1348
516
2891
2095
86
2785
200
755
1630
2536
2054
709
566
1037
1556
1202
2045
3707
2115
1801
783
1927
1176
1338
680
1975
1602
1153
2377
648
2105
2322
2511
13
2562
734
677
1632
1518
3534
1113
878
135
748
730
319
1658
1280
79
681
2383
2056
807
2038
3948
2485
712
2059
422
472
2517
1842
740
1840
1272
2531
196
301
2577
1716
1687
1391
1275
2646
796
380
73
224
1713
2040
2465
3185
337
1504
1826
2594
3868
699
314
2016
768
40
2031
1387
3021
535
263
2356
2629
512
1027
2678
2050
2743
1422
2822
810
1359
787
2049
2007
258
1075
282
574
438
629
2520
394
394
1639
395
3224
2248
711
336
2655
3833
982
4261
2512
569
2679
2016
1160
910
405
133
431
1108
1859
220
410
2942
3300
2323
75
86
1461
3978
84
2396
1710
597
1533
742
3497
1833
77
3061
2545
494
908
970
1522
3815
48
375
2539
1758
2667
1272
1024
1547
4265
2375
2324
1753
2871
212
1451
876
489
829
2410
171
1040
1041
1033
224
2602
550
2328
3285
515
2727
2513
2554
613
2054
1961
124
2034
3184
2253
2556
707
1620
180
2037
1099
3639
1022
2362
446
1106
158
640
814
676
1491
91
1708
2960
503
3469
202
1178
2170
1551
960
1220
825
445
1736
2041
1342
1471
2625
82
3202
1855
1525
1054
1924
1452
133
671
1412
1103
3748
3032
2374
4036
960
705
2839
1614
527
2723
186
2794
813
337
2853
570
176
86
3319
2017
2541
414
1299
2418
35
3404
2352
1926
3809
42
430
54
77
518
1456
188
496
819
622
209
1823
749
833
2064
230
591
2978
2142
3214
3575
1288
2539
2884
2446
331
3035
1109
1349
553
2564
2437
111
192
719
2802
258
1470
215
510
1163
20
1038
3423
374
245
326
2149
3079
3159
496
319
2316
565
796
989
1445
642
1431
360
23
1823
1391
2024
492
10
891
3898
78
1159
1358
3811
1643
2311
275
1375
1146
2645
1801
1459
1504
3777
796
2593
1329
883
95
2984
2937
863
1409
1964
3589
1562
947
993
301
1013
1588
1608
396
940
834
2091
1455
325
3262
811
490
808
927
3655
1855
529
2455
1458
536
1068
1335
1203
2134
1488
1873
3768
4062
1042
3303
1134
748
2141
119
2416
866
888
326
2053
318
2478
3927
835
1478
90
168
916
685
252
849
2229
3367
532
1617
4108
1556
435
1483
234
2493
671
2784
743
3109
312
2999
369
2043
827
2132
2803
2101
1279
2238
3866
1984
3237
2629
109
566
3240
2813
595
2149
422
2806
386
1196
1196
414
1171
944
4040
2624
580
2944
1247
1210
3066
156
681
2704
2428
153
1412
280
1370
3588
1764
3386
951
702
1164
3573
908
3383
2175
1208
2065
2099
1632
993
2030
323
3329
795
2322
860
2551
2483
994
2454
1857
1316
483
100
81
1475
74
1402
593
1613
1392
304
90
1483
2214
891
1475
461
3051
4123
2032
2372
1591
1389
1492
1983
1645
868
3332
1746
1310
60
868
1553
2511
2614
2355
942
1304
663
52
1244
5
2748
365
1702
2951
1668
3880
2143
3955
1138
1550
1883
451
788
71
184
1703
1220
2198
1795
2283
650
11
441
2059
2474
3891
2523
2535
5
269
1856
810
171
2673
833
2290
2190
563
965
1186
1886
1904
2178
847
160
1675
172
1815
855
2037
1509
1016
2392
2441
1986
1358
2092
1872
784
1573
3757
1594
3271
958
2203
588
563
3616
1523
618
483
2868
1322
1253
3018
269
2299
177
2300
1277
2102
1310
493
750
842
2520
503
1404
624
1519
3994
569
95
182
2014
2696
461
2906
0
1918
1159
58
710
976
1976
1580
1801
3006
1145
1478
773
537
228
1453
3185
981
1675
1471
1859
1286
1043
2936
1935
2291
1335
541
2737
2586
3733
1045
295
1219
2004
106
1204
2916
3667
1201
1388
2607
1628
176
1082
1018
1519
1051
652
1589
665
609
2573
936
323
1153
3492
609
1187
597
1576
3626
1278
440
737
1603
429
1781
3642
301
574
452
2760
2963
516
749
2429
4263
1219
408
186
1283
2772
1383
1665
2001
2043
2602
133
368
222
3141
2685
35
2268
455
16
1680
1937
411
443
323
2153
1109
1202
184
1983
469
97
548
233
2449
3807
2530
590
1836
245
3904
2974
175
520
2322
364
1649
2218
1155
3423
749
1644
1467
979
630
769
835
866
663
3593
1156
2840
76
993
3340
3557
1836
659
2484
1247
793
2060
820
383
100
639
265
3961
530
385
3098
1151
252
1529
1448
147
2091
1265
3056
321
232
1045
653
1302
1407
2574
783
3746
1970
1860
2659
1075
361
2129
1072
752
1567
36
1336
1170
2551
1664
3953
974
2902
2387
2834
25
903
1929
1160
4002
1456
73
2909
2872
2987
1020
592
1940
2215
590
2790
978
408
2689
61
2252
2310
535
65
497
1759
2248
591
1982
3063
458
1218
1227
25
1461
1768
1476
1709
1012
578
2278
1117
1187
2021
2155
1101
1979
828
1066
477
444
3366
1635
3452
851
253
878
4155
3391
217
2798
1196
182
1127
1846
1415
466
501
3121
275
493
1023
1686
3785
160
3331
1193
498
1678
2047
2647
2326
2392
1420
2051
1694
259
592
911
146
1238
501
3108
1997
3479
835
1571
454
1218
159
138
1022
944
1125
2083
482
361
451
461
1045
3085
1161
1048
1052
1682
312
574
2485
1531
3169
3011
103
162
1818
2342
997
3535
1715
337
1057
594
1000
1592
1277
964
2991
298
3606
1240
1614
1186
1026
2165
155
1761
1324
287
356
3251
2043
546
73
1999
1086
2340
1120
1134
608
592
354
1155
475
2584
2956
2992
387
3389
2072
128
166
688
302
1619
3530
1101
1812
1340
228
3164
475
2280
231
411
403
230
1707
1629
504
3831
590
2493
1070
990
331
2678
1840
792
306
1635
856
1561
246
3611
741
3152
3780
3350
1135
3363
3094
2261
2012
1418
2557
2485
29
270
723
1577
304
1657
2977
1442
1429
78
541
116
732
2744
706
1143
1896
902
404
485
2175
671
975
1373
607
2478
2668
1436
3698
1868
238
327
1527
1561
3286
553
3087
529
1790
224
272
368
3279
502
628
339
2125
178
3225
1524
1540
826
1220
909
2885
1951
1543
3360
1535
503
411
524
620
891
345
583
3221
2248
310
1696
3135
473
846
2050
342
1349
2530
2429
721
2034
2695
347
1202
3736
1302
64
434
213
603
1682
2348
1983
312
2475
3178
1998
585
2436
3588
851
1643
87
2363
1607
1153
1242
1879
102
852
4071
1852
75
1075
901
277
2478
233
777
2224
599
173
809
1949
693
654
3549
436
3319
125
2449
760
2758
988
39
1951
3196
22
2866
1039
320
1921
182
1440
1266
1204
2
359
1334
1641
3443
1446
1581
1546
1718
1748
846
211
3172
2233
1351
1194
2520
607
496
2250
1264
1967
827
1518
1623
119
2636
626
3893
521
3470
1364
403
1533
2525
3938
303
1896
749
1294
2351
372
1099
1417
1004
2633
705
849
361
1542
476
1503
2734
2918
491
548
2073
1934
1859
2732
895
242
1104
1357
2170
537
598
1971
3380
384
641
473
766
1586
2986
1451
1291
135
36
711
1162
578
410
850
1615
4185
1405
433
1354
184
542
1865
846
1702
2377
2283
873
805
905
980
3347
4107
1993
1712
530
404
314
2911
876
14
23
397
828
473
4103
438
205
3531
1505
985
956
60
3652
1734
1974
304
340
146
1186
745
2099
1318
172
2958
806
221
2964
179
3073
1515
2287
2949
1026
975
611
2571
2392
1922
2368
3300
2851
2271
1822
246
148
170
728
2320
2894
2842
1994
934
107
1646
93
363
2601
2274
443
29
3048
1064
2463
2371
102
943
386
949
1793
297
1167
2203
1269
407
1
438
1160
672
412
3370
2345
594
2403
576
3681
2463
2071
1815
1191
601
391
439
2528
1034
3655
855
1302
2303
2028
1141
1751
3138
372
752
1863
1255
1101
1471
1812
38
587
542
3946
330
1256
321
2067
2641
849
1162
322
1501
2614
1857
398
76
333
2506
631
757
2622
2982
1251
3098
1492
1097
884
445
910
2206
649
633
998
3052
1733
1042
1955
3812
2112
2518
1452
688
651
1384
2114
1850
1084
266
1435
2470
401
529
271
1893
1295
74
1534
2466
1792
2210
3092
112
1913
512
553
2845
844
1265
3221
448
2613
1485
1296
2612
1317
935
1568
1065
3811
777
1059
2130
2782
2652
790
169
692
204
1905
2764
1906
2600
2280
2033
2452
1689
1461
2613
265
51
49
2047
2290
1823
2260
3779
336
568
1948
401
3403
685
2971
2286
918
3431
864
3492
323
1350
1027
2495
399
4422
1419
2381
1253
2158
1125
3713
1820
3097
2922
1599
1418
785
446
1037
2446
198
1099
3284
2762
2412
2888
3211
889
182
342
1542
820
288
916
2661
366
3005
2880
2565
2165
3567
2525
2597
486
1182
2163
1433
2466
853
1112
1488
1295
2612
1191
2310
899
786
887
1992
522
1433
2958
2241
780
520
2179
142
56
1501
2794
100
244
3207
173
835
657
57
2121
1811
2602
468
615
53
59
1667
2373
774
1907
1484
2726
1536
3788
1656
758
320
840
527
2080
273
223
2906
1041
0
387
782
282
1506
1810
1349
613
2257
2377
873
942
2252
611
907
3037
1360
1001
3941
3940
91
1533
130
948
697
2457
305
2249
1012
1246
3862
2691
529
1005
623
2149
247
174
1080
327
2840
1261
411
676
2401
946
1189
3477
3422
755
177
1209
1475
1103
1268
1445
1278
3531
4498
3269
1236
430
1094
237
1764
266
900
3162
1332
1773
3224
825
2409
1780
3867
1216
2245
2584
250
44
2380
511
901
2961
1985
2322
254
4100
1947
656
1750
2318
2340
1863
3193
2063
2694
873
1482
559
364
2245
58
1848
505
2261
445
288
53
1531
2326
1152
1591
2789
3173
2156
1081
1360
18
2567
4468
636
2478
1922
671
4017
882
1722
1708
72
846
3499
237
1119
3559
2486
101
2834
285
4306
2077
176
2401
1924
984
2274
2113
2535
1199
178
112
380
1798
361
4142
1032
218
795
3777
904
463
3055
138
1458
1235
760
2837
822
2841
903
2329
716
1980
2396
587
1063
3330
16
1445
265
3425
1084
2400
2621
659
2214
680
1601
29
721
1591
111
1602
2753
2800
375
346
4148
1135
774
1208
2971
4714
2190
2710
837
2152
3223
149
630
1605
4001
679
1708
517
3452
707
870
764
905
1282
1409
3410
1536
176
4131
3047
304
690
514
342
1736
1046
1763
1946
595
2122
720
554
3238
1923
3601
2300
3555
2389
2232
484
739
1005
1703
4010
1718
1488
1173
213
2364
1128
803
266
954
2015
2852
444
1841
834
36
1710
1947
3216
2567
1099
3726
1179
2991
3446
241
829
1895
1216
1815
585
2201
732
1571
13
3186
918
420
3546
2923
1187
609
316
562
2334
2314
2622
335
2550
418
1312
648
2818
1000
311
147
1354
69
1350
2019
1649
467
2187
1664
145
895
229
198
138
1152
2245
1924
848
559
851
646
2168
2179
2677
1529
316
69
2043
943
1705
3610
4417
1717
836
2961
105
2357
3056
940
433
1337
1708
2668
1466
1876
2470
37
583
1744
3283
2650
1082
3130
2577
1987
2943
2778
2941
1544
877
272
2815
51
3927
200
80
446
615
2879
1948
335
1485
590
3915
2863
243
1341
2091
985
2638
2932
2585
1118
2005
3895
1543
2646
3353
812
439
2060
2539
1031
1557
238
1334
1171
554
660
1115
2764
1266
876
4136
763
167
1148
1652
3738
971
2061
771
4725
2179
100
3425
515
1092
1917
2424
2597
2987
4399
453
1427
462
207
2938
3446
2447
1883
615
509
631
1845
769
1036
675
3875
2213
1984
1554
1687
1854
600
421
1039
2082
59
2725
4004
1211
3019
1616
320
677
2821
198
4001
2523
2013
1719
1383
2681
2139
2272
1638
3507
1144
2097
1267
622
3915
166
522
1565
2273
559
535
970
134
785
2674
2976
79
1155
20
3319
1014
1812
1142
2895
213
143
2669
1882
4593
3904
1071
3204
351
1279
2358
887
782
173
2549
2763
2002
1294
1192
1508
631
1124
2859
2944
1814
2068
3455
1517
911
2057
482
237
564
244
1746
2998
1791
2460
430
2734
2728
1226
1141
1651
1039
2116
1758
3038
341
2675
1915
1527
765
15
3940
844
503
850
2585
1013
644
526
1260
118
1078
3012
3957
1403
35
533
3212
4021
2732
3643
246
2145
2551
1101
224
1756
619
4447
3254
2071
3314
32
499
4136
1984
1069
3385
1823
431
2896
3254
1075
1068
349
2002
1154
487
3873
2721
218
1287
481
1452
2654
1094
288
1717
775
96
3674
1359
409
529
94
534
1874
3683
171
3584
639
1575
1164
2850
698
683
271
254
1657
2057
1080
1221
2595
931
2589
272
882
3309
1104
2762
2884
1131
908
1840
2694
1396
1081
2571
2979
2442
418
1380
1386
835
193
1629
83
19
1737
102
1487
184
639
3660
3393
817
141
365
1057
9
395
2315
2118
1066
1471
1864
538
320
759
2812
1376
1395
1278
2545
2883
475
3102
1923
1103
105
2967
1114
248
3617
1100
2318
1524
956
1342
2074
1308
3232
294
3018
2335
653
3102
4578
2934
4357
1217
2127
1025
1824
2519
456
2552
4422
1639
1292
694
647
2346
760
36
3137
2365
3
643
343
1689
1508
173
1592
347
0
3085
332
1871
328
1080
213
1985
1724
2001
559
4143
1138
252
304
3669
1528
913
2853
1112
852
2026
904
1396
831
3633
2079
1234
1962
2258
2643
2303
2508
992
1714
1485
2170
278
1970
2570
1801
3721
348
617
710
1252
3853
3079
1685
1302
2664
3579
1642
998
1845
188
2460
1012
517
3717
2253
758
854
268
1509
1476
859
1554
1274
335
1922
1672
828
1322
1572
3129
2100
2053
84
1064
522
130
479
853
662
1868
620
4025
423
219
931
932
1178
560
2398
177
1343
1512
1838
258
4542
1709
4823
506
1197
94
2253
2023
291
2681
821
1317
1896
526
2096
3062
2933
793
1609
59
1601
62
3556
4858
2643
1246
3149
1150
654
2202
492
1408
735
3207
563
119
517
673
4845
1795
1708
3329
1515
107
2988
1753
103
1410
183
3328
685
1526
192
2475
2433
3557
2040
544
1057
4215
4428
510
1
882
611
1954
766
299
3867
1083
1626
1572
3203
2304
3730
2994
4163
2203
99
1284
529
2363
369
187
3041
2389
1121
2382
477
575
1580
3253
489
545
2506
214
723
2053
1634
463
1743
2164
893
1620
383
4117
3728
1711
1976
867
831
971
3934
4185
1491
4274
892
2265
3206
612
2314
466
4351
189
4456
1853
612
1439
1350
3134
951
1638
195
1287
2175
3497
3289
2029
741
1788
3568
1315
1508
1075
2348
1868
2082
565
3465
72
288
1860
1788
2211
724
1403
1392
3640
3761
2870
1228
3235
3944
2482
1895
657
620
873
881
778
2526
1967
176
2353
33
353
57
2176
933
1066
3458
110
959
534
2196
1174
2
1553
191
3108
696
770
442
598
305
2988
2078
597
225
2097
4062
1081
125
881
2106
1186
1286
247
2792
3632
4649
1606
228
2515
366
1234
1746
571
2753
1746
2057
796
903
880
3926
586
777
3553
2814
168
294
197
949
1141
2050
4269
184
1614
782
2041
1961
2549
2264
594
3908
1264
2110
599
4035
3727
2132
245
1521
3846
766
3993
3044
207
1545
899
558
4170
3381
2059
2384
889
2007
802
850
2173
2263
2772
1052
2644
197
204
1826
254
324
1806
3083
1350
2225
2070
3957
44
317
420
1323
1671
902
298
3035
1241
4886
4351
1895
3519
2414
3261
697
28
1126
1845
4007
684
1433
1307
1942
2218
868
556
2617
1316
2158
1564
262
3163
167
51
1214
2197
1832
542
1570
1038
2801
1758
1624
609
564
1470
768
510
378
629
798
2094
123
3234
537
1908
1426
920
2167
1010
1067
445
1603
3183
3769
2878
1186
50
758
741
2863
1633
2343
4495
1529
2358
944
2405
1411
2863
1474
1673
1115
1239
327
423
2355
3781
1870
3423
2303
604
1693
4893
414
547
516
3629
927
1806
338
236
4177
19
3735
790
3085
3608
559
1420
4234
268
1997
91
222
156
873
41
1890
443
1053
3768
1263
4570
1088
1200
113
2328
68
299
3254
1304
4071
2673
873
3013
694
1022
1382
4379
3452
1158
58
1730
1025
1206
1820
2990
1013
314
396
863
1898
697
1337
2202
3210
1569
4
122
1857
2453
2206
1652
1401
917
1751
2243
249
3119
867
1482
719
298
2995
3268
1674
2097
1878
1064
1609
967
1666
932
1241
907
1532
1541
2437
1053
909
3730
4334
982
572
1977
1747
1201
1808
2667
4318
220
1964
1215
3008
814
660
2106
550
253
687
286
2101
1389
4606
727
3401
38
982
349
1092
1819
685
2117
2677
4352
776
432
904
1153
1200
3837
638
896
2500
92
2927
174
1279
367
858
3157
408
2817
2403
1410
246
1778
141
278
1385
2025
554
3083
265
711
1097
122
1473
3002
2715
374
860
2639
4146
1365
522
571
1483
2654
1
2662
588
262
944
2610
4212
661
766
417
406
182
4742
3736
60
1324
1259
52
190
1102
3208
1538
4490
28
2169
588
291
1747
451
1757
2341
1311
3074
373
3760
1588
2062
619
3061
2211
1074
1761
1467
793
3026
2230
1343
317
1584
936
2428
658
3596
346
4614
185
4054
487
2425
289
2112
695
729
2774
178
2656
548
3879
924
1481
1909
1762
1232
299
3564
1613
4716
1046
1245
2774
993
206
520
379
4238
2193
1000
1189
524
2740
417
184
792
100
85
400
2928
730
34
284
1557
2956
152
2989
2908
368
2113
784
2446
1246
342
4069
514
2278
3102
2574
3541
2561
212
2732
787
80
1706
1444
2289
967
796
830
2820
1270
4341
1032
171
1586
1812
392
694
1046
8
1424
2089
2913
113
2444
1638
144
1610
879
2782
172
4948
1487
965
1299
3645
1787
4327
2020
3217
1549
2585
331
2582
1102
1267
3250
1733
829
545
709
1007
105
2552
374
800
2239
3555
3534
1356
384
646
1768
4113
1377
1174
4011
436
1887
625
17
1057
1685
419
519
774
5023
8
663
1729
3933
923
2903
2467
2310
2183
588
2904
678
165
1153
1439
4370
3249
640
1616
2350
1315
2120
1928
116
4054
1202
491
172
376
1236
344
941
250
770
1705
126
266
1139
1930
1206
1905
821
1863
3250
1983
386
545
4770
785
645
954
3560
1029
415
326
1660
319
2838
2206
1333
2701
1697
1495
4020
1720
2431
117
2212
2441
990
1257
196
2638
476
1516
1519
2581
1723
1045
3078
2580
2733
1170
1539
3654
3051
2102
3113
2529
3301
638
715
1859
156
2516
2389
7
2598
4291
2491
1750
1265
1825
4681
2582
2389
2309
4375
4048
1998
1843
115
142
257
1021
1194
853
1127
3343
773
980
32
308
762
1257
2390
746
358
4945
1751
2236
2650
3415
3510
3096
2410
1879
424
2194
449
1596
3312
1450
1256
3581
2873
3474
1834
119
926
63
2033
4401
3423
1401
1028
29
667
737
148
4982
1979
1283
2118
3831
2767
1759
2543
1233
3006
1494
2981
2230
1095
2642
1541
2470
881
314
1266
232
755
275
1661
548
1892
682
1112
2312
2316
443
3947
1058
985
522
2113
1143
2985
3080
1197
190
507
927
3253
2439
59
1311
1304
1608
459
2299
3336
1388
2223
142
199
1754
1338
759
1638
3447
2526
1905
2691
3276
661
2469
3510
1921
852
2036
3045
2359
876
4477
630
1822
1902
4200
1710
194
3150
2709
611
526
1476
2173
2021
3729
391
3437
3003
1103
1230
2239
1804
4976
2625
51
980
545
833
549
712
1287
753
114
92
1307
2084
2082
212
800
2255
289
3335
703
360
2983
1894
1841
2513
832
2989
1888
1376
732
2013
1575
1814
833
1716
2300
1586
1129
2923
1855
1349
2206
2095
1937
840
2506
355
1999
2518
887
1634
154
861
1415
1702
77
2320
3163
154
425
660
3681
2341
3345
2297
3893
726
1017
167
1293
1439
1414
2333
2558
4110
1232
657
578
4736
4678
3422
620
3078
1774
1339
971
1918
1687
1992
368
4561
934
998
3452
1439
1904
305
271
198
1050
299
2859
47
2641
162
2341
1389
1435
311
1104
208
1710
1658
2513
368
4687
2458
1100
1680
1236
3503
67
1246
2858
771
901
2745
1925
1327
2479
680
776
2557
1138
161
1622
1883
961
1310
2033
1600
4936
24
1428
283
154
1741
3246
2632
163
3474
3167
3290
545
4231
751
1174
911
4598
531
544
263
417
998
1462
304
1166
383
68
238
4189
339
3618
2270
3133
1827
345
517
1729
3267
2258
1007
1050
2136
3509
3452
1147
1816
2025
1559
1263
697
689
1248
323
3157
1493
1394
98
810
325
3643
111
3929
3384
36
2688
95
1741
1476
2167
1677
3994
3598
2625
3112
609
4453
1820
3965
1104
594
1804
974
543
3252
3032
1210
1112
142
2736
525
4773
1256
636
40
2139
27
365
549
1762
1869
1560
2609
3703
2348
2217
387
965
115
2008
4056
1016
1658
1533
539
1792
1256
2253
4890
1337
1349
17
774
2249
1129
3058
176
4396
2532
687
632
3976
1714
2072
4826
2435
3802
2162
1560
108
3062
3210
2173
1623
79
625
4244
2635
2234
1009
519
2910
386
1892
1349
2662
3291
4440
3127
1578
4179
1405
1366
582
889
425
1259
264
4369
1089
4161
2289
536
536
512
655
1515
4050
49
2306
1958
2427
1127
698
532
4151
345
3033
23
1583
1260
198
348
1756
1536
1634
3209
1521
3314
2376
1188
1449
1502
1005
2462
3118
50
1810
1955
2546
357
3514
1036
1990
2279
3529
912
611
1498
4918
3288
586
447
1364
631
2131
2808
4246
1294
4409
444
1665
1171
3294
1298
3261
3290
1604
382
661
151
250
318
818
3049
446
855
3267
622
861
1582
2840
989
1357
976
1408
4304
4523
1196
2396
2930
255
2024
1044
1540
1991
2659
1084
2970
4009
1068
2579
2245
2581
148
206
3800
2454
1387
971
3092
463
3728
1941
1854
1544
1431
1496
452
2522
2443
4163
2400
1581
3861
757
475
1846
3158
1457
1983
1837
2732
841
591
259
3257
3326
1911
1038
3164
3562
2175
1128
337
361
692
4853
727
2741
501
4044
526
1844
905
2773
1589
2976
20
2422
1276
1201
4350
3417
1141
308
2317
1693
3187
4125
587
1110
2589
1980
287
2314
462
2869
3469
1870
3357
1981
2674
2124
301
2975
1359
652
1756
1188
473
728
213
1958
443
2376
1618
493
1351
1706
1560
574
4049
2389
2113
1422
327
3065
2811
923
2557
667
4544
1307
1836
1314
1616
2921
1116
2315
1506
1109
3257
1526
3822
337
592
2129
1450
212
602
4402
3236
4483
4307
2887
2363
962
2936
1288
3391
1661
4025
1999
272
1759
27
2377
1869
1522
685
3072
4443
393
2007
2398
2080
3900
664
194
1682
3707
897
14
1326
3551
584
4039
157
614
285
769
2296
58
923
1657
1111
162
2382
1828
1037
1803
1693
1244
3597
792
1880
922
328
411
203
1529
1172
2058
1200
2755
1252
507
1200
1441
3546
574
2843
1986
4154
99
4294
1036
3557
513
456
2260
899
2261
953
1705
4384
2539
363
4387
1457
331
1434
33
1549
2813
1022
1893
832
632
4467
40
725
3532
3781
644
83
314
3431
2087
1769
1258
484
1131
53
2013
2720
2873
81
3430
519
1065
3265
2158
2523
1151
902
887
325
502
2933
3714
2336
944
3206
3941
1855
106
627
60
837
1880
360
2847
327
1977
698
156
3622
2134
995
489
2230
194
1583
3784
3306
2144
1685
138
206
2528
3754
49
1800
1784
4052
2570
1210
4812
2302
2909
2419
1964
2076
2338
1505
3652
892
1478
907
795
3165
3293
1783
1014
1652
2982
441
102
513
3437
1878
4076
745
43
4284
1279
358
2083
1996
1913
577
3649
205
258
3144
468
3222
2865
3059
2258
1766
842
2263
4201
636
2709
1419
3075
2752
1678
1855
397
637
2464
1000
3673
162
801
1353
3413
1810
1841
505
3397
1491
1177
457
2226
579
1956
2458
756
621
3077
2021
448
4685
66
2256
3509
3855
3062
2260
1125
84
1066
1232
1669
673
3281
2438
1959
5000
4127
2859
2010
1761
972
786
90
3297
754
2013
2589
733
4890
2584
704
978
4400
12
568
1234
2652
2226
2024
27
2985
3195
2028
1624
623
2561
2885
961
1797
795
2713
3334
1446
1049
714
67
4255
1226
341
2033
1738
4503
2705
1740
1636
1998
621
577
1208
3454
1263
2679
2360
1515
552
488
1835
1732
2077
1184
54
1827
1286
107
2088
65
2511
4051
107
4010
4679
496
3288
1813
1248
1007
396
1081
1439
5233
896
355
987
801
304
1222
95
3721
698
1672
1856
3594
287
4033
1099
2715
3310
1780
3877
3308
2022
2623
1505
2101
1462
306
200
3222
1122
2915
116
2387
1464
2261
1170
4297
852
1511
2908
1672
2234
154
3470
361
1502
977
1275
1958
694
1684
1951
408
4228
976
1404
60
1903
186
2150
3466
1022
434
821
3721
747
2341
122
303
348
3441
137
1177
2586
2572
4188
744
1281
161
27
671
2627
1826
1583
1825
2228
246
2788
3854
782
3813
3667
367
974
1004
2568
112
446
483
3725
417
2891
1433
1380
1938
3777
1235
2181
4041
2121
2520
164
297
1770
377
1128
2310
1451
3182
1153
1260
2061
1591
505
1121
190
3297
483
4427
1579
798
597
492
413
1891
2345
510
505
2009
1976
2433
3061
4107
1964
107
958
2016
384
1631
2094
3801
2204
1518
1486
600
3605
117
280
2587
2777
246
1783
1486
2175
1733
1659
510
218
1255
380
2374
61
3216
808
1516
1543
100
1956
161
371
1297
2076
382
2694
1948
4188
3035
3096
393
3220
311
4309
2021
2510
2145
1594
3571
1521
2477
1038
485
2381
4646
7
4849
3532
61
1093
3086
1023
240
2651
840
60
69
2791
270
3947
838
4019
3763
736
725
1444
2896
2311
1292
3522
262
1279
138
314
3814
624
2252
2247
1624
225
1770
2934
2087
272
4151
4623
3169
1755
2864
2188
1854
1258
4689
245
709
4536
4484
2880
1175
897
1
1292
1508
4186
750
4027
3410
998
1326
1229
61
937
1656
2470
1323
480
1348
4095
229
2365
592
2475
2332
1289
5054
1926
3418
1210
3786
4401
2257
521
938
779
1576
3389
324
963
1586
2671
4007
594
2079
2596
1766
366
481
990
3017
2234
4547
1622
2772
2833
1509
987
3454
3299
447
1
1566
2780
2768
895
3149
2472
1570
4439
1351
1934
3821
476
3111
3599
1832
470
1770
2350
634
1962
3452
2610
703
959
325
336
635
4770
28
2380
3787
689
1917
1399
3108
944
1895
2949
4011
752
3383
596
3370
1884
285
2526
398
3072
4364
790
94
447
1826
2761
135
554
3698
2878
872
2486
286
334
4020
3042
354
1345
1208
1548
1908
813
3844
292
249
1303
1863
384
1081
3778
1331
755
905
499
638
111
1360
2136
4343
1223
826
1759
266
1823
1259
3490
2922
4015
2661
235
4732
2262
1997
3633
4744
812
407
1755
3212
3413
855
642
1041
2777
1950
972
1199
5258
224
2475
4098
172
3760
2578
1594
3171
582
3633
3404
1896
274
2919
36
3859
883
1042
2413
201
2581
832
1869
292
833
422
2378
1319
40
1562
564
564
230
4994
3757
2690
277
3490
4617
4007
178
2092
739
827
91
208
44
1734
2610
3328
395
901
2398
1339
2532
358
4182
119
692
1484
510
245
1728
134
2776
1460
140
2556
812
1634
2110
2873
4593
1088
2697
1856
1560
3080
387
1850
3526
118
3996
443
3243
2972
4384
1362
3107
1872
2335
3361
367
4766
196
1168
4461
2206
1184
3679
200
1432
163
530
2593
1617
1418
123
1829
2099
317
3656
1628
2036
1617
2262
3564
3882
4201
4271
2348
2854
2012
1061
12
5503
3108
2428
1342
832
443
682
1528
650
814
547
152
1557
766
3112
968
2172
224
356
2513
2453
2376
1575
980
519
1290
47
31
3606
396
3786
4274
1936
1064
1391
1253
3459
224
1734
1067
1666
161
1699
1352
556
2371
890
1887
4359
1870
1998
148
1268
2967
1356
882
4002
2446
374
4667
180
618
5478
1839
3217
2304
749
793
2837
2668
231
297
342
1809
2021
2008
3509
2026
1821
500
3495
221
2275
1012
2644
165
4073
1382
3443
3638
2041
1800
3927
44
4932
884
3690
507
2382
3650
4314
23
1482
1947
4590
138
828
4176
652
4536
500
67
677
20
540
3221
2222
1693
3565
749
1654
1965
1543
903
3402
896
3666
1018
835
308
1505
1785
5126
427
2060
2995
3683
3419
296
1033
2911
500
255
807
781
172
2989
1409
606
1762
655
2469
2336
2817
2136
4287
2366
459
2405
2799
1393
1237
2700
4142
4318
891
3663
1028
557
4392
1292
2437
486
81
645
623
178
2695
1505
3622
639
52
2101
1648
3273
956
3467
495
3200
4932
2859
1261
2015
1810
3284
82
1873
1502
174
1130
3924
2661
1110
1
730
859
280
726
2164
618
835
521
2284
693
2392
262
96
984
3201
2360
1171
2655
256
2919
2652
3042
5065
3314
1457
1848
3793
966
3062
86
621
593
4104
1567
187
4670
1758
255
1450
1186
1585
264
576
25
1579
1955
1947
184
1261
3995
3057
1569
2304
398
1241
1128
2868
3327
3839
501
2807
1630
1374
341
134
2386
463
1496
5434
379
215
715
4378
4767
2664
1849
3880
2115
3264
13
1406
1419
3908
1643
274
1828
4522
299
1132
1784
719
1578
3422
1390
1026
595
972
1642
816
3282
1122
4616
1923
523
574
2274
1653
3594
1327
939
167
4864
4011
611
3234
3626
4786
2857
916
5253
3814
1594
4154
3134
1355
817
3142
1719
2304
2316
1680
661
1416
785
881
2591
2928
527
3123
4437
27
1101
2040
1458
2875
594
1018
1076
3700
1381
877
1779
3708
1484
718
2944
1958
2205
1065
3059
1759
2514
796
1940
1557
187
182
1649
3698
4166
1340
1700
2226
371
2124
1044
549
2477
3473
1935
591
81
1548
2591
3993
415
130
1239
2191
3554
327
2969
688
672
2370
776
3837
2114
1772
1814
2944
2202
29
823
725
1783
2029
247
3994
237
875
2103
164
16
61
1866
1656
258
125
4757
857
3425
389
75
1584
2237
2653
2486
1572
599
2975
1444
733
1060
3245
703
1059
574
7
4955
135
5009
2990
206
5566
261
236
2920
922
3089
863
5680
906
639
1563
3362
1156
2500
2776
252
1861
2146
750
295
3206
327
1341
1150
5197
939
1354
2797
650
1870
601
3268
1573
4231
60
1496
416
871
2091
1554
1169
978
1938
4249
658
53
204
1123
2352
760
970
3295
2825
4212
912
577
1434
563
4132
2344
3102
710
5072
1288
2578
603
480
4058
1350
2924
239
3253
3318
1384
613
3667
1545
4826
1898
1913
2011
2611
1012
4124
1182
1600
3643
203
3642
2579
2161
3707
1426
1177
2446
1299
3864
1227
1075
517
3445
867
2132
752
2009
3560
1699
2773
2858
4347
203
730
1743
1893
146
2399
2450
2508
601
1797
1135
2035
517
747
1406
1169
2874
1749
2939
2974
48
1955
1135
2815
3194
645
4988
173
1079
1129
135
4507
782
1229
132
1251
680
936
3856
2573
408
364
272
1172
16
3266
3043
3695
916
2610
2609
3438
1916
1955
3389
1088
1709
790
1099
1186
2546
4818
80
2311
884
1375
2985
629
345
851
377
417
2081
3243
1550
1163
3672
3589
397
783
2629
569
2157
3539
485
2011
695
1623
1388
2375
3478
650
1450
4250
2593
1943
2096
194
1477
4673
1481
464
1700
2603
4229
389
1273
538
2211
4607
978
1135
4014
758
1302
1014
1187
2319
782
674
1612
1383
1497
4827
3891
1109
4216
2503
2974
1491
1362
395
259
5416
2471
1258
1910
2251
367
2734
2937
784
1852
1076
5420
521
1644
1529
3638
4738
726
1667
293
1452
1947
3132
2214
567
2243
329
2212
979
783
1650
1254
1528
1650
610
2397
5540
1118
1241
3587
2966
2930
2956
1177
495
3268
395
2924
1491
3303
592
2653
29
89
1572
2925
2114
899
5386
2197
1673
1061
2543
2497
280
4162
1956
183
1302
1440
1541
946
1268
2470
904
1077
121
5182
109
4522
668
1766
1596
1932
1644
2260
3107
3889
164
1447
2797
3291
449
1682
544
83
622
2880
549
157
1536
1408
3102
2382
2796
946
1258
191
1543
2625
826
2510
1179
611
1327
377
4242
796
1424
995
3996
1536
179
2398
247
2439
3796
3790
3738
126
800
1947
2910
400
349
1629
324
1580
125
2166
2802
2273
505
382
4255
486
396
2356
100
1996
1977
362
3529
3927
1980
250
2057
1283
671
2325
3475
839
2014
1777
986
9
2350
92
5183
276
1070
887
1715
893
613
3253
2603
5022
300
648
3017
763
1219
4048
10
1091
2644
4105
5025
4571
1289
1866
570
671
2723
1566
1461
2447
4002
4434
1538
195
3261
1404
650
3533
2870
1790
2306
1770
535
459
1341
5290
2617
226
95
2365
2979
1374
1393
286
152
2574
1031
1288
1644
2742
1658
306
4573
4560
85
1468
5513
584
309
654
4525
165
2558
732
2911
1545
471
86
1203
3103
1677
1705
96
163
729
101
3426
967
203
63
1886
2510
3309
2674
4780
3772
1517
2374
1393
19
1901
1392
5488
1180
2981
2977
1023
3630
2085
400
4648
1879
2853
1808
144
495
217
813
3169
765
225
1047
648
2770
3654
5285
1923
942
4810
438
1443
2701
930
380
1948
1613
823
1427
1152
83
4231
2907
273
424
3618
2525
1124
957
1608
2201
1617
1140
1318
931
476
1292
2074
76
2220
243
971
1234
1671
4193
1562
4373
861
3882
2753
1595
1218
165
3972
3729
3196
2544
1205
1732
1480
3802
1667
2210
2290
1418
508
3872
350
108
2488
2538
1506
611
2369
3262
270
805
2740
690
4907
1114
15
2874
1691
372
1017
1903
2477
2749
240
962
4218
3943
5050
3355
2584
815
1401
1668
1068
1954
1269
739
873
4775
306
3958
30
741
2461
2198
4406
1012
1987
1998
1443
799
536
3565
3842
4203
1428
621
1404
296
3712
2794
427
3774
3440
209
5480
2415
3910
30
1622
993
1455
1322
5268
1820
588
2111
2817
325
3544
4914
4658
3403
2409
215
559
3841
2997
460
2704
892
4053
2060
835
3951
907
125
2865
5001
2294
3672
3612
248
2673
2571
135
895
973
4114
2739
4028
1201
1587
840
2532
1001
2970
3003
186
1314
5121
1673
2508
1878
91
248
4040
1602
252
1068
700
2408
134
4915
1283
16
2638
2157
1513
2784
575
167
1046
3154
2149
189
179
3407
856
2562
1946
4230
4493
580
134
1282
4291
2502
2572
3695
1618
1908
2302
5047
1914
5335
4453
4168
1396
2242
96
1031
1421
3283
2004
865
1223
28
3050
1609
2349
2532
2165
2756
912
701
1334
922
3565
2932
1192
1556
1295
3867
2903
3594
3762
1022
752
728
182
1219
1568
2436
2627
5723
1370
4245
4541
3327
1784
2156
4174
775
2023
1105
2991
1313
3765
1693
2370
574
4435
541
1531
1956
562
149
1584
5102
1335
4300
214
669
2908
3174
6
2604
2692
1036
1375
4623
1950
2111
66
3184
1087
1302
1125
2507
2100
3330
2210
784
2479
1048
3901
3361
30
1491
571
2205
573
4190
1072
182
2463
3827
2363
496
11
2489
220
2756
1065
5656
569
778
156
4963
1674
2843
814
1221
3667
4292
1278
3384
688
2562
966
9
2078
2340
2499
139
505
144
202
4828
104
5462
2360
672
2291
1972
1292
376
1668
1324
3711
2038
2715
882
1463
1280
1799
1279
955
2401
2066
1242
3384
497
1435
3064
2400
562
70
1019
1450
1626
1345
3083
548
42
1428
4592
14
302
2327
357
3366
116
1833
3777
2991
1599
1220
2835
1554
1836
48
338
89
711
315
5593
584
4065
2516
3715
2240
676
64
3762
239
3892
166
534
1616
3384
782
334
1178
5048
1876
2980
4302
2649
2114
2693
2244
5244
509
607
899
5222
1726
1793
2542
1539
234
1404
1954
5269
207
3545
2730
275
2747
715
2783
2465
171
832
3193
760
2474
998
446
3554
3457
1521
1088
1422
4126
891
410
2400
64
2127
3350
1447
501
3335
691
601
130
2092
1186
1114
2759
3481
1759
3839
679
774
4366
4098
3728
3972
977
538
1069
2474
3820
2301
5372
1267
3612
1653
4440
875
2663
761
2547
1324
4436
1383
993
2783
1133
288
1608
772
5116
124
3396
3408
1048
1514
3159
83
2643
4705
2460
2850
3811
1049
454
797
969
660
52
425
1503
739
4073
956
1113
548
3052
3629
74
1325
2776
3655
430
299
4477
3506
1642
742
1303
2355
1435
2036
1000
1460
930
1375
751
1602
3449
2224
895
240
1979
1757
2700
1092
836
236
2678
1801
289
2733
1424
1081
1935
1675
3264
2021
2681
414
246
236
915
2928
2971
2755
1706
2259
2359
3431
1687
774
1381
2353
1303
252
4634
2498
915
687
353
383
1348
264
3777
1439
2847
513
2229
1073
848
2381
1423
2828
3762
420
4903
696
2542
1775
3434
2042
3121
2761
3605
1121
316
375
1357
5174
4024
292
3810
1827
1091
1162
1906
2404
156
2303
56
5279
3898
4635
1883
2592
3001
3330
134
3099
4884
2544
212
3890
3764
897
2433
397
1536
440
1165
3204
713
4063
563
1408
1308
4164
1529
3802
4907
1881
255
4983
52
2226
2559
1867
1355
4494
3079
1823
1991
2098
1810
489
751
3790
459
2600
87
174
590
5180
260
1994
302
543
160
119
702
1831
1545
4175
1524
2281
5167
1731
3345
1269
355
1367
32
3846
1392
1847
1064
1596
3033
2103
2861
4808
1907
305
4882
549
1378
4143
1225
1082
2706
4401
62
1518
882
4305
1311
1120
914
447
1274
327
1539
446
173
327
2285
134
1590
3637
3672
3368
2229
519
856
125
1740
1953
272
1766
2918
1180
48
3767
1962
3010
1607
93
2977
298
2302
1295
2554
1293
2548
2777
1067
1975
1918
1358
2254
1288
5201
2254
1063
1159
1831
2624
2941
4298
4789
343
2465
1421
2511
3117
889
2217
943
3793
1768
3508
1464
1958
446
399
1147
2065
340
450
1233
2328
98
4145
4095
2808
883
1538
3450
758
775
15
1559
2512
969
3075
1953
2617
297
1533
1766
3388
4143
1690
4499
3385
4062
3640
1870
32
355
2296
802
4086
541
2308
2238
1188
4357
113
1058
2222
2072
628
1822
561
706
4295
1622
5023
2002
1524
3194
820
2441
1763
750
734
2715
1245
402
1321
2571
1626
512
351
2917
5737
1375
4674
594
3457
837
423
3018
1811
1082
1319
49
2119
128
2874
2743
404
2028
3832
1308
1120
69
1024
4634
2621
2830
1605
636
2993
94
3406
1658
6
719
4772
2303
1492
3737
2498
1818
2584
2960
1733
775
25
1641
5086
2151
2912
1821
1826
2562
902
2604
147
382
1563
1127
2349
6027
2323
526
96
2301
501
2277
3638
1950
2133
849
870
2533
1146
4459
2362
2919
2470
5057
481
2802
2386
1243
812
32
1202
330
4656
2000
158
1924
1298
1924
699
1429
479
300
715
3308
1129
4480
616
3301
228
2071
1116
363
1588
93
3638
1804
2089
2830
1619
373
159
1461
2421
3754
1491
1767
3109
371
100
1824
684
1157
933
2127
1831
4747
2534
2990
584
522
3226
3165
3179
1087
2874
815
1216
2579
1308
4375
1286
4469
1475
2852
2257
3193
285
1172
1501
23
139
706
2420
852
2600
3755
700
2591
4668
830
3993
808
512
209
4933
4907
944
687
1442
4741
3693
3264
802
1794
2967
970
4137
366
431
908
2001
1011
2716
2887
638
5030
4160
5506
1397
2835
869
1028
153
2837
1519
1239
377
2371
3484
1071
1258
796
3577
3001
4125
3500
3410
2507
2886
1421
467
2885
738
310
3100
998
1041
235
596
4884
4761
34
569
2862
517
3288
1515
2780
3922
1342
633
453
764
547
1380
1112
1399
1954
2471
734
3453
4077
2729
895
570
2255
598
860
5603
1718
2306
1577
4293
1826
1791
1702
2409
4514
667
130
5492
3707
3166
3155
1321
4716
12
693
99
26
3859
492
149
2615
4260
2922
372
3625
3408
1671
2107
669
3743
946
295
840
2369
5186
1833
5335
2563
2535
303
3246
4345
5067
698
1515
1529
1372
744
3395
2899
898
3634
387
286
1531
2239
710
45
2186
175
134
455
1975
1003
2386
5413
1622
1349
4294
2413
990
2594
1038
977
777
4095
1918
1741
135
1145
4181
4786
5028
1241
3014
2573
3102
864
2344
50
2356
1048
147
1789
2493
1472
370
397
357
1710
2153
3081
4655
2888
90
4231
829
4030
1255
1385
1457
4255
4950
3090
1341
4079
2121
4133
2003
3076
3909
2774
289
2628
898
496
416
862
5367
4534
5198
508
2992
2915
2296
2765
560
4513
641
4485
1427
1753
110
2076
4338
4612
271
5268
3943
2335
1605
1791
2824
3690
349
2321
1023
1503
1320
1182
2503
159
1373
988
923
2729
2608
4515
794
4610
1094
3973
2670
975
1752
669
2383
2473
2120
2058
288
4931
1719
1209
3656
635
4585
2476
2498
703
3858
3028
1507
1318
265
700
1123
105
136
2639
537
1451
860
5802
949
3536
4665
1807
4914
2334
1506
350
2528
3256
2933
2860
5842
3521
224
3086
5124
2292
3734
2066
78
759
55
5311
81
502
538
1552
3545
444
43
2099
4075
3214
1477
3480
1534
2910
176
976
1591
3906
1467
3708
2219
599
2305
672
1490
2017
3771
1271
1771
3818
3298
454
3143
2167
3215
3693
1509
1995
284
2891
830
960
205
102
902
5161
1987
365
4425
2346
3340
352
48
2454
69
847
2812
969
3058
2701
1289
2593
1045
322
3006
2193
833
4051
1873
2323
2893
1453
915
786
4009
3219
2139
5094
292
2050
4851
2252
2873
1548
5495
1319
88
929
247
5515
49
208
3054
805
633
1816
511
1856
448
783
1471
1575
1186
3146
1537
3547
691
4637
1140
3711
10
907
2087
5119
4779
6140
1290
601
3479
16
530
3891
2444
1257
2173
3256
3209
265
3615
4701
4666
2629
1704
2737
5222
243
597
746
2996
2573
1597
5484
1712
4507
2225
646
1110
122
980
605
113
3068
3225
975
4433
2561
75
2367
5650
2589
3481
247
1309
2936
1327
3035
4446
120
1930
489
634
4383
2119
603
2306
2236
645
2289
4272
3859
1957
5053
3001
858
4248
567
2765
1642
1840
1521
1706
4734
1764
242
3771
1074
3924
4285
1780
5978
2383
977
171
1617
3453
1049
2291
2735
4099
659
3883
2604
2019
1289
471
4795
906
2809
1101
2030
3626
574
251
3293
409
1669
4426
707
1409
1316
794
1583
4420
1087
3479
2444
2353
192
2878
1608
2482
586
6194
507
4729
3882
3623
935
2271
3798
248
1444
2780
2674
1146
132
720
5219
3316
3978
751
2547
4820
920
5273
657
1731
4147
3936
571
2558
5766
5892
2614
3453
1294
618
654
885
774
951
3588
1283
937
4105
2957
3941
2464
3514
900
2631
3188
701
2222
5517
2243
859
96
1753
156
4205
3316
2067
90
2009
1288
5024
655
137
206
579
196
3809
3446
792
2434
2113
259
1287
599
4728
1035
344
938
943
4482
557
583
244
2786
1154
5188
412
3024
2768
3494
4311
5967
545
3734
3910
2011
1405
491
504
3096
995
5919
2588
5794
1820
2297
847
4013
3099
619
2599
422
2957
5727
1256
2491
4087
398
553
2940
2391
5722
3774
4196
71
1921
1719
4909
219
2529
1613
1187
4022
4534
46
883
50
303
2048
6045
2000
5654
2777
865
930
3178
4150
3932
448
4050
4020
1333
816
1201
1489
3323
1940
5771
3735
14
1370
1106
1467
250
1161
1779
4434
538
4438
1403
131
2987
1580
2636
1667
400
1297
4955
4590
2614
1461
558
1555
3416
4060
186
2007
2006
1096
3448
135
524
2792
424
62
219
2686
3188
2779
1123
1171
2433
4132
2602
2104
642
1462
1167
4963
981
2068
350
4687
2547
2852
228
3289
4654
4222
2640
1566
1474
2418
2550
4745
2819
1039
5653
1052
4171
36
1111
1194
4409
1873
541
1421
4480
2218
462
3397
197
258
875
610
325
226
3851
451
607
2375
1075
5051
1232
3873
3008
3689
3037
1329
2170
1874
642
3004
3028
649
307
3544
634
2080
1279
991
3188
1047
2872
3202
4552
1434
2081
666
5366
1199
1708
5067
2248
2239
5988
1762
1406
1861
1219
3131
1802
1377
2781
1909
3296
2033
3881
410
1510
88
709
704
387
4410
365
751
2452
2179
3041
2150
499
297
683
1565
339
3692
3548
1530
1912
2856
1524
2684
3439
2530
1662
1689
314
2399
4229
4709
3990
1676
927
2827
471
2118
2212
3210
81
2278
3650
794
2081
2833
2161
2933
1027
3802
2737
164
1571
3804
634
2661
2499
1881
1540
452
3549
4323
2505
1558
632
1480
2567
2380
1801
2784
6042
787
1935
2823
2075
1028
1692
263
234
3022
635
121
3754
3555
3273
2404
1701
663
206
1974
2049
931
458
82
2115
855
2216
1711
4210
707
2842
2073
1378
1811
2611
605
663
44
1397
2397
1503
791
386
4361
1220
164
3355
1419
2629
51
2350
218
1313
297
2985
278
983
3309
62
842
2078
1528
191
749
661
2016
4325
3882
462
4852
1557
1602
1553
481
1622
5301
3275
3000
4776
3525
4886
2434
4356
2649
4308
2634
1775
2770
1608
3725
823
3699
6117
3927
230
1103
2510
2252
68
550
338
465
1142
4656
1074
115
3223
2617
3461
1219
3778
744
5023
3982
4962
2253
1812
1731
777
3973
2216
1613
568
908
5245
3100
1789
987
1354
2417
321
1931
4280
3288
225
436
4608
1768
1652
801
1371
2047
4997
2573
3359
2015
756
2666
956
4228
1560
201
1495
484
3275
1693
250
4699
2978
658
1848
4603
4552
127
1462
505
551
3602
137
732
610
3385
4548
2186
245
875
239
383
6380
1983
882
550
887
1940
2501
1781
1671
925
114
2026
3599
3940
3900
949
1596
2937
104
1751
1722
4031
570
3599
1983
1608
1690
1050
1707
2427
654
2953
2948
1989
252
3040
3938
2258
4736
595
2693
2783
1958
1063
120
1883
429
2456
619
566
2251
1231
1852
193
2861
3818
446
351
5636
800
732
66
686
2031
4081
3988
500
2617
548
4704
594
3105
2475
3323
1051
419
1835
4401
1698
527
1152
2501
4143
896
650
2357
905
799
932
447
2835
3410
3788
3839
5764
187
3409
3553
619
332
1080
5481
2451
1704
5674
3360
1643
838
3025
525
1064
4067
1733
2648
2197
2637
3462
28
4786
534
2370
123
1535
521
2461
4793
165
729
3237
444
3525
2597
4523
6012
1132
2448
172
305
1784
2299
2575
2096
353
1039
5398
132
1291
702
966
1969
2949
4032
527
1377
5335
3448
1028
2850
997
1348
1191
1520
180
514
3123
1404
3687
2205
4386
2487
2896
106
1483
1422
616
593
2366
1444
1053
890
2557
2653
290
184
4847
4133
6175
2976
1649
2597
4699
2250
152
1680
1901
415
1794
1394
1313
1442
775
45
1022
123
1873
654
1790
3294
155
1177
1522
857
3015
1910
3186
4353
327
356
4027
1726
4192
505
2524
4845
769
1518
1759
5336
2555
1403
2573
3632
1556
2136
3164
2557
436
2680
4729
113
4100
560
1769
979
1830
5402
1182
1362
2879
2133
1660
21
4045
1410
1493
2091
1121
358
3589
2713
4283
6037
3384
3342
3013
783
108
1407
511
2334
3818
1027
655
4985
2798
248
2412
3143
2672
1970
5747
1778
2129
2901
3380
2977
5240
5009
272
3358
4426
1756
5312
248
4300
1747
2795
5459
528
440
1072
4030
1914
4023
750
1545
732
4707
351
659
2088
380
4236
4328
1826
3281
2723
3015
1923
2944
1599
929
2998
1684
245
351
1013
2346
1598
304
539
2386
5361
119
873
5413
3373
1485
895
3615
2313
2398
948
3266
219
2276
998
1670
4571
3577
3095
1540
384
1480
239
2516
3228
2749
759
3519
1491
3473
2289
3680
925
1235
6453
1933
2849
823
332
3108
1368
1824
2310
1198
2736
1646
4890
685
2962
402
1472
3241
2693
3085
542
1550
1895
5287
609
1228
5316
2655
5745
3428
635
3042
349
4394
1609
3112
1498
100
1939
4319
1196
879
226
278
1498
1561
52
105
143
329
1536
4511
3263
946
3101
1809
1167
1459
595
1755
1868
448
636
1562
1462
94
973
3714
5337
1029
4833
2406
1274
2447
4001
3344
1481
6091
1965
4637
423
5363
1859
1940
279
1737
1489
232
1559
1675
215
56
4464
4549
1642
3605
1614
1513
1324
443
5051
1032
2042
1258
2492
1695
1596
843
405
2662
816
3025
1409
4536
3629
4048
124
3487
412
1004
1048
925
89
1048
566
1500
2997
428
1426
1258
4551
188
3931
1637
4468
170
4531
5515
945
1807
454
144
1823
190
2066
4511
6001
4660
4410
1375
839
2249
3157
2774
3137
876
4571
1381
714
609
2150
5962
11
225
4639
899
1907
3527
5647
602
4089
1955
3480
1328
3746
3005
983
3401
1614
1064
673
1485
645
4908
3083
2699
3471
655
5099
1092
1490
5704
3257
5173
833
502
3302
3023
1118
2684
567
885
2458
4274
5122
2029
575
2634
1700
2711
1092
1211
2505
3372
2151
428
2071
611
3382
2715
2700
1781
4642
624
2675
324
465
5150
1261
1769
2515
235
246
234
399
2052
825
4411
4041
3620
3352
1011
3565
3172
4756
572
875
6260
3032
3727
2218
1913
2382
4824
2182
4466
11
1513
1200
2086
2846
2125
202
671
2766
5297
4177
532
71
1890
1497
1880
1362
4218
9
2256
83
1514
3531
1362
3388
955
1972
753
2231
477
863
2674
1265
2191
1233
5534
2101
127
3648
367
712
6713
408
1367
4768
774
279
618
4993
2503
5476
2128
4377
3855
918
312
2533
821
3900
1761
4383
698
570
2996
4583
1085
568
1072
1589
440
4542
1208
284
4675
2539
845
395
1159
3293
93
715
2100
803
2018
2994
839
0
3302
665
209
947
4019
386
333
3620
2399
1332
545
4815
169
5392
1761
3815
1249
950
672
1096
1642
1970
48
2372
3193
35
2209
1661
174
2271
2481
1724
2831
959
4213
2086
1756
2147
1882
4894
1562
988
1047
2331
1473
1687
234
2820
1850
4707
1685
1585
3737
2047
152
4722
1969
2869
1567
327
663
551
1562
1783
329
1140
1496
76
905
608
1894
1846
1359
4559
1914
231
1490
3482
1094
682
957
928
4434
1174
3365
1150
944
2275
3630
2122
2304
2800
2373
1016
5563
2120
2042
2241
2549
859
979
839
2737
2673
1023
4319
964
3481
395
5383
2792
566
713
3088
5380
1810
214
491
1436
3652
4553
3904
2741
4011
4153
5269
2829
1389
427
429
284
2281
3713
3413
3694
1514
1473
44
3595
4181
1707
2926
2330
1354
259
1303
1147
2927
4147
613
1455
3739
3668
4220
2842
973
2133
1235
4028
50
1185
773
421
2603
2589
2140
1129
2960
921
2649
866
864
576
4610
1613
316
452
612
2
656
1581
4263
953
1629
3211
5253
81
232
2983
1154
1005
2741
3447
2112
4437
1447
4012
1652
819
2542
2296
4259
3185
776
1115
454
1019
1549
4887
411
4997
643
3661
616
777
2705
333
3388
210
113
1904
946
4265
3571
1471
5524
84
4339
1635
761
3573
3663
2393
2866
4960
2028
700
2947
3958
3661
2120
2462
3919
544
1741
1184
3427
2066
4832
1541
766
4714
6399
4208
295
633
143
1047
144
4797
451
610
2089
3908
1032
3926
3526
670
738
1439
1367
1558
2098
364
4088
1788
2910
3986
4793
188
1824
892
1537
624
1425
450
432
2703
1027
867
2890
5370
623
2871
2390
2603
1328
1421
2316
759
1858
1156
5025
2264
1525
2235
429
4451
984
1893
246
1057
2811
6004
941
3873
4473
3985
6050
3568
792
115
4010
4885
866
1288
1160
1164
633
537
2987
6075
2831
2537
5589
3213
4388
1747
754
3034
2613
4153
1822
5038
639
886
3028
866
253
2527
1774
5020
3631
5652
457
3003
417
532
299
3133
1643
2367
110
2133
2293
4794
1190
1183
708
788
2672
2176
167
2250
2958
36
5109
2036
4247
4045
1126
518
1763
2237
829
2850
2759
1874
1727
5055
861
3023
765
3093
3138
3712
3957
1774
2142
4883
1909
3381
1537
3733
1175
2076
4134
2925
4733
3617
15
3554
301
208
2900
3756
2344
557
2621
1547
3958
768
701
3574
3832
2533
1823
2343
3401
1946
340
4174
801
1827
830
1707
1549
3112
603
1981
1687
2181
5864
794
4477
1101
4603
303
1231
4308
514
1467
3093
389
5515
1793
1493
1566
677
1397
2561
810
43
3574
2
1280
1604
431
2380
19
2243
2863
3413
3622
2025
1328
5502
1432
2091
1311
2119
663
2834
3424
3927
6180
6877
4698
795
1700
1212
423
1943
234
3898
3675
2640
257
4454
847
1323
3178
2181
4592
101
3106
642
3829
1020
1827
268
909
4891
2755
2657
1276
1213
133
5426
254
473
2728
4309
3034
2523
4312
796
170
4033
2045
1400
698
6115
3540
1452
2990
4940
1040
1973
798
350
2481
3477
5577
2821
2531
1396
2779
5832
5137
1106
1887
523
3067
1567
2398
145
1487
95
593
721
3838
772
606
1374
1415
2756
1903
1084
892
2648
1025
5132
3055
3908
1312
615
230
6673
5135
3368
3430
1960
500
1323
835
648
1137
274
1223
3249
1149
1964
1185
3514
4573
814
4553
1175
1750
748
2347
4785
6025
4653
924
1555
287
4150
4480
2222
1337
1677
2913
610
1442
4232
2877
3147
813
2832
1819
5375
3453
1274
1085
824
1381
1745
3740
40
3216
2497
1858
2148
1215
2540
440
276
2884
4411
621
284
1872
4773
1003
4023
787
3746
3846
3880
1128
2703
304
4738
1328
1126
2278
3398
3811
1881
2433
494
1967
3676
306
1942
893
5093
4249
2413
4275
2234
2610
1192
1773
1708
1632
1813
35
6068
3165
1012
4220
4871
1862
5167
4280
2142
5516
937
1970
1684
691
2496
432
1705
1617
1392
1386
5098
3300
1809
4007
292
5851
2399
1062
2058
3138
2723
1921
3174
4894
4195
691
999
204
3753
824
1623
1884
4743
3195
3151
4318
2115
486
2310
3005
3984
39
682
4431
3033
100
2486
3417
2085
457
1982
1006
1866
483
2522
508
814
2552
5087
618
2889
3649
630
618
4101
228
196
3984
2342
1288
3381
345
895
209
3893
123
4984
2067
2661
4004
4448
452
6367
2234
3007
3351
3749
2571
2942
3638
5170
1358
3715
1219
466
2701
4022
5666
140
1627
1384
606
699
5807
1436
3164
97
1451
1406
373
1724
4428
3426
957
4771
10
2091
3758
4204
14
1182
75
2783
1666
1103
1136
2591
2148
2745
1684
4329
3599
79
240
1083
4064
445
1466
1935
3478
1806
1519
4366
747
4318
2951
3734
1866
2372
107
907
2507
1669
353
246
1599
3445
1316
2738
1872
1885
225
4003
3288
1151
683
6335
3723
4687
2626
3935
5660
186
6450
913
2985
1658
4216
4652
752
2097
998
1476
4365
3386
1149
429
1524
6110
1285
858
6281
1260
476
6657
2385
2259
1015
2190
3321
4009
414
733
2777
3066
1394
2328
583
4873
5303
1699
2982
3798
5269
977
2853
2097
3619
1846
2898
4229
174
2289
6362
2616
4695
1398
1996
6194
4674
5214
5338
3689
856
1464
4107
2457
3310
556
1132
2349
2618
1346
821
4849
289
2627
2886
890
208
4468
26
2099
2068
2339
2161
2378
784
664
1894
148
2423
5822
3841
2588
1856
1037
2290
747
3420
3005
348
96
2513
429
1872
278
5032
4369
2194
774
577
1637
1183
4916
2875
1045
699
4182
2426
5360
717
719
1145
3998
1794
1839
275
1071
979
507
2757
6963
2050
1466
1522
895
2224
2954
2197
2358
1187
533
1358
4503
778
2062
633
3643
1049
2516
2590
1054
3500
6266
2863
1847
2398
4280
1663
4017
236
4890
2862
100
257
2337
1363
354
693
2232
444
1163
4647
2830
2759
796
3604
779
3309
3134
3245
2218
71
6024
1461
1520
1869
1097
2037
2398
1667
5433
2779
4833
3201
1242
4114
5231
4182
394
906
1654
1470
181
1150
4997
4684
2692
2078
2715
3522
1658
6061
2105
6826
310
1683
194
1940
964
3069
1181
2821
965
3358
549
4146
2559
1172
4103
5671
1077
4818
520
367
1075
3021
3186
2660
3838
433
966
1700
529
3018
4888
1376
1837
927
4045
1266
149
2296
1419
6032
4821
5060
283
738
3624
3981
847
2589
751
1991
1398
4385
731
537
2371
2500
107
1439
1604
4149
1970
123
336
2158
5785
3159
3098
636
755
124
3
2575
1534
2114
6400
1041
2051
2302
1029
4171
2506
3076
1308
4704
143
2436
2344
2434
3609
2645
136
1508
475
6548
2794
2386
1334
2062
752
1483
2733
2391
4093
3573
3138
2768
1525
4598
838
2729
3291
5067
563
4038
5229
2064
3883
696
359
2645
2145
1323
1503
182
87
1167
4656
1626
1757
1856
2638
2191
2565
2542
496
3655
647
439
2002
1593
4842
2631
716
3748
966
1226
3181
4048
1424
5192
3787
4338
3875
314
694
2160
2512
1096
2412
2702
5192
3417
6417
2007
2054
1302
1842
2842
1107
846
341
5103
4353
1730
1948
4844
241
6016
4441
1020
749
2531
1551
676
971
1764
4560
4905
3595
4223
1403
53
356
3890
854
440
5727
4180
6529
263
3533
1004
3833
2923
2381
2938
1312
1044
3303
11
4356
855
1213
3961
4392
3916
741
639
4565
984
2487
2164
221
4503
10
1658
280
5287
5886
5228
3266
1061
6266
4193
1665
3543
902
1228
676
4084
2008
6528
644
619
1885
3870
456
7103
5327
1230
2441
1123
3066
4727
71
28
3219
2082
3491
952
6526
404
2515
2521
4918
1606
734
507
5112
2960
408
6467
27
1207
513
3487
3785
5032
1197
3860
1195
3291
2308
1957
815
1645
5336
1554
2506
1514
4287
989
1093
1413
327
1746
2126
703
2812
257
4311
23
160
710
2710
3591
1395
534
5697
3373
4305
812
1060
665
679
386
3077
1497
3961
6416
2510
212
4355
738
2600
463
1823
532
321
1999
4451
2635
1531
1835
4467
3168
2216
979
754
3867
5509
61
5853
92
1069
580
1895
461
5934
3822
1337
3755
2997
549
2860
4514
3175
3608
454
1219
533
75
1997
1995
781
1869
369
6475
5542
5180
3233
387
3816
2317
27
2473
78
813
4628
1691
3887
840
5138
4003
951
666
1240
144
1006
791
4227
4003
2010
251
5698
2392
844
4341
480
2253
2055
2608
1
738
851
1148
1204
820
3624
1441
1412
1562
3529
511
1275
1966
1797
1885
3129
1624
814
675
100
118
1022
819
2511
2132
4807
2052
6040
634
5326
803
640
909
439
367
1174
2863
2643
915
1405
5152
2385
3364
1683
6508
5618
5729
229
2056
1966
2720
448
4174
5442
236
1017
1744
103
1609
62
3733
3557
3213
1182
1047
1439
2505
939
1697
2823
1163
230
400
1125
693
2268
1747
1601
939
3128
1428
3369
691
3360
4772
548
3477
1565
1131
2982
516
1373
1678
3969
4348
401
3530
4294
6806
6086
2207
2630
3580
3472
5009
382
957
1316
326
80
2437
2532
3491
4070
6455
759
112
2024
169
3436
3081
4678
4492
193
549
1887
572
81
2433
1404
4369
479
875
4825
6654
3317
2715
1261
7167
1446
545
2795
5018
536
4407
879
1071
1182
1424
1026
3000
827
220
1796
1141
3265
5572
294
4425
4327
3993
5725
838
6439
1741
2438
696
2518
4669
4951
2825
5553
2221
5178
3459
2419
2127
2256
4215
2074
6159
761
97
4825
282
3343
3443
2494
4056
4378
3740
2322
1979
4133
3154
729
2514
2635
3516
2500
845
3595
7127
5628
1186
1945
1177
1703
1075
2005
1763
479
4276
618
3550
3384
2041
6835
1991
1039
2916
1834
960
2337
180
3025
3184
1556
255
1929
3448
2381
4889
3428
4249
496
1443
2358
2177
3410
864
2343
4622
1255
1085
4619
2819
3540
111
6288
1213
1250
2992
3540
3474
5180
1774
1169
5232
2527
2440
3
1746
1274
2281
2703
1040
6451
6977
3316
617
3238
2236
4297
1289
502
2988
1370
314
6123
5900
4032
550
518
265
5205
2330
2577
763
2164
1322
5233
504
5484
2147
653
3869
3744
2793
5216
895
2679
6663
1022
265
3505
4273
3395
2475
3720
4837
482
366
5249
2200
341
3288
2859
2579
2821
2341
1372
1467
2724
4775
2172
4550
3493
3978
3446
706
200
260
3290
5478
2866
1076
3486
761
1300
3413
1953
3389
3766
4696
125
3186
2982
368
5769
707
6537
4026
750
341
1333
1796
634
3742
758
1042
3283
4244
4427
1380
5985
5708
2654
7219
3650
4265
3856
6056
4344
605
6786
3810
5175
1752
3547
3494
1299
988
1327
2491
3520
2048
924
1177
3573
919
2516
1396
1818
469
4669
3044
2976
1929
4262
741
199
2360
2212
2263
632
1713
603
3994
2649
5235
1684
401
1456
1802
1848
1630
771
6310
2874
136
1576
1416
2571
7172
674
177
234
2863
4809
786
414
3446
905
3029
1354
901
3763
972
4276
5421
1712
5791
2885
2605
1959
1679
3016
1275
1990
4675
3082
3300
371
2617
2426
4475
1689
194
1921
3308
4949
111
6374
1522
1479
4894
2407
5082
3596
656
6533
4999
219
2440
3317
1878
359
3314
437
813
2423
2543
1917
2833
1651
1203
4535
2941
2014
471
2476
1731
733
1022
1995
117
5669
1722
3509
84
1561
572
1097
3583
1053
904
5518
1484
390
1874
3412
5786
1459
3833
17
780
718
3853
5455
3109
1468
3338
1792
2502
2710
576
3578
358
2268
385
4061
1484
3689
3967
3931
2336
268
1282
1004
2501
3045
7
3888
4844
2256
2934
3581
388
956
244
5065
3385
3179
2110
2858
77
541
1562
2425
4297
195
3165
1670
5975
2517
1492
1979
4617
1860
4960
3880
3815
5084
3293
4910
179
2809
3534
457
2244
576
3733
4453
3143
3630
1235
3691
4996
7024
802
202
2369
2277
5370
3753
239
94
1425
1185
549
4274
2603
2735
550
135
4009
2121
2686
1084
429
2230
4438
2283
4368
174
1806
3651
1430
2389
4967
3712
4171
987
4171
643
3255
1046
990
766
1858
4007
2379
4847
589
1841
1267
815
2880
269
4074
121
2696
3627
4172
150
3950
3398
554
451
949
3633
3247
2649
2980
378
5146
1049
3625
281
416
4145
4907
220
1995
1343
1882
1716
166
1219
1842
1019
1386
3304
1919
844
7120
1311
3080
2424
1026
1216
3544
6753
4813
1533
1317
1998
779
1738
3822
4675
261
1949
5855
1407
2285
685
1715
113
6366
1887
610
2049
1944
2144
1909
935
5973
3475
421
4274
309
4998
840
4701
1079
3856
6277
2216
1961
527
1755
2460
945
560
540
521
5296
2141
2109
3484
3481
646
2225
5515
734
4200
1808
257
3831
1558
5600
2055
5634
1176
5720
400
575
1330
1134
3389
625
2446
3940
6258
1602
4779
357
3847
2536
2276
1334
382
3205
1995
1187
4883
1129
3626
2771
3803
5284
2979
3026
538
1997
997
802
3281
261
4966
3630
1298
2639
2011
2777
208
5038
591
4922
3135
517
1603
5334
113
415
223
1931
80
2285
3366
87
3027
1134
4298
1055
3150
2099
81
1514
3193
150
5794
3358
1424
576
178
5697
2084
1327
185
2166
715
2543
196
4142
2389
2567
2523
447
6312
1006
1590
2237
4515
2783
264
954
6370
318
369
3575
2112
4023
2765
481
1588
2880
1348
1408
7
2554
1746
3706
2472
1229
2876
877
1385
1184
4849
318
370
1518
974
4250
1298
3884
223
2962
1500
15
329
3412
3193
7463
300
6161
2964
776
3171
7320
1777
2907
131
3889
1200
3498
3543
2279
293
1798
1506
1108
3905
1979
4222
437
6291
418
6842
3376
2771
113
1629
4626
2698
3155
1920
1891
3281
3590
1334
1010
243
2454
2484
4181
642
1460
4207
2405
3063
689
2395
1827
4458
2701
1025
952
6801
2571
1051
5936
3817
3877
3646
741
154
1714
927
662
289
2619
1956
1627
2794
1045
2011
820
2992
4737
590
1475
93
1306
7014
2598
6670
1030
1296
2484
3710
440
4035
1112
5700
4065
797
3991
2913
3390
5962
2002
5286
894
2021
2596
2350
1246
4168
3760
2075
4514
2648
3
6343
2221
584
2560
4078
373
363
498
2302
6356
299
4352
2219
3218
680
1024
1958
3273
1736
618
4128
4503
2899
313
1383
1037
3218
1922
3544
669
3210
3066
1635
2439
12
2454
297
2004
4079
3756
77
2900
4670
774
842
701
4125
1260
2605
1186
368
834
371
348
4502
2424
978
5025
1042
1581
2080
5213
6660
4348
5007
5813
4003
3612
415
2574
306
2079
1505
2357
3277
2633
1024
834
2171
2235
6820
3357
5166
3060
1584
1287
1775
6010
3598
3390
3349
1740
2684
2536
1499
2033
3862
3781
4473
6344
893
2977
1506
1088
2824
895
1526
1255
397
1223
1069
633
1216
2986
906
1248
3285
1680
4041
3476
4925
3746
3218
4851
3470
1375
1014
738
1857
662
2015
4198
930
490
1630
2600
4543
589
1822
5581
5699
2939
178
2398
3434
1732
2380
743
3029
741
508
3446
701
2168
2074
86
2893
2176
999
4705
320
1466
3208
3480
1481
3519
307
594
884
2119
3397
3689
4440
2101
3207
465
147
2881
4384
5875
92
186
1681
4777
1736
3604
2524
3456
2045
4101
1603
813
686
3595
3155
779
518
2982
419
2634
1818
5862
5378
1018
6391
517
4232
1636
1417
2162
6438
865
701
403
1331
7233
2698
6219
7320
5700
7723
4004
4341
880
3493
3883
1219
6343
2689
2726
2847
14
236
1727
2644
2694
27
225
1177
4559
472
2089
5725
1572
3216
318
1587
2034
5535
1772
59
6334
5328
844
3451
1373
2425
4671
4556
3565
3121
4172
5926
1024
1207
1930
1693
4008
729
135
2704
3907
3513
1792
1023
1422
6147
3985
3894
2142
3995
637
5806
742
5495
1815
2281
422
3480
3401
1038
1498
3475
721
254
373
4862
6669
1477
1913
1237
995
5079
5057
3032
5061
1741
2818
3539
3106
2900
1777
2052
4057
1369
874
4208
74
358
94
337
6309
2818
6180
5477
1032
3483
524
1847
1804
2720
1596
3827
5738
509
4734
827
3335
3800
1439
3528
2337
241
4049
4001
4025
3050
2404
7125
2316
296
2676
119
4716
2321
1134
3699
3285
2255
6367
5465
4179
630
1239
1697
2709
840
4023
1439
2161
2838
295
2228
354
635
457
1818
2677
4192
4768
6754
5550
1404
131
3497
548
5454
80
2778
1085
5675
1312
2025
4338
1679
4784
1977
5922
3092
1165
7226
1947
1695
2011
5674
3364
1866
1228
423
2653
280
501
5947
2225
517
1653
1371
5193
2752
943
5451
5158
2020
3402
4731
1851
2629
1233
29
3002
3692
225
1451
6743
3979
1100
150
2565
972
341
1213
6612
2059
698
7566
5386
3292
2670
2781
2930
7758
2035
627
1119
1634
176
1235
2268
3520
625
1431
1302
2053
5314
4373
310
1840
315
1091
1596
1112
3017
3778
4800
3026
2745
5910
3218
3818
3479
4471
151
4249
5435
3720
194
5495
565
1329
2062
282
1743
5120
3204
2489
3140
890
1153
7359
889
1203
1831
703
1742
3022
19
6540
383
5687
1017
6016
2907
1775
3807
2410
6181
4868
3003
5028
641
1791
838
1727
4000
2868
3558
179
3982
99
1371
2410
1385
4613
3930
1760
6387
818
6369
1065
898
1646
60
771
2633
1711
1236
151
774
4777
3468
242
513
576
2599
1296
3934
493
654
3365
5968
2787
1383
2684
2846
338
1879
2571
955
2155
2270
1902
3249
211
2813
3143
1658
155
1266
4466
2501
1845
4597
4571
563
4874
2095
2291
7167
3689
3940
6400
731
786
391
1981
3916
4560
1146
2231
480
813
753
912
1182
4255
4290
3383
619
18
2924
6361
542
4174
1224
5691
6410
1530
2307
3222
75
1132
2886
3630
2800
839
2130
2053
2097
1202
859
283
1093
1569
803
6371
5426
6421
2909
422
3340
1533
750
3928
681
1500
4501
1623
1178
3653
5236
912
1777
3576
5502
1981
7013
1059
5161
5785
715
332
6466
1958
4567
6460
2292
589
2313
1120
350
110
3049
3816
1876
1086
3174
1705
3213
1400
1826
1522
2851
1017
479
2810
164
269
114
5770
69
5106
2726
4563
4475
1131
3838
7133
1387
3451
166
150
839
3128
5541
1974
5430
4339
1766
1981
1154
2695
3466
2994
926
199
2900
4238
5165
1914
6378
4974
3986
2814
4656
561
5874
6696
4021
4679
3107
5355
397
3476
467
4300
828
4469
570
818
4379
4644
1703
3299
6831
1630
3528
1402
5605
5224
1857
5382
1289
4776
2932
375
5240
449
245
4523
3651
5333
558
451
204
1327
4159
3627
7357
410
129
417
1140
5967
3651
2151
6589
2977
4885
2242
594
349
212
3429
4604
3481
4074
4689
2022
642
4654
4753
4822
6831
290
1882
4209
2371
2374
711
661
255
4808
325
647
120
1941
1049
7977
588
3775
5825
1147
1219
7193
6779
870
3709
2333
731
1338
507
2971
4401
1478
1279
5563
110
3457
291
1621
897
956
1863
2793
4483
177
1280
2955
2629
125
6101
4355
4597
1756
57
1917
4894
2535
2246
501
1648
3266
405
3611
6313
554
425
1120
1784
443
5311
351
5244
587
2044
1417
2668
2117
2481
4519
1470
2976
1650
4965
1224
2085
4624
1185
2115
383
1702
2211
298
4352
2576
3526
2938
480
7882
4479
3836
5541
1658
3435
4843
6431
5256
6128
3793
1263
5246
839
832
4110
2589
3346
3902
1776
928
5226
1274
1032
841
6314
3832
2041
5070
2044
893
565
2427
5202
4516
7130
4864
3706
3634
4787
2747
1623
3022
1993
3463
4844
1526
436
2255
4530
1861
7502
3062
3153
1682
1068
1773
2288
1538
155
3316
2256
703
595
1148
1028
749
1822
2233
6297
2451
2927
348
5082
3200
2006
132
466
3601
566
1770
4971
1010
186
306
1520
4598
1242
2263
6029
806
5748
3762
420
416
1349
3396
7034
337
622
4738
3176
4378
1914
7153
3136
2789
6074
571
532
2216
2087
679
6055
374
345
1125
1044
3756
341
1096
2553
7551
4764
760
3910
3343
4382
7289
915
2605
1556
800
87
1545
5378
1053
622
534
45
6885
1061
2827
2519
1832
2215
563
927
1981
129
1465
2301
4531
486
5447
2489
1299
35
3869
3915
940
2513
4258
4577
3619
1332
3129
6962
3360
1231
2484
2539
3435
2445
51
3555
498
1799
3189
309
2590
1221
7110
1724
1283
4473
1485
3072
1384
931
2046
7538
1751
4351
199
2272
2779
1162
4563
434
467
6063
5833
2263
2020
72
4172
2379
1715
3343
319
6818
950
4612
1396
1512
3889
4563
2739
3256
1032
7138
1218
430
677
3692
5102
8001
2525
1091
1126
6447
4265
5248
514
1813
1396
4977
5219
3750
2861
1271
462
1058
3955
403
5452
1822
1526
695
1909
5020
448
2652
5105
515
1100
3059
4475
454
400
1669
3001
605
416
1408
4440
7036
1025
377
5656
542
6726
6163
1002
3352
3720
4681
6015
672
5118
3332
494
2145
3381
5988
5223
1385
5633
6091
5228
2738
4419
1782
5056
2237
2200
622
499
92
7073
1237
3499
2528
2281
1161
1203
4085
647
893
3238
1948
472
5643
5238
1972
2386
3451
1776
262
647
5384
880
4708
125
3780
3747
3414
2291
6099
1621
255
2297
5166
3281
1744
2924
2581
3608
955
2129
3852
1762
3486
1087
4207
4283
2091
1559
337
7201
2642
6684
3780
3286
1221
794
4315
1517
1357
2802
1158
1137
579
4171
5515
328
331
3298
3376
74
430
3997
3111
3356
4985
671
7634
1512
5824
565
2451
6158
5466
2143
1664
658
4118
1189
4013
4775
7802
4735
1071
1445
4997
1452
3613
692
4217
2086
4260
3382
634
1869
2395
3307
941
700
5686
929
3963
5552
308
449
827
2859
2559
7606
3534
7756
8096
1777
5289
1379
2311
318
5047
2199
3506
5422
376
1304
103
4641
408
973
20
1021
6717
1327
2866
221
7041
5124
5108
937
3666
1428
2539
5568
1806
4487
2624
486
360
1530
2767
1072
2335
1606
4057
528
3485
1043
4757
4160
5755
1948
2037
1412
2011
2725
2903
3413
2336
7684
2651
4520
3367
5682
743
678
6723
3362
5894
6174
766
4985
1330
1332
4801
3353
933
379
2759
5466
783
7030
4735
2827
3938
5270
528
968
812
489
3990
528
6046
2947
727
6110
3421
5470
1344
1787
1237
1748
624
468
5495
4394
765
3574
4642
899
2611
556
3433
1319
2218
158
1669
1665
544
3838
3433
5084
2642
3889
249
4586
2149
1152
1774
3216
633
629
1109
4041
5535
1788
3860
875
2409
5603
6770
2075
1914
53
67
2318
3949
4658
772
1125
1281
553
4345
299
178
1012
2947
722
2818
2650
3715
5964
1822
5904
524
33
1970
3167
3170
5731
277
2298
624
3897
3047
2440
1270
2244
1799
1785
2226
3846
62
257
5967
3817
697
2152
3064
2380
2941
1278
5112
45
3024
524
3509
2476
365
6449
4582
1418
390
1607
1180
2847
1053
1288
3164
3532
1154
2198
2983
528
896
4387
1233
127
4512
3777
2737
5383
1676
5759
3347
4038
829
5458
1523
3748
3574
974
2060
1030
5549
8134
4632
3925
1645
221
3387
1206
6149
3084
7079
373
4700
980
5700
2157
4271
1916
1265
1714
5576
6051
599
2338
7479
4895
1663
34
4542
4577
3617
4288
4160
4454
3198
1152
272
1163
7010
235
1466
1477
3015
5353
725
2084
1179
233
801
2392
2101
1689
3223
1618
1284
143
1851
3476
1187
650
1066
46
4217
1594
1925
2707
2048
2129
6523
46
725
1687
4148
4685
589
2119
3829
690
920
281
3355
184
3077
4339
403
1767
1134
2414
1361
5556
1700
594
6461
2298
4824
2316
3539
4049
4246
118
6088
294
2728
5778
3315
3185
6184
4885
272
916
5217
820
3341
3661
1901
136
997
407
6948
1031
2868
4945
5265
4906
6689
3120
6427
1245
720
1640
5058
2502
5109
6557
799
3966
3501
6260
132
3497
5447
525
6556
1817
787
5974
3139
2011
3169
881
3467
917
1429
2994
2840
4357
4105
2894
419
2388
1462
3011
3404
1899
4414
6474
3637
364
5037
75
7010
327
1631
3497
6179
1825
7401
4255
4958
1895
650
5626
2241
1340
295
3059
3262
8212
558
780
5767
3805
2425
5583
281
1555
501
1992
960
806
4932
2255
5643
2715
2424
2873
1197
1230
1876
3806
2375
1651
1678
2404
7235
6643
2688
299
2883
1944
3209
3748
4929
698
5091
3883
1394
1065
686
138
346
1320
3635
1516
41
4216
3482
2425
3197
1673
1152
720
3012
4360
2716
1527
4037
1897
444
6773
59
2316
5876
2702
623
6296
4418
771
957
798
2475
5170
374
4652
3504
1702
540
34
1726
439
2056
3938
4067
1831
5561
4623
3262
15
6228
1805
66
4718
2069
3373
1235
814
4572
461
1573
4172
1823
3227
130
6748
3329
5303
855
6422
2729
482
2781
4467
616
4220
1855
5437
5380
1950
1111
1751
3022
4551
3268
3865
4354
2466
616
489
5802
3957
1104
887
6863
472
3119
152
1464
446
2195
5661
7272
1316
4717
5143
1853
871
7770
1406
78
772
2978
7503
4548
3714
1158
846
3360
2101
3749
2353
650
1169
2585
2143
419
289
4604
2190
3637
2579
4200
617
922
8334
2576
637
1857
349
887
1178
587
945
77
259
4407
2140
1800
5130
7289
2421
238
7502
939
3544
3275
1889
1335
4699
5029
3224
2450
7424
3090
6106
6151
4768
6688
2661
3741
3007
285
6657
6205
2868
3145
4701
2308
3534
3907
973
2517
4864
1996
3842
332
6432
1402
7674
696
824
4118
1338
1375
605
2122
2910
1001
798
243
5198
3865
1290
3186
2590
5096
315
1777
4860
975
5758
1806
6238
5819
1910
3784
3839
2413
5279
4324
6701
2691
890
8
403
2128
1839
793
4590
1396
3973
1279
3241
381
1270
394
1236
7206
1790
108
2144
2367
4229
5204
6486
959
3752
5972
3605
632
3288
2687
3593
4318
810
1123
884
7346
2003
5427
434
1874
2687
3084
6071
147
2318
660
3129
1505
1317
996
2921
1494
8145
584
637
984
3195
4296
3924
6111
1898
3582
3867
2687
4589
3805
1246
6664
5826
778
3909
2408
1914
1069
1236
362
2903
2173
27
3958
77
6541
4962
4113
4303
1557
1686
3976
699
5885
1254
4466
1044
2994
1802
8
2222
2559
1150
286
1879
2771
1391
2214
2405
791
2230
3225
7383
3347
4
3864
509
5323
1299
2575
2707
5396
2223
4279
43
1037
4125
2991
896
1051
497
7159
152
5240
496
3108
851
343
4140
3670
3932
4718
2997
2809
5878
4053
1624
3665
6523
4933
2969
2125
5877
3289
4456
4785
1284
1872
5667
2385
4744
440
2702
201
2296
2992
4258
3046
517
5511
29
4215
5263
3710
3892
6797
5028
804
2215
102
3775
216
7386
5917
5352
5521
4430
5216
6740
190
769
1354
917
1111
3393
3949
337
1852
339
2649
2159
912
1729
5018
2103
78
1810
5332
5107
557
6376
450
1345
10
2948
4907
3784
252
4933
5694
3344
3954
2828
4906
3035
4769
5762
1587
3068
3968
977
687
322
221
2326
1201
1794
3492
4393
3416
5622
2324
2229
1680
2943
623
4982
1478
1271
3138
2829
228
1495
336
2490
4623
751
1584
406
2105
1242
1761
3008
1860
6336
4405
7488
5930
1521
4887
7603
3312
1355
3743
4505
2372
350
115
3953
2134
3079
3314
1719
1945
1435
1852
728
5629
3800
7452
4683
4774
1616
2779
3174
504
4087
5476
898
1026
8292
3662
1789
146
3818
3297
5443
1733
8323
4742
7479
813
291
1416
8
4216
2885
1723
687
3194
5524
7275
2907
4364
5242
1805
4039
1338
5415
6802
4745
3130
2017
23
419
5268
1381
1438
4260
1177
7541
2374
6995
3506
532
2540
6038
5935
1015
338
2616
3311
7798
2822
5058
1973
3795
3822
453
3226
3524
3778
4141
1698
3052
1703
164
750
4272
2747
1741
983
5803
1769
3401
1906
7194
1708
1500
3452
2047
1344
5411
3046
262
2183
1580
1527
2780
1650
1161
2066
672
1504
1500
2715
434
7566
6503
2071
7727
2974
766
6705
6862
1234
8388
6987
1853
4721
7036
1213
2115
5196
3905
567
1535
3577
2482
4759
8570
2273
231
3374
4012
481
3862
1565
4716
4398
3908
3457
4350
1439
3507
78
731
384
1870
1710
29
2679
885
3890
4290
731
4870
593
32
1852
4077
3839
1554
6717
6985
2097
1905
2425
545
2507
3438
8568
945
2734
2878
3071
7528
1989
2843
2645
7318
354
3198
5213
2537
335
3094
1689
93
2372
910
2480
501
109
4239
3847
559
407
135
675
4191
780
3887
2078
3288
7850
2231
2544
2370
5008
1326
1008
2930
936
14
2758
2754
3423
3218
7588
409
7297
1773
1815
4254
1016
2739
1753
2562
6644
88
1568
3284
541
5602
5919
41
1708
2997
1186
2013
1051
694
2243
5622
87
2306
581
758
549
2945
5260
186
928
3126
3157
6474
5430
4303
7761
2626
2333
3341
1655
3080
4496
5241
2921
829
3041
2391
5641
4098
1543
7504
1721
2417
7920
764
71
2771
5683
371
2851
3502
7648
640
582
4376
4913
3253
3433
576
548
3702
4698
1942
7437
3338
3853
7456
2467
6054
374
170
4675
753
389
2708
2545
1924
5301
141
3097
2651
1322
455
5206
2737
1561
3883
4015
4867
82
6663
6558
281
1903
1362
3298
4571
1344
7639
6385
7156
4571
3241
7419
7472
4154
1198
4120
3286
702
1157
3831
460
7681
905
1096
4664
1500
1418
6695
4989
4964
560
5696
1638
1864
3817
548
16
5704
176
2466
6472
5056
8365
4511
230
7590
11
1878
5856
1890
2383
5660
5545
109
1852
1029
5169
1594
7208
311
1870
1701
4172
413
964
1792
3232
1878
1801
421
837
1815
4962
2352
5914
2088
3088
3159
1049
5427
1477
3507
350
4971
3619
1545
598
7804
2487
4931
380
5167
1614
2498
1162
7197
2959
1554
7459
4915
1865
3315
6233
3008
2207
625
2428
310
4985
2014
5656
943
2668
5649
795
3666
2164
2744
5815
1169
817
1088
1324
4
370
4685
2332
1653
3331
188
1554
192
2350
175
5594
823
3641
2098
5707
7335
2923
1944
408
274
7296
1339
2496
6672
3888
1442
4819
4771
3644
2127
8671
978
1006
385
1605
6265
6677
5130
4367
928
3677
3866
645
961
6010
297
28
1921
7268
6479
27
1527
2875
1457
139
1722
3113
3114
5806
1791
1215
70
3381
7239
428
2279
515
2426
2327
30
7296
2207
1172
4302
4608
1132
94
4002
4893
1172
4229
161
4545
4172
3104
4768
30
1930
859
6256
5962
7537
2921
2081
4082
2887
0
5900
2412
990
1595
2328
1078
4070
1600
4458
8530
2064
1461
1699
5600
170
1825
3814
1390
920
4739
8744
7282
4044
6756
1174
285
1090
140
2451
420
3584
1146
586
1630
4555
355
1582
35
1294
1753
3087
2811
674
6461
4182
5615
1823
6751
3876
5622
30
6202
182
5616
3493
382
5575
6202
1657
3030
1430
1870
4757
4324
8355
6310
913
544
1195
2957
6533
2537
2671
2037
3372
5455
5818
2720
7352
970
3664
1475
5888
974
392
5064
1765
3949
2565
5488
1721
748
4776
4888
3725
2171
76
2040
1271
3242
171
2152
561
4695
4430
1022
864
904
964
1757
1530
2249
640
1838
5804
929
5403
5643
6919
1368
6000
8789
3304
2753
4128
344
2281
4056
2249
50
4511
1627
1276
3178
3599
5044
4235
4555
2666
1487
2372
173
5972
478
2317
5877
1331
6886
6198
3724
2600
5552
3634
2606
153
3444
103
2425
2127
154
40
1247
2632
3780
3611
1738
6880
6935
2280
4126
480
1476
6900
1436
4112
6907
684
3166
3944
5246
4674
2615
4994
1349
3950
160
1226
3625
3043
3813
6456
1318
3391
2309
1817
1502
408
405
2138
3483
89
381
1375
1834
1990
2274
2373
4497
2591
1189
1276
2256
2014
3447
4351
3830
1462
3615
4652
1227
5045
553
2702
2809
2881
4042
1199
57
2573
391
3994
4755
525
2903
433
2701
2288
417
3162
715
973
5789
916
2757
4411
5798
4383
1287
6088
1660
4227
5193
4374
1051
244
6627
1007
7544
529
2252
6337
2253
1247
4105
4610
4924
1226
3798
117
128
1504
8200
4735
2338
2559
4801
4346
6836
2731
2560
398
1798
4739
3525
4454
4864
2500
2103
4041
805
5071
1259
1983
5057
2468
6373
3960
1007
6869
1388
2290
6442
2736
102
2802
462
537
6625
2593
2388
2686
3627
4239
1344
1517
636
6567
629
2667
329
3825
4959
3155
6687
157
3930
2381
5270
3175
5886
6408
6553
7977
2722
3155
1455
3924
5236
5547
832
4305
5273
1187
3689
4349
3491
976
8078
6922
3102
1994
73
1632
905
3133
499
5260
2091
4024
4820
207
3852
8838
1685
5553
4884
1182
856
4979
1334
7639
5125
4057
318
2286
628
6191
3021
285
404
927
3760
2407
677
3406
3589
5336
5580
5501
1305
2603
646
954
2905
6719
8498
2191
2096
2550
1031
2236
4943
1822
3100
2159
5815
3586
1366
1445
247
167
4925
572
2439
5003
3859
2939
1153
2599
2354
1885
186
559
2585
3325
2095
3506
827
7084
1610
892
379
2376
620
1778
2431
743
4671
7669
1709
5025
233
4162
6288
1962
2233
4504
1691
4736
5309
1400
287
3337
146
2330
4465
2447
1461
3755
343
1439
4692
590
4861
5561
1733
2364
2544
2247
3612
680
1902
2714
918
160
4649
6534
10
4404
1014
297
1799
2785
3741
6588
3247
426
8205
7673
1039
7622
1036
1277
4403
2856
3563
4245
2230
1580
897
156
735
7601
2856
1357
1763
3465
5974
4812
4327
5626
1868
6298
3568
6642
6490
1633
844
3184
4364
4353
5702
2170
1587
4992
684
222
1177
1659
2549
4020
941
7344
5321
4232
4980
1388
2772
786
3374
1078
3096
181
6871
151
1056
630
7561
1141
5400
4374
357
3304
60
7995
5571
5001
163
1742
1159
2046
3553
1752
1391
3952
2500
216
4527
6555
4560
670
1523
990
3580
1453
5781
2726
3235
163
3748
3627
616
2262
2317
565
4491
4330
1016
989
6361
1625
135
2829
3271
1977
8316
6194
1096
243
1223
425
1951
4273
516
2665
1240
5033
2014
29
2974
406
2379
3560
3719
7038
1201
4195
1147
5137
5790
1646
1675
2381
3935
2705
1883
2613
7080
479
7191
64
2319
4104
7103
2029
222
3169
3000
4900
2088
2243
286
7312
2872
5898
3401
2675
5255
2944
930
6515
3359
1315
2456
99
424
2817
3389
460
4303
8630
5016
184
4014
410
761
1537
29
2770
2706
649
8202
2809
2366
4759
1207
4164
4527
716
472
1062
5744
249
2042
6282
5305
7225
263
886
220
4398
3352
8850
4343
8968
1004
1271
3096
9116
2945
1451
5416
1525
3686
5085
347
3767
5082
2973
5199
289
401
6393
8660
5885
1863
2762
3465
913
5578
8471
72
3393
6377
3641
716
1707
389
3383
7053
3517
1165
4059
1522
3448
3305
855
676
3892
1171
3355
8669
3360
875
6276
8737
6235
6733
6053
2541
3903
5476
7363
2609
5811
321
2602
4802
4019
3519
7314
1566
4187
3924
3538
4789
4010
3508
4494
5308
1130
317
3405
208
3704
1341
1599
2288
3794
301
1375
4537
5393
2666
137
5599
1797
4825
2588
1523
4531
1859
6265
7223
4186
2274
6325
3433
3724
6848
6743
2398
3386
2794
3878
8580
7770
2383
4027
1080
4036
3307
1680
187
3147
7353
737
2657
3129
5590
824
4488
1588
3739
2534
6432
4110
1439
2950
2027
707
1947
7308
3004
1485
7811
4550
2152
7135
525
1290
5984
3385
121
2509
4020
2645
1617
859
982
3473
5575
5148
3337
2651
7754
636
354
2646
1332
6522
3570
5534
3119
9096
974
1283
3563
2423
5068
5895
2727
4624
1952
1290
136
1959
5282
6486
2683
1669
1458
5720
259
1042
1483
5284
463
1938
6041
3032
964
2086
458
1834
1759
4058
1510
6759
3114
5851
4992
4503
2974
294
6252
5643
1016
1455
5222
5752
3993
5970
196
4101
4195
7837
459
1616
3075
2978
353
652
2909
3988
2650
5104
913
712
4186
1841
6264
1009
2033
4847
1575
2999
5664
2454
1555
3760
1832
653
1838
3807
314
6800
1542
3132
3821
497
211
6273
1405
634
2337
68
1758
1496
2752
514
84
7614
3523
219
2254
6940
4333
2198
5405
760
1428
863
1216
950
3513
5244
1431
766
4451
1309
203
1109
9245
3766
4285
1199
1434
1137
756
7088
3919
1370
1329
7410
4832
455
2839
3601
40
2075
2104
3867
3050
1755
1712
1335
330
2718
6051
3344
2257
847
409
3510
754
2883
4240
4001
4675
376
1313
3935
3976
1506
2104
5909
2416
1537
1982
1497
6901
965
3769
688
1643
7605
1807
1987
595
7679
5523
1197
1947
4718
3217
6234
3859
1232
5569
2945
938
6749
1867
1608
1613
6404
1237
2252
139
3312
3492
2787
304
1866
6081
4131
2239
3087
906
858
2073
1876
4788
5287
738
6777
3666
988
1109
616
5338
4984
4075
919
6599
1690
3586
4630
3011
4643
6217
1061
4922
1762
8705
2824
1396
1118
115
2669
6758
8270
5274
561
4733
960
244
6576
3677
3847
3880
2565
5773
3078
2821
5842
602
6833
4341
6880
3967
4051
3517
8127
3632
4322
1252
6283
30
1751
7037
4517
749
3310
3570
402
4331
4961
4861
3314
5323
1304
5444
6657
3909
3216
2819
197
3114
7370
296
3382
374
1127
6575
967
598
1582
2447
4918
132
1259
3067
4611
531
1029
3011
4407
5279
6786
3837
5998
3302
5551
2941
336
26
3225
5641
6578
8496
646
6814
7596
330
3040
7721
5797
2873
2778
2177
4845
3216
2244
7978
2139
694
4528
1463
4250
3100
1913
6713
1538
4733
4252
962
1429
6594
6752
392
2099
2673
954
247
2197
3220
4418
1790
7594
2020
4496
1908
5873
1560
3277
794
341
5663
1252
630
1042
1918
6329
6283
5421
1684
3607
4648
762
1297
8042
2147
957
4448
1217
5098
6020
1046
1050
3816
7313
1475
6016
618
4470
6060
1828
4069
734
605
256
3515
4142
2862
5563
6629
1390
1184
6275
7513
4143
2792
2194
891
2184
3433
4558
2932
292
2501
6721
2989
5813
1983
4764
5569
3127
1121
1705
1208
7331
5277
3742
269
6536
909
2184
6176
1214
250
780
498
6653
388
2426
1697
2516
497
5980
254
3172
4661
269
2939
2222
3687
7826
1634
3764
4548
699
7366
4899
7916
1857
1398
2945
7063
3058
457
1398
3076
7252
546
4276
3468
4355
8449
3875
2729
7337
9193
6425
3757
3622
2067
1753
536
486
3063
5151
1954
6646
2892
1709
2701
3883
6389
253
2399
6158
908
6353
5423
5564
2343
1969
4900
2580
375
6431
1900
3975
4918
600
7495
1063
1873
182
138
2606
2425
2975
3996
2579
6831
5879
4713
7331
2714
417
2099
4398
1297
2596
759
2435
1033
5016
4817
399
3523
5236
1705
247
912
4230
1821
2919
2783
5927
7182
216
1845
921
3041
5115
7758
8086
2967
590
7911
4768
1821
8371
1709
803
3636
7741
3058
297
2801
5249
356
2957
5999
5928
1573
3804
1894
5627
4815
2180
2068
90
4788
5962
1503
5889
2052
2573
1351
4039
2288
497
3556
2822
1443
3625
3649
5195
5799
2631
428
3230
3179
978
2452
1192
2643
3081
2163
731
6044
897
717
2811
7922
1758
5277
2862
5887
702
3877
1807
3498
2241
347
8043
1721
2762
2804
1014
2478
5056
1173
2945
532
1859
1818
474
4871
112
7419
7809
2178
2052
1548
1105
1479
4791
3083
3407
1333
2937
7503
1962
1117
4076
1201
159
3615
867
73
595
7586
226
1293
761
5567
4857
3125
2344
1102
1589
1641
1469
3253
3592
884
4173
1184
7767
622
590
7543
1771
8028
3361
939
4425
1679
3855
3238
1434
5420
4604
32
8926
7207
3169
791
1068
4105
1094
4715
6901
1315
2548
2682
7857
1834
2121
7377
4640
1082
432
6965
4621
7987
2831
6314
3319
1594
2390
3983
5463
1138
1163
3521
738
5563
2386
864
2025
3549
5009
4877
1586
4502
5601
713
1899
2134
566
7309
4084
7118
3809
4081
1734
429
1159
2345
3531
1605
2379
4308
6073
3820
6280
555
6336
15
1610
1078
745
5712
349
1042
8644
489
7454
7555
3355
5860
2658
4701
6501
2234
2454
1928
3583
1927
74
1747
6718
5630
4096
542
3479
6031
51
2246
2151
4212
4362
8242
458
2575
694
3229
5174
9373
558
8433
7386
2407
886
2258
5307
886
4845
2597
5717
543
6480
2426
3419
525
6855
3736
3977
76
6772
2266
7143
1882
6165
5001
1385
2270
7069
5981
4719
6419
197
741
1680
1215
2586
1003
5784
1262
9337
5353
1935
1030
1787
4418
1571
3443
1386
5799
2094
4036
2955
3577
3569
4020
232
861
2120
1082
7878
3366
366
4592
1673
7027
6650
3303
2817
1477
549
256
3269
7116
2126
759
5116
1649
2420
2652
7428
1968
3315
2691
5101
8961
570
1614
2661
5033
5965
1100
1739
7289
4551
810
5760
3337
2803
2811
374
2432
2085
6952
1668
5499
3711
2273
1638
6126
58
1665
3879
7736
2756
1761
5541
8818
7986
1866
4672
1527
207
4837
3127
4817
465
465
4789
3120
7885
8044
1907
4285
3580
845
1401
2371
8829
3344
1431
717
3321
8697
4844
4766
339
340
1255
3389
125
4491
3057
376
2999
2310
7664
910
1265
209
4627
6616
218
3480
173
2401
6677
5606
1890
1372
1227
1893
5477
890
2687
2576
401
1777
3544
2476
2886
291
1420
5266
7800
5374
1433
1541
718
3105
3945
1446
7752
2482
2668
1993
3873
4606
5231
737
2717
1058
3532
813
2483
6062
586
3654
1339
1022
4810
3369
2175
749
8022
534
3796
7672
5943
6986
6785
8760
883
2418
4189
1072
1777
1011
5706
6342
3554
6911
4715
4719
325
721
800
4476
4145
2643
52
2480
6145
1119
910
9906
4779
776
133
4423
7230
2641
3277
6033
3666
3398
5461
6146
6829
1873
4659
3133
2447
5664
1891
1345
3493
7086
1729
2870
1266
1635
1782
9317
6041
1619
1469
3500
8087
5243
7921
3235
6701
4070
1447
4765
1163
3374
1322
2244
2804
2621
2490
5251
2391
4879
6139
4205
336
3572
6200
1659
7184
1444
4573
480
983
5230
1702
5832
5417
4308
617
7089
2063
1499
2137
1555
4552
8033
1337
3087
4835
3685
4615
6702
5804
2817
8435
2810
640
5101
2245
2660
8303
4905
805
647
4024
2277
22
884
575
3833
240
5675
6119
871
4806
1259
3050
5378
5862
2231
2769
5665
823
7
799
5470
8195
2930
1757
418
1196
5467
5745
5574
3384
1059
4640
1092
188
470
2295
2372
453
8263
3864
4084
1899
817
770
3043
1222
3334
4848
4362
4883
7648
2696
2412
1238
2576
2315
1778
4542
5578
2709
6857
3745
4357
3285
617
5729
851
2545
6092
2137
6134
383
4161
1975
6015
5495
174
7992
924
3731
959
6683
3569
227
2767
7172
2535
4556
3592
1873
6147
4317
3098
5964
3120
5259
5300
7639
4852
3797
2418
4105
2931
1331
3512
2056
3468
6368
7703
4318
4490
269
1677
9477
4250
7124
3175
1353
1119
1319
4144
7193
2578
2295
6420
984
3257
6102
4015
861
2450
5662
721
6256
3386
3337
2500
6432
6916
3551
1162
4488
535
3770
5010
2334
426
901
1869
150
738
117
8376
5063
2921
2708
5140
5241
540
4336
3957
1350
3921
6713
5287
9986
4103
1351
6544
8565
3138
6018
2243
1094
5211
4148
3335
1814
9179
1000
3627
7026
3328
2648
3138
5235
6283
5873
5684
6259
607
1433
387
290
4709
168
4008
2834
4816
2677
3070
4222
1050
5236
7852
3962
2759
2809
2314
2133
790
9299
1816
2194
5460
5258
4305
5405
8042
5759
914
2308
735
4285
2587
574
930
1597
636
1494
5943
1397
314
7571
3982
4877
4789
8049
3414
6550
152
4667
6368
469
3427
3367
9664
1769
1140
3496
880
588
6306
6749
3492
848
4184
760
1823
241
387
3043
4454
7813
1833
3591
8274
5605
4579
6669
5242
7766
2257
4653
699
4992
354
9523
9217
3000
213
2501
336
777
4288
4894
87
3160
730
3613
1103
2087
6652
805
929
2647
126
839
2220
3248
47
9418
3011
426
3322
5589
8605
121
2211
6010
1562
1241
4914
3634
1614
2618
18
7574
7050
4574
5465
621
322
1564
525
7099
2443
2259
1729
7075
1264
372
5451
740
1837
3703
4360
1847
4516
389
4421
3103
3019
3564
537
3654
779
1648
7403
3625
45
4924
4771
9046
4348
2397
4502
7738
7143
8488
8725
1616
172
2227
2177
6308
3699
1742
6197
6336
3060
1774
9115
8166
525
5127
3485
2889
3539
6861
2757
177
4253
4272
2196
2257
4796
25
4783
2343
1737
5182
1355
2278
1492
652
5100
6434
5175
1144
1668
1357
2499
4332
2524
5152
434
315
5305
2957
2314
620
3082
3980
7357
8628
4692
274
4220
1204
3951
4189
5216
722
4984
3863
2460
7038
6539
4734
5890
1240
2509
6783
6505
5488
2100
4850
673
6048
2422
3452
4791
4931
6116
78
2373
4144
4289
8785
718
5879
116
4728
1333
1598
4205
8406
3002
5173
5622
2353
420
5106
1157
541
7290
2944
3336
8648
1596
1603
2133
9100
2056
1327
3918
8901
2279
2100
1681
1885
341
6451
8544
2439
3370
1392
8390
1240
322
8830
3492
6644
7517
905
3398
4423
3684
3686
5292
6906
5733
2358
2457
6826
286
1975
2403
1471
2765
3637
3932
7789
4360
3025
3977
1959
1429
5538
2439
2995
844
403
3212
8703
7064
3060
5073
6492
1278
1411
3568
2174
3893
1322
3479
7347
5405
54
3375
3427
1424
1809
7642
8379
4017
6554
4701
711
212
6864
5420
6173
1120
1317
5626
1018
5830
5072
255
1484
2649
6565
3522
2848
6346
713
4422
416
1616
7412
4538
2394
87
5545
2203
3394
3713
2512
6954
2308
4717
6581
5314
1543
5016
2736
4886
1348
4503
2438
788
3136
6851
1132
9660
4001
7081
27
6673
6883
1916
1485
1915
3861
6371
7690
3351
1877
1729
499
6108
3738
3698
9607
2001
4171
3285
1157
7201
63
9009
1094
6697
820
4772
2510
3368
1967
6776
2918
5085
4665
2480
6000
4225
1256
3489
3002
5392
460
2540
1185
4336
2727
637
151
1196
1492
1314
1360
876
206
1249
1243
4844
694
4079
860
3355
3074
1123
903
993
1849
3305
1299
141
3699
3367
979
1388
481
1235
8990
1303
9474
7382
1299
3714
2929
3728
219
9794
1926
3789
4415
450
415
1086
2011
1152
6287
2770
2918
2784
398
1817
10000
9537
2057
3185
1580
3747
5803
6455
3892
7500
153
1473
953
4792
3221
5838
5825
4975
2031
426
1669
4586
5646
54
3766
3528
4374
4737
641
4797
208
2806
658
2397
9303
9193
2907
1434
1944
3557
32
1692
3967
4987
310
264
1287
921
3071
5371
3685
1844
2090
1565
3154
214
377
614
5207
1589
234
3885
1164
1997
3844
427
1352
1639
1491
6452
3149
2356
4415
6478
4970
5171
1291
4020
5536
1664
4838
6263
4737
8001
1583
391
8647
9906
6969
5003
7551
70
9273
1767
2370
5179
4063
6285
1070
6700
2947
2130
5410
3756
2538
5365
7320
6142
756
4770
5393
8305
2980
526
4035
180
1889
4437
1027
3
3122
5012
992
7809
5172
7011
999
4103
5257
1445
8503
7504
3137
1293
7905
7928
1121
5820
4391
4894
1409
4051
3877
4961
4413
8311
4053
2346
4297
2682
1689
4782
9301
6424
460
5012
1370
3657
1179
2097
846
2708
4755
8
762
7657
1375
2565
6658
804
9126
8052
8261
308
2714
1806
913
4520
6910
448
1196
1421
8722
1377
2084
1471
1237
5347
2664
2145
6851
3364
8
1646
1169
4465
1168
2766
6765
6282
9959
1343
4238
175
5457
1758
419
134
1782
6242
5818
1648
7019
1263
5436
5005
2675
207
1388
6953
1805
865
5065
6975
7355
9985
7067
6442
2471
8790
2858
9415
9387
2982
5183
6319
2793
4227
3924
1056
3839
4501
4071
9761
2457
3802
672
3620
340
6900
414
3288
3115
5226
5936
5924
6893
1227
4016
3406
3842
5695
3537
7588
4691
601
275
358
9092
1633
803
7667
7349
7350
9837
759
3666
2382
3495
5679
9277
5168
7222
2795
3016
8801
3994
2265
375
680
6739
4595
7583
6106
700
5847
3767
1904
5345
2051
1170
706
5741
1728
4527
392
149
1880
1825
1556
1343
4623
6001
3782
3636
896
4076
551
8249
7595
3457
2345
1851
2568
3279
6162
3861
5293
5507
5709
4805
2414
5595
141
2171
2605
264
5844
2260
5328
5082
1441
5919
1180
4250
1024
694
172
1195
2463
3767
7418
7999
1602
797
2806
2048
2577
5842
3339
528
829
3319
3793
8946
5958
5097
517
3185
4391
3813
2616
8019
6003
37
6033
4286
6673
339
1479
1403
2255
3801
4872
2107
2936
1237
7121
3827
413
8348
1981
1257
35
4610
7296
3215
4858
1927
328
6787
8106
528
6561
2772
3866
1485
177
187
6890
7662
6318
1801
3141
4335
7893
788
4808
3008
1773
4324
2560
5565
8792
7754
756
733
64
2811
7089
3166
4864
1434
1099
1931
8333
8185
1234
196
5091
2339
4203
1566
3298
8343
881
5872
1146
408
7831
4636
7503
2184
2281
4093
3811
2736
3609
436
905
4238
585
4232
535
2181
664
3922
956
2557
1871
3829
8692
936
5436
1575
1221
7998
4514
578
1869
3556
325
274
671
650
6010
1938
123
7593
2640
8704
4773
1424
3280
843
5774
2100
3033
5092
8188
580
9751
1426
1435
5821
1744
2499
8696
4344
6815
6708
4318
4689
5492
2
1436
7540
6712
82
92
1986
4796
612
738
2628
2058
5230
4298
6105
9266
2565
8157
4536
4197
7419
5223
637
5171
4771
3222
2359
5046
3176
222
1078
478
8499
1462
4723
6638
5224
4991
2889
2626
1858
1391
3631
4986
169
1084
4033
3526
4415
5887
4544
7816
5826
1053
7020
757
1740
5231
64
6242
5351
5168
2469
7546
7689
4688
3159
267
1480
663
5067
2083
1957
4429
2448
1627
5695
3714
1616
8001
5722
787
4165
3336
3124
3741
2337
4580
5587
6252
7278
2052
4993
619
5503
1419
4094
9132
381
5917
59
1396
6791
1190
1591
6618
7178
3393
1291
2431
431
8727
4432
2233
4785
3106
1300
1440
644
1143
1582
2111
4199
10813
9823
6093
3402
8160
4115
2637
1580
3015
3791
4654
2041
3025
2303
5078
1787
8074
5002
3983
4779
2099
4426
557
8932
306
1440
4615
5176
722
3407
203
2392
1334
6009
1003
1188
3491
2526
10049
1045
856
4681
1764
3845
4048
907
482
6740
6252
9638
281
2106
730
9884
3832
2459
2663
489
2921
7158
893
1293
1667
1701
4685
1377
7551
34
3667
554
1039
3763
735
3331
996
1572
407
2874
3656
5014
1403
1278
1267
8819
7557
983
1034
21
8008
2849
3440
3435
113
6613
722
351
1322
4458
3462
9293
1307
1485
4897
669
2983
3182
4876
1401
6814
2234
3336
4687
3661
3217
590
3525
4322
6559
6229
774
6045
7034
2345
4898
606
5381
3482
5542
1379
902
3561
4580
6256
6228
8103
4807
2889
1193
3566
4761
1616
5912
20
4088
3897
4828
6511
5185
4978
8437
10278
661
6469
4393
2608
2381
146
769
5480
4386
41
8459
3970
2082
223
1931
552
22
6566
5051
3727
778
2084
1479
4353
4432
3825
178
7729
2068
5878
2164
7745
702
4115
3994
5130
8728
4094
1749
1426
3111
5756
3813
6700
5394
4057
1937
1010
896
6656
2385
5808
6160
3340
3580
5456
698
739
1184
2548
8125
114
5238
1452
3185
88
1818
4209
2303
1251
2069
1970
2579
6190
195
1914
1955
7671
8825
530
2849
5283
5731
4232
3197
7381
4079
2800
3412
1207
778
621
533
4319
4545
2036
494
10401
5179
770
10416
5570
4025
5945
3037
2063
6670
6105
5349
15
2807
228
7876
384
2198
3492
4973
4201
4200
4479
2870
63
8081
898
144
2793
4767
2386
607
5500
6276
2854
1327
5068
3004
415
741
5388
3861
687
3296
3067
8519
8489
1755
2208
6902
4348
7974
1078
10702
4606
4672
2119
7585
7191
4559
1048
2105
4053
6402
5821
3357
517
1792
2313
6546
2141
1496
4829
2769
149
936
2582
3080
5849
4527
4224
3869
2624
2220
1505
1467
126
4447
2462
2376
3672
1659
290
114
3007
7083
3390
10221
4647
4199
829
2260
5171
4770
2490
7534
5259
3558
4729
5200
3584
4345
370
5730
1268
5448
2043
2020
839
5691
3710
3111
1265
9615
8566
4551
1930
1072
4629
1645
2837
1774
5157
3983
6506
8808
1000
4568
5422
6033
3503
199
3738
854
3890
6786
6569
1075
255
854
4547
8542
3005
8443
4277
5055
883
471
2524
3737
1537
4548
4613
1436
2740
4901
2288
4313
788
2217
1763
5571
4820
6456
6236
2739
4821
6304
1472
6865
2521
4987
777
1215
5560
3536
2901
6774
2414
1365
6604
1954
1555
4769
9114
1037
1678
6365
2349
1888
3645
5709
5662
852
4350
2194
5365
3943
1872
8700
2189
1496
4446
3398
1007
6188
397
7748
2046
1198
5229
2336
5180
97
55
1881
4713
4168
6394
3599
7011
2520
1577
1460
5195
1799
1706
482
8539
3684
4929
607
881
4573
1881
6285
4000
5038
1218
740
2986
701
8525
2418
3718
1265
2016
1359
9046
5014
565
81
5829
7399
5544
9551
1578
3541
3267
10169
7157
3851
2518
5790
5333
4517
6714
1326
4116
4350
1801
4375
3365
292
8458
6697
3233
3983
2106
1396
7380
4534
973
943
8643
3710
8010
6831
7632
9271
6226
3043
5837
1359
2629
4073
2711
4892
6763
3196
2756
6145
4379
4555
4629
3191
6597
1760
6906
4854
2485
2318
2094
4881
3583
2552
1483
4987
5382
301
1431
2076
2283
464
490
4044
824
9039
6974
7542
10242
7667
6486
834
2554
420
2988
8486
1348
9075
2007
2525
3172
6913
4534
66
7509
4588
7307
844
2595
1845
3776
459
5285
2041
332
5793
4537
3685
3713
3655
420
1888
4686
3385
5492
4265
958
2853
4667
8194
3529
4131
3938
41
1169
1828
5144
6051
2951
627
2952
5571
15
2829
670
1766
606
4119
64
6063
6745
7237
7842
2002
8187
8331
1856
2591
6930
3679
1453
1322
5338
2159
8497
1623
4334
8581
2759
650
3175
8419
1173
2482
8215
6494
5835
4899
272
4743
2460
2434
7179
8550
3020
3597
6102
8271
4853
4011
1291
1361
831
324
3212
1629
572
4724
3247
6361
2484
9
5773
6236
4847
8459
2401
3041
118
9852
6325
3051
1996
721
293
3493
153
6698
1814
2670
1721
1224
248
3703
3466
5796
3335
6271
654
1580
7097
693
2127
164
131
244
300
572
5400
2508
5677
5551
6096
2016
4154
9708
6216
6461
6101
169
10059
91
4619
4102
2195
2439
3368
2584
4226
238
5513
6657
5165
6416
5844
1027
5154
215
8164
1454
2902
2209
2029
2673
1820
2284
4099
2556
840
543
2237
1359
1090
550
4926
3909
4173
5478
4412
4418
5109
213
4780
5286
4345
4963
3191
5000
6313
2477
8061
4410
8676
3717
3793
6960
7012
1222
573
1357
1575
6375
63
5521
281
6307
5265
2958
2612
5356
329
4303
329
7435
196
653
1816
4369
855
79
4512
9399
1710
1984
4761
433
2062
9110
2360
4061
5417
9197
7035
8184
5335
8450
2174
5261
6069
1742
10259
613
1084
3464
5139
5127
2765
7678
1525
734
10945
2835
1050
6774
2960
3887
8667
4050
7569
3677
1900
113
5972
2384
9251
461
3517
579
1783
5152
2848
8662
239
4475
3296
6150
2225
6272
369
5074
1099
6113
751
3056
4651
560
7093
5464
6159
6877
1017
928
1020
2568
11182
3186
6243
3164
4819
4816
409
5848
3807
1193
173
2724
2788
4876
7589
1820
2928
468
3802
1995
1359
726
2751
3114
7323
6857
1162
2024
7125
1025
4888
4754
1875
7416
418
7774
5452
4145
8023
10708
884
4084
2024
3559
7349
3426
531
4321
3127
7401
4166
7369
826
3730
8210
3339
477
7064
7374
8937
2289
2470
768
7078
6135
6856
3896
5435
1507
6911
1263
4078
2388
8037
4329
6237
3631
3769
8002
711
1680
5520
472
6176
7055
10987
7514
2148
9190
4046
4646
7554
986
7314
3419
2606
2084
205
7785
2373
6330
1806
1023
87
4563
5841
5197
4871
5230
250
1332
3204
978
6174
142
6335
1650
5542
3847
3714
3155
436
445
3638
762
9628
328
3479
3031
2814
2297
10231
472
988
1832
684
659
8172
6433
10653
4115
4608
8384
5079
2934
750
5222
4799
5702
8772
7083
5558
6778
4626
244
6585
227
1827
9822
7330
4163
4058
7291
7345
3427
3233
1623
3226
6375
1372
7355
3916
9099
3958
103
10614
6194
3445
1928
9095
3365
1573
1771
4083
9864
4862
2186
361
1262
826
1873
8080
5358
1464
2019
4963
3640
5419
504
22
24
1551
3452
9205
69
3587
6560
4214
1250
3030
4729
758
596
564
460
100
3592
4834
2640
1306
8177
1868
5500
5798
6002
2270
8010
1819
2653
1656
6040
5769
753
3792
9235
3391
3070
3991
6860
7914
7416
4182
4177
7502
4634
9493
4963
4715
3631
9238
639
7714
6530
5204
8895
9260
1638
4934
4738
1135
3850
3606
2466
177
9645
2642
2053
1440
720
10980
778
4633
3037
3384
1588
560
8041
3331
4545
389
2316
5475
435
4242
8229
555
4952
4637
1160
4724
9473
159
11247
1088
209
4365
9729
2771
2352
1684
5356
1735
4568
2909
9898
2099
1451
1517
6609
1180
1026
728
6824
4896
1737
3762
8979
4041
8844
6121
5320
999
10760
1188
6989
2760
61
6589
481
3848
6780
1147
2952
2931
6825
1371
1195
1415
4759
4274
2739
3288
4460
174
3330
2613
6241
712
1626
8361
5802
3979
4980
1145
7502
3517
6150
3634
3853
1904
2648
4614
3248
1090
1065
3063
2672
3241
229
7068
5546
4551
410
4343
1029
5885
8514
4389
762
6961
363
9137
4141
3989
85
4576
2932
2552
5353
6719
1287
1726
6579
1252
4511
2905
4047
2061
7991
983
1243
1087
3469
3738
4405
2645
424
6416
202
1737
7818
1228
4248
3702
1058
370
7333
2752
4139
2778
8737
2892
4288
4444
9321
583
1292
8265
8316
1826
598
66
4060
7966
4639
2129
6984
1633
9681
5328
1855
1188
3921
7597
2079
3277
3442
1220
3097
5913
788
2146
4548
5196
5845
5144
7359
4320
6588
3146
837
6281
1484
11472
7664
6898
206
1503
138
2005
4709
4830
5843
3785
2456
3747
1437
8047
257
1556
752
8034
5691
2695
9167
117
1076
9697
2839
1545
1701
8178
2882
7503
6333
7602
10277
5642
1267
4601
3544
4574
6162
1768
1138
6163
6186
6949
7039
5685
3967
3160
2689
3347
5770
4531
3260
4526
4466
3272
3364
4164
2157
5872
9514
1892
372
6283
3762
8634
4069
1876
3080
1914
5322
6730
1938
2291
5817
2006
10775
4
389
1366
9403
8836
14
5166
3515
4015
3616
7627
7007
261
8645
7999
3876
8500
3577
4508
1221
2272
4788
4220
6248
201
4667
5387
3344
1057
3784
5931
4655
9050
848
4028
945
3110
1548
1517
1274
10666
5570
2902
2068
7820
8725
5815
4984
1244
6513
9392
2114
3867
2653
933
1645
943
32
3561
2049
9114
660
259
232
1404
1841
5366
5273
6956
11101
934
1162
5126
1574
8312
2271
7774
4394
1769
2140
3740
6363
8228
6116
4114
1117
3182
2757
236
7841
769
1387
2102
410
2525
6662
1443
8193
2946
554
6608
7968
1630
2019
2588
3746
5872
718
396
1590
1225
5415
1557
5604
2713
1436
3322
2982
7195
4725
3544
9293
2585
646
8411
2800
1407
2902
2035
589
4898
5414
2652
6459
6269
1230
2728
3699
6176
3667
1442
10211
4422
843
3845
394
2652
6323
2003
5860
7981
2568
3662
1177
5161
2972
3938
2871
2878
1687
4165
4210
4481
572
509
8170
11038
1313
357
10958
1634
4537
1133
1137
5158
10826
5072
1803
5949
1543
7877
2578
9913
3876
2532
6519
7
4539
1729
1815
1234
6306
4591
5742
5639
8426
847
1454
578
2817
1616
4302
5667
3064
948
4073
6315
6309
1491
10197
323
2624
2895
9241
3555
8703
2008
7308
7049
5128
4582
6222
3252
2248
3374
75
9237
10640
2161
5941
300
5793
3331
4515
4480
5573
476
8965
3353
6646
4113
8517
123
71
2206
3380
4892
1576
68
1382
360
4979
477
8166
4522
698
10789
6180
4575
4337
2858
2458
4138
1913
5604
6714
2092
1932
598
3494
9269
6952
4306
4076
236
6079
6992
5032
3741
6130
4186
9235
1927
3419
1292
3029
2540
6105
2440
3460
7596
5311
6488
6404
5832
6058
1018
7307
4181
1863
8184
5878
301
456
5202
3295
7161
1872
538
4572
7057
366
11435
4045
10777
1784
3848
4239
4077
4978
682
4715
864
9207
6469
238
1439
7645
7927
8654
1975
7237
5703
4776
2305
5285
343
7944
1450
2224
669
2637
8147
1435
214
7333
302
1060
10475
3912
2750
7862
5248
75
522
6800
7424
5605
308
3082
1488
2921
4205
1194
979
3368
2398
2319
1284
660
1644
4789
246
3740
1318
1620
885
1813
4811
6019
3308
350
7920
3403
2704
330
1705
4286
2208
1938
2899
2866
6287
1813
8499
2048
544
1163
509
175
1088
1277
6215
1860
5838
699
8889
2320
2569
1607
206
4556
148
6102
3304
3006
2495
6373
6559
1181
7340
7800
858
4447
568
30
389
1889
3267
3290
5860
9867
6429
5756
2120
8023
1309
66
3083
2283
9169
5737
2271
4739
5727
6517
4644
6681
3804
4955
1321
8410
2663
7232
2642
4388
1812
9831
5174
4117
6895
4289
6015
1376
565
8068
8478
9055
1150
3227
5451
1097
4329
4168
1513
1992
5434
2646
4688
1880
607
2894
532
5110
7389
2044
3400
7870
1597
4022
1907
2628
2330
4851
4279
6792
4310
4431
1289
1530
7693
4484
1443
3083
2488
248
4922
2245
3316
331
10330
5865
8408
4692
6874
1438
7094
7577
5171
10192
9851
2810
1913
5809
5272
4826
1280
2702
642
188
3385
1646
726
7765
7927
10143
8019
26
7171
966
735
5974
802
1380
2108
5885
87
514
9257
4974
2392
1918
5313
1703
6411
5652
1084
8427
5902
2137
3534
7332
1470
1824
1046
2251
2584
3882
1190
3804
482
9250
2817
6441
4409
9285
7463
1975
6044
9676
960
2404
3973
6760
7121
7519
7809
6781
857
6676
3152
4091
4074
1169
8556
6179
2187
5230
1451
7743
1445
1466
2091
4062
4878
2567
4393
10926
10418
3522
4463
2583
3783
9499
878
7108
383
1927
1400
836
4310
8409
620
5905
198
3542
8150
2047
1136
1465
10414
3754
7838
3371
7084
3487
3095
3210
2215
7314
4532
365
1258
4947
3118
9051
5482
3327
4764
2829
8789
11457
5750
4078
363
811
5096
8011
4932
7153
3097
1366
6840
6834
1830
2300
1042
5697
154
8632
2876
6870
9915
1768
1421
3169
1011
3271
6848
6684
1354
596
5017
10378
854
1794
7002
1184
6885
5477
9051
3777
2451
8773
4234
10699
2174
5883
6847
3736
6975
3095
455
5697
1659
1523
5422
1900
21
8315
783
5927
4210
7813
1605
4020
9459
1594
1624
11083
6319
5920
8250
2331
1357
4787
5433
4645
3634
581
5645
2673
3183
2122
4800
4335
2207
139
3851
2652
8328
2927
9209
2368
204
809
1691
6073
1813
1190
1425
4460
3083
2548
3668
3124
8072
3450
7822
908
4885
2367
7353
4520
4011
1628
7620
434
4523
586
502
867
3004
3746
1060
5206
8998
1863
11441
4323
809
2503
1487
1326
1601
5652
1393
223
7974
7579
833
4818
6574
4835
3307
3155
2028
4438
647
432
6271
1645
966
2768
738
722
4579
2616
6325
2914
9240
6726
5534
2765
1954
1611
5783
1228
2118
2447
1221
1590
723
7894
7681
3170
12199
3901
3885
1326
1082
1926
1897
1945
8336
5400
8272
930
2675
6056
957
3416
4897
5363
5488
4592
3433
4207
885
5325
7475
5368
1108
2680
4970
1249
846
6114
5626
2774
6763
9830
2972
5128
6243
76
6646
402
3934
2091
4387
1932
1362
9224
181
947
10696
5429
6606
1926
6649
4782
10639
2514
1079
5239
9561
4575
10525
4376
813
531
10856
6973
2653
8044
5876
8351
1035
371
1373
1525
3870
1997
965
4874
664
4643
2975
8181
519
135
4510
9085
6647
3981
6468
1755
2541
10960
2789
2694
1658
11225
4130
63
4786
1018
8033
1130
232
1884
6225
4666
2835
7840
6166
3958
5164
9923
2143
3824
2071
2458
49
9072
1622
5778
7099
1192
4045
8724
885
6010
2590
1289
7078
6505
3162
3440
9495
468
11836
6346
7107
2852
3951
9223
11044
1444
747
2652
4845
7229
2907
3366
3590
6640
227
1503
6452
5887
4135
6054
722
2303
1839
3437
4591
4396
5254
7264
3991
611
1696
1726
7649
181
54
7406
3661
6909
5704
3144
2309
3933
1164
3435
2332
7967
5171
3464
2441
2010
1037
10504
1001
7287
2894
5465
1495
43
2230
5219
2806
1243
6306
760
4044
4361
4177
573
6218
87
2064
1722
367
10224
1244
10864
2886
3878
9025
7825
5990
4876
710
4180
2512
2701
9105
4077
3314
150
801
708
8209
1066
177
2727
958
4323
2054
8512
6889
1187
110
337
3624
7854
6583
8192
3185
5937
504
1199
9946
5402
6461
8053
5502
1492
1987
7334
5699
3374
1306
2453
979
5332
6665
3540
2813
7364
3326
3807
5078
6924
3912
2543
3510
6584
1862
3069
3628
6475
378
3589
6077
1213
4349
329
7572
5776
5752
10901
5708
5534
2434
5101
4961
5511
8080
5581
1929
454
3612
146
668
3051
3351
8964
5809
10372
9561
1284
2544
1822
3999
5786
7438
6049
5096
7690
5448
5113
1714
1387
9065
295
3207
3848
1349
6776
1428
7007
5899
8491
939
1828
2443
3576
3662
3375
5302
516
4367
9684
4980
9958
8562
251
6809
7736
4187
289
4090
1701
8641
731
463
9402
3555
2684
350
2762
3652
2389
6722
1033
994
5102
6093
6249
2488
4554
593
47
1263
7312
2930
133
1316
2722
5569
2159
1774
10085
4847
3900
3222
8041
4924
6464
11938
5239
5749
685
5763
5658
354
2183
3283
3123
7464
1439
53
8490
6553
2191
3142
4380
9305
4840
8341
1165
2566
6662
9365
9367
7207
682
4717
5544
7829
710
5795
254
5573
393
2966
2907
7822
917
2612
2149
825
3854
3149
927
10605
3111
4425
9187
4155
3940
1784
8114
4460
2475
2048
7372
6687
3901
5675
3534
29
1417
2812
7134
3485
4119
3281
1455
12130
10083
618
3875
4215
8538
149
3833
1987
1177
154
2464
10217
1731
1763
2662
3224
3685
7264
10960
2652
5396
6041
8499
4721
5080
5714
4802
75
7859
11882
1336
199
9730
5806
1411
1913
364
6696
2398
4807
2045
3431
350
717
490
2386
5795
486
1960
7702
158
692
698
512
3377
2454
7578
3169
1195
499
919
4798
969
1930
9098
2006
181
9485
11166
8266
3223
1081
3981
4160
1551
6772
1363
437
799
7901
754
11785
1378
2170
1609
953
4841
11038
10091
4772
3984
4564
1704
556
4043
3160
3252
1578
647
11603
879
6648
5524
10981
3632
5998
909
1468
6244
9883
2540
5898
1931
2863
2650
708
67
1898
4852
7896
3032
1034
2171
3283
5851
384
10453
645
6189
1609
139
289
5185
1840
7669
1416
3218
34
940
1548
2773
4764
5815
3081
7453
3459
2384
11900
9770
4313
1817
2896
565
7499
2808
5211
1623
9735
2986
1352
3290
4617
4588
3114
5392
1793
2395
1884
6058
5382
360
4398
1988
1929
5149
3049
562
5657
412
3472
2022
4077
8984
499
6388
7703
3953
5316
4215
562
3039
6293
1579
2173
1946
10074
4225
6946
10840
11470
1530
339
7124
8344
43
2342
1166
1030
2810
1248
7794
5000
1200
325
1537
1238
392
2356
1392
809
8563
3180
1724
1553
4041
2051
1556
2010
4735
6057
5642
7056
6403
4766
3100
11227
1241
2048
10249
7380
3715
4157
8770
2980
815
4943
1544
1205
2409
5380
4123
4324
1677
11175
5762
2091
752
7473
10823
7148
464
11891
7009
3133
3887
536
1333
4245
6717
1778
2824
9096
9257
3978
3223
9362
11235
1237
592
2138
6485
4698
2418
8663
4240
9841
1238
8735
7017
1470
4540
3895
7175
5055
5500
4320
997
3818
887
10940
5900
8679
64
1186
4522
1537
3905
4060
7827
12071
415
3591
1552
7718
533
2237
1397
7233
7069
1840
2021
2363
7294
8194
7219
2185
5071
4922
8603
7049
4661
1093
5103
7834
4115
607
878
11902
9095
1174
9710
8215
9205
7895
8588
7011
2413
1219
406
11102
938
4830
4465
945
2056
7010
4708
2085
493
2523
7218
83
2961
9325
1495
3386
2150
10091
8734
5104
6632
2809
10999
7875
530
7185
4449
4325
11078
3257
10343
640
3361
2158
5125
5278
3414
5773
598
6188
