1192
539
2359
382
1426
992
208
1379
2387
2478
756
361
349
166
93
1216
1237
118
2136
669
482
3037
1884
326
290
1290
1584
2935
1860
199
1488
167
580
1307
912
567
600
2457
329
3330
1162
49
564
1280
78
2664
1470
3274
1607
802
328
734
453
24
222
1287
462
1080
2868
2460
3369
292
1585
1267
2428
1206
2104
1945
1492
250
1355
88
1175
1901
1797
2706
1228
2411
2437
2406
1341
480
57
1
2462
791
2634
1501
1394
1661
658
1476
484
1642
383
1380
2951
1614
2402
1657
2242
1515
1031
1489
1321
9
745
73
1015
1046
1788
3143
30
197
293
1973
22
512
245
3655
2549
4064
97
1100
384
857
1668
12
1530
1471
1791
1018
1899
1240
1518
2033
2900
2428
598
955
2136
1441
2114
3182
1715
536
1874
1169
1423
1552
2637
717
138
260
517
2039
2614
1397
3607
606
266
2358
1546
1722
1400
836
2576
1312
1860
654
535
851
342
1475
1005
2369
1153
989
1656
687
2412
2952
1858
74
1977
1315
1723
1846
297
873
2412
2975
652
1181
93
281
702
735
415
1630
310
579
1387
1305
56
1000
1493
677
1420
419
1092
891
1088
1839
947
2961
306
3275
80
297
3300
733
395
719
197
266
163
690
2775
2173
2954
3034
469
350
1712
777
1801
665
1755
2321
2721
885
110
399
1224
438
2867
10
1457
905
1247
895
327
1678
2239
1001
1722
405
1005
3099
641
1941
566
2861
1698
500
2063
3492
2169
3153
1777
415
2191
872
2988
1621
2097
799
2233
2988
1349
790
675
888
390
3797
2137
2273
240
32
2855
615
1076
1230
354
2710
2849
394
350
1725
721
1559
87
2297
2600
369
389
29
1585
3128
362
1738
1653
782
3005
1627
1123
3498
1025
2405
594
692
2405
3975
1289
1636
786
1012
295
2000
2161
854
1398
1539
1843
2363
2909
2148
2447
2542
229
1929
1434
1052
722
1032
419
3174
669
743
2019
1619
644
1379
1004
1648
1268
583
1290
3763
800
194
2328
615
247
1233
1483
122
1870
2386
3274
316
1880
1425
242
186
2261
1089
140
294
26
1119
2055
529
1342
1772
1263
2101
2415
396
1699
502
1740
1112
2004
1127
81
505
39
994
1408
266
492
3863
1594
501
1049
2
3912
3603
244
641
1180
1982
766
1868
850
3248
74
737
1502
2327
30
268
486
1183
3296
1494
2809
972
278
916
2623
2761
132
1181
1778
2896
2375
1600
1731
296
101
864
303
3493
987
942
3650
2875
3668
3976
2749
1172
983
2832
2616
2733
1893
3467
703
1600
3243
905
896
2010
1023
120
1418
2222
1529
1955
1164
2821
3007
1882
2878
1855
467
2082
744
962
96
655
1358
140
671
1787
575
416
2943
208
1446
1960
492
1266
529
938
754
2166
3994
126
1112
76
322
1133
186
312
399
1205
93
167
2718
2417
1709
3613
3102
3403
3960
372
2175
703
2040
1603
1646
23
2196
1459
1157
578
206
3170
2583
3423
2428
828
1481
1424
4103
212
1618
3254
1014
3431
967
1001
175
852
390
2080
1752
1878
1652
1564
1331
2747
752
2724
620
2914
560
438
256
1965
3160
1073
624
1536
2753
1867
196
2836
3248
989
709
2315
90
2209
303
273
248
2766
2420
683
783
3359
865
13
1187
2255
1571
1744
2353
29
3972
1085
2385
777
452
346
459
2721
59
1270
2428
60
1460
1014
400
1496
1213
957
1134
2014
481
498
3765
2456
1058
621
1187
2947
730
1364
541
925
783
1832
222
192
2030
1309
2217
859
105
1313
2110
948
2196
2248
571
3039
107
1580
453
1792
304
2340
1133
81
1637
1962
1055
1527
2322
3083
948
1585
2045
145
3835
3087
1656
1704
657
2483
3522
679
2768
2615
2580
1037
1093
1054
192
988
2143
1481
353
1126
1204
1279
1458
772
2280
1515
2789
863
1467
577
115
3065
1424
1256
486
1509
2499
1615
1570
1571
1479
2088
304
1337
2034
2519
3073
211
1445
313
2379
1381
1463
2072
998
3941
433
1307
314
482
2178
530
352
200
571
1108
1604
747
735
2271
2782
3324
1257
2080
160
1261
808
1928
385
1386
2231
2552
2852
218
1171
729
497
673
3024
431
1293
941
488
195
876
2700
1299
361
240
679
3521
1871
1356
2395
2119
755
3967
2552
1436
805
1780
1101
343
1677
1737
3129
1914
3191
132
2618
756
2312
3
2024
2330
2550
655
1000
1745
194
57
482
1396
550
233
939
1230
1769
3953
2282
2438
2417
147
2683
551
959
1159
1301
2565
1621
3022
1622
608
1529
1088
2723
503
4019
481
1291
177
3240
2608
954
17
848
3926
122
2363
1747
664
143
1243
1275
3769
2402
2034
927
1417
1605
365
1756
4
2503
2444
161
897
1597
37
2912
2027
394
895
622
975
1795
2039
385
1942
3416
761
1860
441
370
844
859
2786
1420
2446
1793
2887
1533
425
1181
1292
2270
354
932
2097
1533
616
2302
360
957
389
2249
1179
1909
414
1044
949
133
1418
1960
674
3071
891
677
983
2186
1997
2169
2468
3453
2042
1321
1875
994
1003
622
1585
3141
1006
996
1106
656
1236
1077
1153
1481
1005
769
2230
670
3050
878
990
652
164
761
909
2315
846
2269
1087
466
1301
2714
1603
1805
638
2231
2364
1506
1614
569
1105
1938
1062
2204
431
2338
1236
426
244
664
2207
2871
350
2822
2233
225
5
1186
452
1113
594
3836
1093
711
2913
1357
778
706
1825
239
2090
2036
1681
169
2680
222
129
1753
1962
2715
2367
224
2852
2013
1119
1192
810
2185
1227
772
1286
1959
1153
493
249
277
1846
1221
2396
755
348
602
216
1227
300
246
552
1984
440
2297
626
125
786
877
2441
1420
1692
1803
726
10
3045
98
52
540
2082
2021
90
3552
921
474
756
3752
1380
1618
404
3179
900
306
139
984
339
1876
1131
622
3029
2123
2602
2392
3913
1918
2317
2508
1563
746
3346
3372
236
191
1637
445
1901
1176
3818
362
1861
2351
3275
3673
1023
3415
2259
54
192
4261
388
1345
2218
1700
1156
1212
1803
602
1141
1561
3476
779
2234
1138
2972
355
1540
2004
601
1032
1166
348
1186
1588
1663
2110
8
802
3140
371
4154
104
2321
292
625
1866
729
166
1283
796
826
1568
682
1978
602
428
2674
889
133
738
564
870
1665
447
1504
882
1591
1243
1962
53
263
493
3280
567
693
531
972
619
682
1861
803
2657
1670
1224
687
1067
594
1418
994
2010
544
249
3718
1123
1125
337
2160
2037
135
2001
1106
32
2229
3555
2753
2460
192
420
1522
3399
2403
1269
49
1868
1711
2266
443
2943
3331
1140
1473
2650
2714
982
862
1890
1812
1939
107
1899
60
1237
2617
63
90
2083
1651
3027
723
1142
3209
2890
1395
933
154
1187
766
1452
1984
1601
3241
13
1698
1016
527
521
418
1101
1017
2165
2877
258
1461
797
1054
1642
781
2256
2896
806
2759
1494
918
492
1517
1693
253
1819
3682
1995
1209
713
1246
1600
1148
95
58
966
967
434
1274
2748
315
2759
1445
558
110
2743
496
676
1057
466
424
915
1219
3105
2633
167
3550
1778
1052
2121
2760
2256
864
1283
219
1740
2762
2976
3057
1659
575
3612
4196
2661
1493
1073
1705
217
962
1449
1050
2442
2751
387
1613
811
447
483
700
766
1672
1433
2809
3157
1650
3047
608
2462
541
1661
721
1555
2644
1982
312
977
1092
620
2121
2327
565
422
1625
3110
1567
1698
3088
3820
1113
2560
659
825
1708
228
378
800
2221
908
2920
2612
455
1059
136
2087
1019
194
3307
2474
812
3116
348
1094
2644
779
27
949
3598
827
1705
2555
1289
2807
1600
1325
965
1575
1395
255
2369
1666
1284
1503
398
1724
482
3192
385
2453
561
256
2236
175
2701
1663
431
2053
1503
11
103
861
1351
2315
2423
3472
96
404
3664
696
1109
313
95
1070
2527
341
91
93
3386
1411
866
1260
1499
4255
177
4395
836
2120
91
137
1600
3309
1125
949
378
1098
2620
2565
1023
1969
1019
1966
149
256
1089
2074
4137
2849
353
1250
1409
2461
3756
522
1311
3444
2277
831
390
2818
1069
2078
1538
1157
347
2136
67
510
2608
747
614
3820
329
1391
386
3084
310
128
1835
3242
1653
2498
2381
1989
923
1035
506
249
255
3286
1855
2860
90
3319
2805
1043
1574
3423
953
1486
1183
343
2385
1468
3456
3439
1652
2231
779
1265
2199
989
3576
358
1787
132
1842
2135
731
2081
375
325
195
770
14
844
947
17
210
1511
2885
1766
893
519
1827
3530
1192
3564
87
1770
2030
1034
3506
919
1069
1660
271
1404
31
943
1049
1013
1371
138
307
1185
2434
2850
2950
430
542
2333
2028
201
350
138
53
2097
1689
3231
3645
3108
1970
1588
247
1939
1480
2296
2136
680
1342
3027
2747
1677
179
3262
27
883
288
105
2159
2134
215
728
3384
2199
659
491
108
2492
3336
1345
4102
2179
270
1662
2287
323
116
1394
71
1883
1921
1148
2395
2922
1296
1190
701
2352
3232
805
187
802
926
500
38
3932
2635
970
434
3384
2077
2292
1691
406
3214
885
2907
1084
1173
245
910
1055
47
612
1588
1371
2441
2449
224
957
1638
1253
195
175
260
3323
1591
2012
2023
1578
2066
444
555
1235
3932
3229
279
2933
1359
2607
1418
1075
973
1417
1681
743
582
2490
717
1646
1857
1436
905
2124
270
1205
1776
2974
3187
1435
206
3259
1820
1241
2691
3782
1259
3060
1847
17
1462
1919
2139
988
24
454
2881
2148
625
1508
336
549
163
1284
3614
2423
959
982
3090
1354
4122
1519
1015
1589
994
179
2060
562
6
1016
525
551
2517
4061
779
594
554
862
27
48
3283
2184
3531
561
1098
1
1182
4145
3220
2913
2619
1386
17
3506
1052
2266
354
39
3093
617
2083
620
1374
3905
117
3173
298
521
2100
160
3226
1848
1138
1422
84
570
1565
638
3350
364
3239
796
2582
1532
2923
2690
1846
1878
972
1582
3050
2312
1151
172
2241
694
3860
17
1559
301
3452
126
1361
3155
2397
1990
1776
1299
557
203
682
214
455
1820
393
1928
2707
671
1181
404
92
53
991
716
2350
1941
1396
337
1939
2551
3124
1129
1829
402
864
1457
1818
2733
4286
913
459
2596
139
2143
2284
419
2495
2060
1640
975
2122
2828
1551
1406
1088
2199
43
2344
237
883
867
1692
3135
625
1487
166
748
1014
351
2244
2894
190
3116
2086
1196
2168
2424
296
1504
295
3718
2264
228
1330
1461
3082
1347
723
1164
154
3003
11
2805
1883
1022
3042
525
897
4307
3418
1523
9
252
78
332
1456
2907
942
3966
509
782
2485
3017
367
1466
1007
582
2433
568
2133
3219
2386
1662
1092
3741
4377
1790
923
3210
2244
250
2515
1751
646
899
2357
614
1647
1077
2415
623
4000
1232
2099
16
1920
2649
732
1562
1844
1515
1018
457
443
3949
2887
751
2499
3050
1105
1379
2146
1360
1203
598
2340
1886
408
2963
750
307
2178
2443
3600
4156
950
223
1555
707
1701
1884
2258
918
479
996
471
787
341
497
458
1429
2522
1750
2096
391
2590
1744
3050
2593
716
558
12
4055
1951
734
1706
167
858
425
2525
1350
639
481
798
1103
2378
2607
2395
456
101
1562
2564
1996
1485
2302
291
513
350
1716
2855
1916
248
1268
3033
2621
2962
703
1090
1851
1234
189
2683
1464
2047
3116
3125
895
4439
2012
3034
318
45
1453
1971
1720
2455
116
774
1771
2887
622
2377
2498
2628
645
3630
46
2379
2167
1854
1659
2381
1178
3042
1739
139
1125
1742
3445
306
986
2040
3534
1221
2055
2126
90
1012
94
1979
3071
2819
273
1360
96
1511
186
29
1974
1521
2610
2387
2634
1020
2307
1250
2543
119
697
3294
1269
2257
1334
3242
2213
1567
3201
1140
1738
3560
1307
1265
678
2815
1227
1998
590
4536
572
2333
419
1175
376
3350
730
996
43
1645
2158
327
2496
656
1199
123
2799
326
456
190
74
2478
41
998
1543
2575
1599
589
172
2797
805
1021
106
3482
4125
1846
54
2134
260
696
96
352
1111
2665
1833
1146
1322
2672
3166
256
158
1901
933
1592
1656
1978
2226
1689
332
1405
1609
1983
592
1877
613
1407
1206
454
1473
1875
466
176
44
341
2940
1616
1652
1543
123
3241
1556
3146
1821
577
297
3843
820
2376
563
3745
1059
2714
1328
867
1508
332
3869
2042
354
1917
355
2537
1715
1157
4211
3177
3406
2169
431
4358
2238
1490
522
654
707
274
583
2931
1248
2654
1602
2957
1607
2409
3105
497
403
149
1449
1564
1759
1688
1623
368
2228
1761
824
2888
975
2105
1005
3398
1612
1528
1936
2544
1526
2019
912
831
1732
1864
1820
2197
2941
2331
1309
250
450
1709
1894
718
575
2068
3839
1296
1174
1755
1166
1123
1995
633
2524
1252
2218
108
3094
2394
736
1723
1899
1452
151
1947
1327
1375
1271
1900
2474
3665
681
1599
3622
2340
2598
161
850
3994
2151
3167
1354
25
625
3602
2494
3172
486
2705
772
959
146
660
462
2061
2281
301
2776
158
1986
722
1037
2672
530
1290
1053
2380
2104
734
3615
2198
2583
1846
1552
771
2187
3045
1142
422
1446
1043
779
2157
1458
1452
3961
3316
755
597
1805
1865
28
2128
2399
583
1331
783
297
1495
1573
2809
280
331
1096
3504
3192
852
451
1012
1810
1023
260
2707
253
1775
4
3688
3092
1560
1125
260
634
1993
2105
1158
1590
1429
1740
51
244
1808
366
3242
754
1672
912
1854
1382
2045
3427
2698
510
1547
5
1834
571
2168
1972
387
764
1785
1280
1819
794
1038
1110
1285
1683
2644
1844
840
1183
1173
2033
3087
45
1756
1598
826
2477
1829
1514
1580
126
2753
99
332
1599
965
84
3372
3663
1197
3832
1002
2086
138
133
421
1008
1724
2979
1508
1278
1259
423
159
1561
3728
3261
2357
1930
251
3373
2694
1121
520
356
394
2459
689
37
1484
267
1689
2746
1442
2467
7
1581
2812
1408
1978
567
816
952
3337
1167
691
1899
4014
2735
2717
158
314
993
211
550
1849
2494
3324
2269
2569
4502
3041
457
399
795
335
3806
1553
1934
2668
1568
526
980
1414
1437
149
2646
415
514
722
548
865
637
3117
922
2100
3073
435
1142
1185
206
587
2734
76
2840
3372
2823
508
1698
1334
838
847
82
1423
2449
3454
2314
2074
3014
2718
1801
2219
1292
2283
1177
1662
68
1790
919
3342
2081
202
1334
55
1430
3848
1529
1743
109
633
535
2289
1630
2604
1231
945
181
3027
3019
1153
3240
1003
533
1331
1790
2834
779
1874
241
162
3113
1073
249
985
2543
3605
3072
600
439
2454
3175
274
931
647
4572
70
503
456
2779
1921
3265
765
1041
2567
929
318
1179
2659
67
3312
3152
3354
1329
89
1470
1301
952
4102
1310
1490
2474
3088
2478
2718
730
3066
758
2512
2486
3227
665
2051
211
15
3024
3030
1411
516
339
768
1086
4329
2091
3272
157
741
2651
609
76
1617
436
1074
1983
3593
1270
1608
950
3441
2332
2616
1406
2070
1386
804
1217
1570
382
4189
694
3080
1415
2572
457
2680
2037
1919
1338
1112
3515
1136
527
963
2650
1650
412
4200
2601
897
1844
60
2572
549
901
2165
176
753
1183
2160
3655
3009
3133
432
215
358
1865
231
3016
388
293
2152
2932
3220
566
1047
1984
735
1091
1176
2196
4217
1026
3707
3374
170
877
3519
2331
580
1047
407
3598
2129
484
3629
549
1039
548
2233
3671
393
846
3115
2624
346
2406
512
459
1120
829
1951
482
1302
1093
3528
1531
4338
3495
2138
1960
696
2930
1139
2281
594
3738
1586
770
1114
4089
39
1623
712
1080
2124
1851
1637
202
583
3332
3639
1015
2681
605
3388
4167
2697
3183
701
823
2440
3689
513
1852
76
303
2403
626
1019
1200
3309
101
1456
59
481
2993
2244
2029
219
1115
1202
431
797
2151
3240
3672
836
1733
898
914
1303
922
827
1399
2030
2158
2300
1014
3526
80
2339
1364
1823
2383
339
658
2757
1204
295
240
2323
2225
1611
2120
1168
290
1341
2302
3815
2580
1409
2425
2772
1267
2839
4653
1702
1648
87
3763
2583
836
2538
1952
1237
1236
2327
733
1612
1167
3417
25
3012
656
1484
2441
2187
2617
4610
1609
2402
953
538
1121
1014
461
414
2520
1392
3747
407
1133
812
854
2420
321
70
41
462
2994
2358
249
764
472
2971
1663
253
1861
829
1741
132
508
2121
40
1718
1281
177
1290
632
741
3937
1465
4217
81
1089
300
390
518
457
2871
646
2257
1865
3677
1110
1878
3136
679
483
4227
905
121
2691
3719
671
1256
3065
3865
17
97
2208
2669
368
1847
1053
2693
1363
1384
1348
1477
334
1814
1330
2235
1233
2947
496
1695
2061
1755
951
2296
1199
1549
1313
43
2255
1061
742
1087
1458
3102
2692
2016
211
722
996
701
2120
1604
1769
331
825
2298
3203
2116
3743
474
344
478
2385
696
1488
4322
3127
504
436
2900
74
309
601
1280
1345
3992
161
1052
2990
1227
2100
702
3676
926
1289
3325
1938
1648
424
411
62
783
1311
2054
712
493
706
847
807
440
1535
1440
1614
167
264
1646
940
1399
1234
374
1909
1657
1091
36
1937
1816
341
1894
1126
3877
74
640
1435
127
246
1664
3748
760
1486
1164
975
1463
1191
439
1530
1661
162
584
1985
3117
1833
103
3270
173
2439
2914
1425
1085
802
637
3451
1199
1544
480
81
4162
1771
479
1816
3988
600
2081
2842
1258
191
414
147
1154
2646
673
242
182
170
528
929
377
542
3629
2602
2634
946
2203
1258
4898
3752
843
81
1487
3620
2148
1057
2190
910
2235
1098
3590
1317
856
2067
1889
1312
2731
2477
3294
1299
334
1340
4335
4186
316
1834
2277
388
440
131
627
3078
3901
3376
2933
2145
1210
129
1374
3646
4220
648
4193
1081
1567
3476
2130
592
122
1439
3748
2073
64
2970
1646
2234
443
1462
871
857
1030
2955
1079
790
911
2115
350
513
619
581
1748
181
1100
2014
2430
773
1538
771
585
1593
2246
322
3755
3167
217
1444
1127
2095
3327
726
146
1766
1808
720
1004
1534
3401
475
1657
3130
5
506
3092
220
1074
356
1053
737
2895
1341
1163
798
2272
584
519
1968
2527
937
455
3810
3625
1287
179
200
1425
3145
1515
437
632
217
2992
1028
786
3124
1311
597
1304
1277
1043
1221
2887
1583
3537
1328
946
2262
3060
1028
293
375
2312
348
563
2824
2161
859
2003
1515
1225
3834
768
1770
985
910
1668
720
1407
619
1862
836
2004
1648
836
1924
4330
1560
1372
1630
3414
3356
2961
755
3349
937
109
763
65
43
3889
2318
1567
1165
1895
227
2952
914
3069
10
219
3898
1125
2478
588
2284
1460
1439
286
564
2669
4077
344
249
2496
2883
1011
1276
440
1714
949
2875
2151
530
3670
333
3733
3331
55
2362
809
200
63
2819
2770
288
2581
421
55
2419
3138
1035
2862
1276
1593
865
587
1318
52
931
1737
1857
3686
2285
2695
2922
1225
2803
1926
2063
1625
2490
4026
1071
1431
1121
1221
1215
1768
1123
1826
1696
2647
1789
685
4702
3486
1986
3036
157
2937
509
1430
1694
561
643
1748
563
2588
3591
3421
1423
974
833
1105
3360
1544
2759
189
1939
2400
2402
1026
808
991
1370
987
1799
3934
421
751
2454
48
2681
888
1549
2128
916
1510
1999
2077
680
1712
627
1986
440
684
939
2035
1882
241
3364
1863
1118
2979
2755
458
2425
1272
2419
2510
2008
2138
342
1470
847
2115
1942
1316
796
1
1965
548
1347
3458
3085
2078
941
2982
1990
331
124
1898
2275
1528
206
657
1939
3946
1376
549
31
3895
3781
2520
85
2768
1730
476
2806
718
1689
852
2701
1318
2112
2481
134
700
352
4362
2024
3078
485
889
1108
284
807
865
2934
3969
1531
2094
8
153
1981
2809
1345
1315
697
3593
2309
8
1283
149
2757
1757
1617
361
430
92
2309
2724
4413
3215
1008
1018
1406
2798
3134
2166
332
138
1969
2087
28
4390
1494
761
161
1158
1722
1248
1911
2932
3479
1985
531
673
322
658
603
485
1747
588
28
2667
1083
1110
549
2519
4062
4286
432
1713
561
1659
3371
1376
9
4739
1883
2458
4172
289
2750
1607
319
3052
514
3812
3466
557
394
3243
4687
704
908
1365
3679
4269
2743
2101
4615
384
385
3400
4884
803
1805
2810
39
449
889
2240
1451
389
1123
1805
1235
1058
593
27
4492
2895
2773
3764
1602
1409
2880
1640
2058
3638
1165
1325
1192
2788
1287
1642
2839
257
1758
463
3789
1593
1603
1514
1859
3543
2805
150
2652
78
2869
496
877
1827
144
573
519
927
899
1511
756
1109
3190
2251
877
2633
162
4460
2992
3884
135
34
3765
764
1751
1486
1006
2341
1680
300
2272
2982
1906
1319
606
3480
951
1040
775
1231
3863
3597
637
1645
599
4162
2028
84
2397
132
1283
436
2084
501
1317
2281
2507
1301
1293
4108
686
802
2604
4124
1917
1100
2917
1272
38
2335
914
1027
692
1368
1264
1195
1610
465
2385
821
642
3422
1055
1890
1574
1967
2369
507
1668
845
3167
498
996
1183
1415
2483
1450
2723
947
263
1111
26
2794
84
3328
265
2996
811
1455
2800
682
1384
3674
323
884
2025
3133
567
1831
3504
806
1193
2809
633
383
1328
3507
1903
440
834
2174
952
756
2691
2665
2309
1294
1046
3832
1796
1088
798
1571
2057
2063
524
1151
1641
493
179
568
1736
1203
1271
2160
1098
837
930
303
768
3455
958
976
3764
3386
1670
686
1399
3197
2036
2699
388
4014
181
907
977
2986
1559
2211
1968
801
1221
940
1701
635
2881
2674
1319
3444
4478
304
1138
677
1796
1787
2184
615
747
337
1645
1331
1934
466
1551
609
156
892
2491
3877
317
3121
2158
1540
470
2076
2627
1323
3198
3989
1626
3320
4082
3103
1171
1354
663
217
445
2161
1529
1631
72
1558
2167
4325
3093
1712
2896
5038
3245
3160
3317
673
725
1413
262
1704
3543
3936
189
3527
2502
2628
4160
425
2163
4855
2134
1129
1351
1967
685
2561
1427
157
1573
2757
110
2878
4036
408
1628
2202
3741
519
1071
1753
2905
803
4337
2815
2666
2403
1777
2244
2550
292
2493
1117
2494
3900
1919
53
1691
1921
126
821
1498
1505
606
2069
889
1002
772
1869
921
1758
264
358
642
1571
37
1435
2704
595
789
1101
1809
1801
1735
1512
456
2923
3821
1910
2013
3439
2995
1358
163
2219
2322
1549
1098
1772
2128
47
4156
3142
832
1064
718
708
3776
2344
2383
2070
858
2095
1340
950
3060
427
1733
71
3602
2391
2149
774
3250
2167
1241
210
924
3157
1077
4271
57
836
604
2687
3057
1676
3696
2003
689
4240
3007
961
3452
6
733
3449
2330
1290
2348
2029
87
1403
3747
2333
2871
1822
1867
1041
1589
3020
4332
2530
48
735
2661
4521
811
1265
312
1611
2449
70
258
3971
2933
687
1636
322
4152
542
4667
1180
845
4578
524
752
3093
54
1555
545
185
1119
531
229
3240
732
4913
200
1107
1605
869
709
2185
657
3482
4254
1182
3434
2499
1600
922
375
3099
1976
202
3976
3808
3255
1677
1298
1998
913
1773
4718
4139
608
2880
2194
1273
4089
2907
2965
3835
285
1172
2012
1903
1246
2686
1025
1532
1475
2146
2520
2464
1608
3581
2484
2117
1378
3296
527
91
1217
638
3464
698
3737
1292
1147
925
3125
242
1038
368
1313
2940
567
1953
2356
2352
241
82
2739
3938
1076
910
2715
2375
1281
302
2209
1937
2990
1095
3732
1802
2455
3613
4498
958
526
312
2003
3060
956
923
1601
336
687
1315
3457
1598
2887
1827
2332
1708
3277
1237
650
427
1960
2254
3212
1995
2006
3675
1609
2679
3130
1361
538
2055
1284
4412
2913
710
758
2059
3177
303
2859
1104
443
2504
1585
2318
129
34
2458
1290
864
2661
4216
1219
3616
103
867
123
2627
2036
1563
2347
2247
3309
1361
773
394
2108
2628
282
40
1092
2485
2776
1597
124
7
3946
1680
1137
2220
4448
1925
3086
2257
1115
687
2545
3014
442
3520
762
3897
363
3919
665
2792
1801
205
2440
1131
242
1124
3305
4117
2929
1646
655
2001
910
2153
1703
473
33
448
1234
568
4592
500
1517
305
662
0
3512
1101
27
87
1093
3584
3877
339
3910
1136
398
4156
1783
4431
971
3581
404
1056
1258
2371
2881
2573
2036
769
949
1339
2319
29
3456
769
1086
742
1025
3083
2576
1043
410
403
3107
2224
528
1709
1205
2221
246
3809
188
1790
931
1705
2151
1293
434
316
1986
1514
3800
1440
2301
2259
3107
1364
1632
1699
491
350
1777
559
1867
657
2058
1135
4357
1636
2523
3903
2682
1462
395
4133
919
1387
2001
194
3149
766
695
1644
3508
2650
1046
737
187
661
2772
737
137
2585
1510
4234
3840
3250
4290
1621
761
888
2217
2501
3025
1547
3724
4588
1632
1648
1340
2605
573
2337
1459
487
2117
1741
1745
401
3173
1557
394
2345
690
2272
3411
1058
1204
538
392
1903
642
2291
760
3539
1045
3287
1507
218
3986
1079
3406
2644
3124
3516
1990
977
1436
385
118
2414
1666
812
1593
1520
369
85
694
1297
2845
2103
1826
579
893
504
249
1678
506
1753
2247
2969
692
1619
13
159
754
1827
1113
1568
1785
3087
277
379
1728
477
1353
3969
752
752
1073
1986
4369
909
2260
415
4181
1335
2801
2630
5043
3341
905
2904
142
824
3446
2167
1346
158
2828
3697
2195
3820
919
837
1774
745
808
1640
879
1646
2068
2251
1295
1582
1410
680
819
2062
2333
1162
2163
768
413
4437
265
1503
2062
3354
3169
2637
336
635
2201
2144
2148
27
1632
4283
639
2245
680
1346
1425
2205
998
4032
60
2180
3120
785
1330
3775
1022
1955
1961
1106
1838
2376
3029
1079
1653
250
1552
1197
1024
3608
249
558
528
312
2178
44
3274
194
2595
2997
88
2700
383
2684
3032
673
617
1427
771
277
2079
2431
1481
3809
2787
731
2037
1467
2483
1103
1543
3829
1399
4728
2881
883
68
2030
100
194
1114
2791
256
2281
208
4638
2846
1384
929
1221
400
2168
895
100
3676
282
2395
107
1327
1847
1204
838
5102
123
632
2111
3289
1173
425
2486
2709
3575
3066
2523
2601
4701
661
421
630
1031
2698
1757
190
1029
1245
925
2086
2177
3992
1887
431
1771
3
1227
3209
1777
94
3251
465
1778
3156
511
2401
3464
1865
1417
2340
2547
2982
1768
805
1851
3504
1357
155
1485
933
360
1429
4138
4334
2314
3307
3056
597
2162
453
418
2098
2361
1602
900
36
348
1997
46
4068
225
947
3341
1257
2256
126
879
832
143
3704
673
2481
4889
513
1585
1600
1503
2011
3518
2439
2830
1009
911
2398
833
1720
2025
2654
379
2033
2958
1500
3928
2014
1375
569
2572
1757
1612
683
1051
281
626
1927
557
2879
933
2874
1223
1059
1672
2568
3686
3169
1493
1736
3428
169
1914
3383
2254
2819
3659
3949
1379
160
1644
843
3339
414
1013
2273
637
3620
852
859
4245
385
3558
1070
2901
3046
827
3519
4912
197
899
4815
1471
522
2095
2956
1434
3583
2941
1538
3949
2845
1348
2907
372
2569
1415
585
2327
229
1091
111
3604
638
2460
516
999
747
1349
582
586
628
3978
1292
701
2412
5292
2925
3795
855
3209
3766
738
2895
2269
1362
104
598
739
506
4165
4426
558
2187
444
1104
1167
615
3040
1560
1345
4725
1200
1101
2736
3918
2220
324
1233
2860
299
678
925
308
158
454
2528
2183
1230
777
1488
575
2185
3480
737
1945
1079
1096
77
1977
2683
2406
3444
259
2832
3795
2038
2864
1438
1021
937
869
2017
2741
112
1470
1898
2797
1578
3121
4075
1014
2435
2018
2628
193
2545
537
1492
98
797
2178
1242
4086
3661
2477
1814
282
2867
1874
277
1738
473
921
2249
704
36
52
285
1288
1613
1776
144
2899
25
4087
3236
2225
351
1390
337
2492
2528
4065
1528
605
4062
3078
3408
1466
1394
294
630
749
1792
3301
168
2251
2978
2969
352
3192
3688
1490
120
1427
1299
1016
2406
658
2103
2819
357
3359
488
409
1242
2356
1759
2679
1891
327
1732
1779
973
4147
2229
121
4204
1135
4160
2207
4311
3919
551
350
29
209
3597
1528
970
396
454
4980
758
3900
1484
201
4374
2553
1978
2512
2838
3502
1748
1853
2961
1214
2186
1180
2421
2017
1539
443
50
2015
1037
309
3561
3128
598
2632
3824
601
3842
478
512
1334
3282
3386
808
1033
2424
2057
1581
1182
4599
2773
3094
109
4570
2495
1630
508
1268
3304
2477
17
1442
3110
1773
720
1369
3473
1520
885
2585
3919
590
32
482
357
2549
2497
344
3709
4948
444
1755
1589
1458
154
2831
1201
1457
1898
3165
1810
4030
3857
397
2575
642
438
329
2184
1420
3377
339
4487
2521
416
756
2362
2569
2176
2548
406
1084
739
771
2139
297
2803
3232
3758
2166
2411
1568
2146
4107
1275
1083
5013
2391
1314
454
3263
1672
1452
2168
4184
403
1313
863
277
1266
2615
4116
358
3299
1
292
3831
908
3369
749
981
2589
1083
885
2559
244
54
463
5032
537
3325
2305
67
89
1812
4381
677
3132
305
3960
1661
2212
833
1248
3616
609
1630
2195
4130
1580
236
1151
32
118
195
1772
622
439
1785
1681
775
1308
625
693
212
3676
2458
1555
415
2056
1432
3893
540
1527
3350
2821
255
887
2699
2181
901
24
2900
3260
272
4655
164
2629
4390
3481
671
1788
1097
448
2205
18
3159
196
5017
5313
1703
1068
1031
429
884
2814
1247
13
967
2341
1181
4092
4010
398
4024
3750
627
576
264
3836
1396
3222
3504
1409
1039
2233
1146
2639
1461
1582
1335
88
4512
2358
2948
56
358
1642
514
1694
1569
403
2084
5048
2242
490
1105
805
4223
5454
2351
200
495
794
5035
4420
215
3612
38
1635
3455
634
799
1041
1867
590
358
1489
4232
504
3932
3167
915
3223
848
326
4422
2598
2546
1574
3797
3030
838
835
1964
298
971
4070
1930
31
2273
2825
735
4773
2746
3718
341
1579
2442
1366
812
384
5078
799
892
1819
1625
2923
1791
3770
527
332
2822
3208
106
1836
2308
3007
1987
4680
1915
1867
212
2021
4982
112
2112
856
1850
1844
1514
694
2803
214
452
604
3466
164
2700
503
2850
1099
363
660
3520
3101
303
5223
1204
1074
1100
603
2130
1932
389
160
1916
1794
2515
3657
3046
1885
3855
4187
3057
3096
771
549
4173
1382
2420
1577
3235
1238
1559
3093
258
1741
290
4276
1926
3109
3276
488
247
229
3549
430
3660
2319
1474
2873
2373
729
976
224
1841
1664
573
973
1671
1687
2184
1130
3833
864
3183
5043
3755
96
4531
1726
3732
1465
500
848
2249
632
2810
819
4711
43
99
1152
757
765
867
263
987
846
233
1455
634
155
2462
3318
1428
1119
138
4182
3706
280
4537
2885
2353
3927
586
7
861
3167
3504
1056
3997
3662
4402
30
690
1727
2485
2
2580
4150
950
500
1646
291
2387
2517
390
2744
2951
4046
598
854
1867
86
3108
3237
1366
3083
1848
35
3489
1938
1514
1596
1606
1055
2450
2523
1133
3570
360
3715
458
3557
1281
2623
1348
5166
3964
2943
780
236
961
4305
75
1837
1365
3655
1477
2688
933
2381
4983
1774
4226
3463
1059
700
3432
1021
1301
1221
897
735
3696
1063
2520
328
1287
3
228
4005
3863
2033
3545
3810
2018
1627
4436
1837
264
1512
1033
1142
1283
387
1699
4326
2734
263
2997
2327
4319
1753
878
2481
1747
3094
3446
2636
3389
700
2943
935
877
2087
3060
423
380
816
2650
2097
3818
475
1601
3262
1450
4472
1398
245
747
1950
1565
4257
449
2153
66
2808
943
2926
2333
907
1218
1284
728
1839
2101
1960
2028
2626
816
766
139
525
135
4636
4260
214
1249
1729
69
2541
1554
1855
1382
2753
2297
618
612
1397
514
1871
1236
1299
2063
3853
808
4149
2493
1519
4437
2980
3626
340
246
713
2264
3959
2428
1980
1002
2018
1459
5
750
4426
678
2512
286
5685
228
1871
1115
4011
2952
1439
3714
831
75
5280
327
2821
5089
1816
4158
969
3930
877
798
3092
2720
1320
1287
610
1982
444
249
3986
2312
1285
378
1056
273
1450
3438
2751
4209
3216
3462
947
3289
176
4100
853
389
278
2280
3722
3799
350
2997
4097
5371
1631
407
1744
772
2133
1505
2186
3420
625
4027
667
2104
779
303
2723
509
1007
1459
1813
2183
2763
1221
2925
1235
3164
4792
5257
2957
533
2996
1501
1430
3010
2151
2470
1479
2867
669
12
431
4524
3574
1643
4268
1223
3663
139
1123
2037
1752
3289
2051
3385
60
2322
97
1113
124
180
1039
2137
2733
1838
323
341
530
3417
818
4101
1572
2714
3888
4510
2154
2200
2580
540
718
2410
218
359
432
712
2065
3566
3548
874
2505
101
4415
1460
1062
4874
1266
400
1226
378
1424
3941
4590
961
1393
774
907
402
1063
1375
318
4314
4532
804
701
4528
190
1145
3399
1096
823
363
548
4254
2209
233
128
2161
1164
4464
178
1420
2580
221
2507
3075
4110
437
987
3617
698
410
3064
1393
3101
1547
2305
2664
301
2374
257
533
962
2056
1047
2937
1359
2119
5366
3174
1524
690
4223
1735
563
2903
2282
1401
5275
386
2419
4612
989
335
645
3719
965
94
646
236
49
5595
3729
4937
1693
3617
3080
1512
2470
4206
1573
2290
5291
4796
2972
3433
4856
2751
157
2566
306
3254
3339
3065
1265
418
1743
215
2046
3019
774
345
1638
93
639
2798
1829
2274
737
1053
2626
4560
768
5590
178
2340
3466
516
389
788
4588
570
1556
2015
1625
1939
3671
993
3750
4653
57
3385
514
3516
795
2229
940
182
1457
830
3603
3561
3075
201
3161
1227
1350
2060
985
730
4364
3333
2737
1049
3138
2524
201
4938
581
1361
1082
1248
684
308
771
522
1174
392
1279
1085
3618
1608
634
3358
423
1717
483
204
1271
634
1700
4003
3596
2774
3842
1549
4877
1086
990
92
3072
2572
3493
314
178
156
1305
1168
2407
3262
1934
1386
1382
3071
296
1289
2014
3848
16
533
1138
1977
986
2655
4642
44
4523
1390
4263
2296
1045
948
909
3055
2780
170
643
3693
2007
3348
3550
2315
852
1877
2116
1525
124
18
208
199
3772
2076
888
4012
3863
310
555
2646
2032
3053
540
1439
3641
3660
4577
2100
3564
47
2720
275
171
1653
3277
4363
1140
2411
1597
2744
1771
158
2411
2263
1850
447
1714
252
258
3405
3811
446
3101
3845
2498
298
3816
3955
2207
2269
1430
1608
1697
1751
2070
947
3988
4266
4042
2692
1420
28
4396
141
493
4142
76
130
989
450
3935
1676
3336
36
3751
4082
1577
1584
2770
3390
34
1629
3317
2653
4649
4120
1840
1388
585
2151
230
1509
5139
1358
24
261
679
3240
1796
3
25
2051
2537
227
876
3243
2015
1708
1354
3661
2448
2233
723
7
2083
1031
228
2805
14
4469
803
875
1473
3485
1362
1346
2407
3427
635
2635
1004
2
1499
1591
2957
719
2915
5130
308
756
3147
5519
5144
2106
5232
5206
807
4007
4616
1640
602
240
3923
3663
809
870
1685
1061
3938
3175
1569
17
2538
938
1099
308
1777
3944
377
1228
131
2017
253
539
1194
3234
2292
10
1689
4289
339
2410
2271
2913
1762
721
1102
447
1947
3899
1923
3193
3043
686
4504
2418
2919
1471
479
926
1408
1513
1023
977
1427
1561
1880
187
3177
529
418
1844
943
1292
4302
1147
3835
2793
1053
3140
172
819
1776
3744
2532
2578
95
1601
593
4506
883
2731
4343
4316
3969
2490
18
1196
1767
4718
163
2417
3523
721
499
4267
417
5411
1413
529
3869
1442
343
201
4325
4998
1307
1996
4459
3435
2849
3200
1681
3476
4395
2399
4485
1196
59
3848
2156
1009
874
4462
3843
958
2475
668
239
3179
636
2531
748
1069
5005
725
1116
2745
1835
1048
244
5402
2763
2741
2057
3392
3352
4678
2570
3259
4357
286
3144
2036
3071
1978
1561
574
1320
2648
4302
1758
121
1296
1942
904
127
1823
4560
2604
62
590
1673
3407
1177
4082
1541
2023
1838
1759
1334
1455
1205
5684
1717
2440
3674
3498
39
11
252
460
2312
2635
2302
189
2756
391
233
998
592
2352
83
1232
3864
662
1276
2892
1529
5177
858
3204
5023
4460
4015
3629
3912
1594
153
67
1802
30
257
440
973
169
2203
2057
92
4658
1146
4093
3290
215
4260
994
1313
666
5220
4715
1387
151
2841
2170
3184
1712
3054
1353
817
4713
834
3277
101
1540
1631
734
4049
2590
405
1130
238
2153
364
2132
1689
728
298
196
3348
2356
4683
2305
3237
2546
4950
2993
2700
1771
5883
1077
2519
4459
1577
1968
3018
1485
5882
4019
4465
2894
347
1657
2714
2997
3262
2602
119
1810
1951
69
3375
4888
1912
490
614
396
699
3006
671
316
2072
4363
1619
1435
2880
1613
246
1253
1085
1851
455
630
2778
1147
1334
3367
368
2848
2737
2764
2196
1627
224
737
1385
1807
1775
320
2334
1124
555
1237
1293
1419
100
2094
1537
2772
2905
5260
5247
4318
1903
4019
980
282
1066
5110
3444
3792
3822
36
3824
2763
224
3874
2424
3257
2769
1089
3192
1655
2679
5029
5670
2107
1751
3585
434
131
11
2312
1842
1921
2329
2303
377
3235
2341
895
277
1494
4353
534
633
1243
1034
2879
3424
3368
1085
5211
4220
1182
75
148
2046
2181
1651
1000
1012
2831
2564
1483
4023
3426
2438
2481
2487
176
1421
1251
720
2935
1593
3143
1442
43
1410
3709
4238
641
1296
285
1540
775
5370
1292
2198
3587
47
2613
3211
1293
3190
209
798
208
1527
1797
1944
1232
2855
5067
1937
1390
4024
1941
3111
4891
496
917
1520
764
1623
2986
3902
1720
2916
3370
5044
2417
2112
3196
3443
1646
2920
4851
2057
5410
929
2195
3626
2006
1598
3556
2169
854
2043
4049
2915
150
1310
4126
2954
3745
235
5718
4732
593
2012
1245
1676
4704
2513
1720
2904
3048
2623
4737
4510
1156
3989
2412
1331
2668
4473
644
1490
2584
336
629
1286
1094
204
4545
2781
714
946
1076
4671
4148
1667
5079
3540
1377
3371
2209
2066
967
4673
210
1377
87
1605
334
3271
1511
4363
3120
1581
2087
1307
180
372
4521
258
3431
2532
2393
148
2304
4137
3619
1155
2171
1290
2243
2135
2077
1181
1911
2646
205
1091
2713
2584
93
2870
1111
3329
3777
1790
956
2877
1436
2876
15
1872
607
2924
4805
2034
970
1870
217
2905
456
1123
923
542
1652
1512
4931
36
1891
814
190
2716
3436
1430
3690
364
3216
197
3511
2104
2337
1861
543
3265
386
794
695
1204
242
213
3367
2619
250
2563
4490
4930
1116
2376
2373
738
185
1490
3994
854
2720
20
453
4640
600
3080
351
4465
1310
5443
2764
2850
5012
2271
1967
4324
550
381
1137
856
3220
1393
1373
2537
18
955
2489
3978
956
4549
50
1384
606
3467
1945
659
668
199
3391
2588
2304
2636
2467
3076
290
1628
2417
986
362
971
1483
2736
3781
2518
2319
608
1955
5493
2012
1799
3977
2527
235
5720
4841
284
1569
435
1599
3283
1305
1774
821
2890
2433
1674
1176
587
1775
3948
244
2107
2256
4266
3838
594
1185
442
3294
1009
144
1050
2417
5349
4099
3525
3891
2271
3122
2523
1152
2055
333
922
602
1231
1020
4871
1400
1375
5255
238
4768
5168
114
3478
5345
283
1106
442
1758
1028
2237
4440
2852
2069
1371
1592
1049
1446
3419
3646
1289
691
1750
3009
682
460
998
104
1700
1847
499
3874
2713
85
597
932
1799
2455
78
3100
650
1080
2822
4631
741
2103
473
1738
3016
3249
1815
753
672
3448
298
989
3882
53
696
3123
4343
4517
76
1769
4373
636
3282
76
4381
485
3109
1323
574
430
609
3584
2606
453
2471
468
670
4066
1874
3089
3005
575
2550
2260
3677
1239
87
818
756
2900
881
1699
3879
1814
4445
3954
4985
3386
1168
1640
214
685
1627
1882
1443
2608
2859
2027
764
3325
2703
1712
289
3022
2046
1893
101
1796
2618
1384
1404
2039
1849
1406
5195
2572
2080
1878
1615
4156
173
2710
2755
4759
520
4023
1619
2914
2600
1020
97
2958
3
3684
4092
1376
2946
4328
1438
2735
893
2952
1884
812
1834
173
1049
691
2956
3841
648
2361
1558
3964
2285
1588
5332
2038
4400
636
937
4583
1902
2080
2496
2665
635
2766
2849
73
2537
86
2487
3236
660
1406
1968
754
926
598
1306
3899
959
101
4314
394
3153
1940
3043
3193
3787
162
1277
1409
2579
2145
436
3877
1673
1120
3113
1883
855
1040
5176
654
1814
794
2717
4407
789
989
245
2003
561
942
939
143
2407
940
721
1271
3730
2080
559
483
919
2826
3561
1262
458
1199
2867
4209
125
2219
937
5800
1728
911
2825
24
2756
3163
3098
429
1340
716
4176
1469
2399
445
1096
1027
180
5513
824
2090
2882
264
1042
92
1819
2730
428
493
48
5073
5394
50
1389
1460
2265
652
1648
2860
2490
367
770
1291
2229
255
584
3689
272
731
1385
604
5145
192
601
2526
4225
1989
3641
100
917
1352
3037
2131
2317
2848
2649
711
1057
3290
2277
1058
5522
845
1055
780
5409
514
4923
2635
4941
1202
3979
2678
678
2912
791
3780
3186
1566
2039
515
3337
78
983
2014
998
1177
173
1236
575
1918
174
3247
820
3006
2036
3115
1673
1502
3181
503
1236
1518
2322
3744
2780
2191
3636
2908
1524
2255
3751
4859
2872
1517
2037
1640
3893
4573
2471
1139
140
1659
587
2163
3694
0
1674
1555
4328
1963
42
4485
1427
3912
1369
2865
277
560
1931
1592
112
911
2382
3488
300
188
1986
4259
4533
2363
917
3454
4055
1332
396
1256
316
239
4792
1301
418
711
563
484
1734
4345
5971
5078
328
1518
3249
1443
1120
1720
4594
1301
1764
866
1325
1811
2197
179
519
2823
3886
1266
3013
2524
3178
2353
2446
1059
701
2472
2633
2806
2922
2984
2230
1180
3675
253
3755
335
860
769
1078
575
5022
1477
283
1703
239
3938
1717
2056
1446
1181
475
3300
369
1027
110
1482
5330
2934
164
4940
4193
2364
3288
1126
1156
34
3452
4229
6027
1520
1171
2886
2129
2829
720
2726
610
2421
747
205
5586
1440
3450
1910
989
3435
1717
4686
125
2417
674
319
85
1135
1183
5159
3211
4339
2610
2928
473
217
1738
2531
1067
2249
384
2571
4859
3939
2511
1594
3988
380
1175
3751
357
1344
1477
3155
348
2858
4835
60
2945
413
1165
1785
668
849
3068
3707
4860
2641
1252
2066
1871
2180
4228
920
817
3017
1683
1402
1649
1418
1639
2740
3305
1812
1151
3798
3767
361
460
4905
4207
1892
3516
2727
643
445
4183
1278
261
2245
210
2012
3942
4163
2545
2609
3404
765
276
1662
3433
3200
3245
5677
514
670
2186
2500
1499
2985
5593
1193
4493
2149
4593
3327
4282
4058
4135
2247
2745
2081
3321
4053
3462
1203
2153
2250
2805
1495
3847
1856
2249
1554
1307
329
2782
1135
3310
2570
5370
2787
3429
501
1628
1154
548
1272
1899
3537
1077
285
1898
4456
5680
857
3740
523
176
2443
2715
3411
1125
5980
3630
529
1892
3309
2784
1385
903
1530
6
2868
3606
4138
4096
271
5702
3520
2446
817
3661
2478
921
3333
4832
3020
2455
1008
1251
1938
653
765
1354
1215
1488
4283
1462
1690
1045
704
41
1385
2812
818
2127
2638
1038
2067
3856
602
1864
2443
778
487
42
1221
1282
6196
3288
4662
3846
1723
898
775
4653
5552
2446
258
2596
2235
194
161
2903
1683
1593
5302
2744
3400
3788
2267
2197
2182
4171
2207
1782
1472
1285
520
5413
2933
1374
3452
568
4154
700
488
736
21
1917
117
214
3161
4901
4829
3065
972
1435
835
2583
1164
2989
3459
4632
668
2754
2302
1882
589
747
1082
653
4101
1689
2855
285
2337
2058
3781
5175
3330
2171
1381
5007
2388
3883
411
782
4175
2912
2828
678
302
1921
620
3711
6462
2682
102
2606
3249
1890
802
5864
4684
1559
61
2826
250
1101
779
984
2694
2554
1856
3791
1050
871
1190
4926
827
3961
2599
780
785
443
1248
337
438
2964
1446
874
253
2049
3292
1209
5864
501
2940
569
3879
237
2846
976
5151
1442
2311
5364
799
3988
317
3956
3016
4134
3057
2666
1101
4337
1465
4382
734
1278
931
2717
1730
1177
3675
3336
1039
499
1895
3929
744
4101
5401
1319
288
2836
1621
570
4437
212
1744
1687
769
3302
343
3290
21
2043
391
2487
2083
2597
2252
323
4481
1807
2286
1778
2678
2093
4940
972
4986
3069
25
207
4001
3693
4878
2481
2009
1424
1271
3167
1101
3722
2663
1480
4081
2171
3221
2406
3734
271
2311
1842
1514
2749
358
1501
2099
4566
501
986
3758
4578
1793
2805
1395
2594
2547
674
589
1029
1494
1403
394
133
3440
906
2625
1843
3792
4261
1241
1830
830
4387
3099
212
2429
2474
259
1018
1814
1740
3304
1111
271
4932
1413
2645
3082
2221
2310
1462
2813
1278
744
507
135
4109
3822
2885
3120
3334
579
3939
347
4559
725
2632
636
3184
3891
115
4729
519
1891
682
467
6393
81
2081
2473
2389
4954
2794
216
1102
3908
414
5677
5368
6247
904
3896
274
3167
2186
1893
2032
295
5998
1634
2258
1845
1821
763
1912
3127
2276
2883
5004
2498
3207
141
4071
414
2381
5605
2688
187
3915
3671
2519
41
3845
1016
2760
1379
4145
4128
2088
681
136
1507
349
1616
306
2605
405
4416
5920
91
1715
1699
2177
364
3405
301
1329
3492
257
4548
474
4325
1997
786
3418
2661
5018
3581
2607
3880
2820
5023
754
3220
1841
4884
3491
824
710
4200
3692
4324
1955
2879
316
499
5774
4034
1226
2323
1711
40
4517
1031
795
590
6155
2457
4404
2234
3173
4379
1425
2604
2452
2034
3282
2768
826
3873
3338
3075
1330
194
2769
1002
2062
265
3266
2979
69
4008
3265
693
1372
3168
1523
2427
1442
804
4102
3605
1024
983
3444
1678
3522
763
1055
468
1252
1676
1246
3425
3879
2451
263
1987
5373
592
1176
1793
1527
868
3434
1533
4894
965
3140
943
427
2969
1861
1907
512
4713
1265
1175
211
1032
615
4338
1401
154
3053
1263
295
1337
3429
486
2026
2242
1793
582
4700
70
1598
1567
1179
603
3036
1388
4621
1115
3408
5275
3782
4529
1264
399
492
2667
4553
1281
2253
1139
1923
322
521
1725
567
1002
4649
1358
1278
3823
1733
881
151
1892
3720
231
1801
1134
2418
1388
1022
2529
332
1596
1275
2137
1243
1677
541
3511
2092
4925
68
1895
3842
880
1325
5905
3721
4040
408
312
5377
1521
2327
974
3614
406
1721
4294
911
98
2495
2724
975
499
3366
4112
1315
2886
4831
3229
59
2694
1698
5482
2287
1368
17
6293
3677
1090
386
3121
896
5549
2083
1366
5079
3042
1301
1871
5136
1758
4274
203
1205
3569
991
1908
4851
904
880
1286
441
3633
639
1203
1409
2775
4655
4390
1792
92
923
2083
439
1160
1077
1498
5525
3226
445
4119
3289
1107
1226
3843
153
1521
28
5799
113
389
714
2794
1238
1398
3090
1234
165
4360
1088
3575
2035
3596
1845
756
2154
4340
341
3712
1097
2832
5423
758
4605
4168
170
130
1756
147
684
4322
575
799
2745
6561
2135
839
530
1061
3950
131
4258
1209
38
2066
1728
439
2125
2875
3294
539
1671
2581
6395
5179
5068
89
381
752
4408
3492
106
5098
1987
638
410
5800
1910
2725
226
3469
2020
357
5609
1532
189
2072
6034
3980
1598
1842
2429
1125
2140
2545
3782
2410
386
2544
2478
1973
1042
2257
4881
2276
5754
3198
926
103
1613
323
1719
230
4126
1421
6183
2801
2211
5319
3289
5559
1091
1321
2266
3559
1550
2965
1977
2665
1359
2207
1333
3394
2306
2177
2941
75
3878
242
1481
1506
6576
280
225
4162
3076
3153
2443
1636
697
2147
2063
5575
1830
646
2017
1575
6205
76
4196
6050
1504
2482
5484
957
4220
3549
748
2468
1613
3569
439
775
2497
3440
5066
1706
397
3859
3848
1189
2489
457
4133
1951
5187
5701
4291
5312
174
2421
3618
2242
1701
1168
2201
4263
866
4464
5514
1747
1235
2296
3805
2507
2116
4996
3010
2420
5173
6336
6256
3431
1726
5066
2416
209
3070
1973
2254
5437
1169
5901
2386
414
3695
3550
5686
160
5299
1961
2139
1059
928
3606
2987
612
284
395
3419
2519
1632
1038
4906
3365
1319
1369
3744
1206
4202
895
1683
2143
680
3993
2938
725
749
204
2574
513
4841
1468
3436
5400
2196
203
2004
1744
718
1895
2005
587
2585
1055
1316
2000
1194
2499
1831
1515
3479
4104
4064
522
920
5897
296
1407
353
2841
2577
1083
5050
1555
3891
2552
3106
1417
2455
1100
2032
1643
998
4215
1081
1779
2763
3088
4899
437
5216
4083
1838
2167
5437
2750
2749
55
2803
3252
1959
331
3464
672
2909
794
990
1057
1065
914
4194
263
1332
719
5020
2828
1474
543
1383
1043
1500
1880
1726
5204
2072
2948
3554
5345
867
351
2542
2582
3156
4353
3710
1372
4010
1528
841
4954
612
1607
410
314
3478
210
104
2448
732
2076
1751
851
1159
2502
4005
4066
2941
2534
1880
2541
340
3837
3762
724
4278
2393
888
4030
2101
4075
3447
1176
4353
3872
456
6447
4124
4363
1970
4446
6389
4982
4443
2105
1924
2858
141
2752
465
1441
793
1246
3424
5595
5531
2299
1653
525
642
1054
687
756
2535
691
3541
4974
1442
709
3614
2612
584
1728
4160
404
3247
3141
3369
1791
4348
3923
2482
3853
5628
4104
458
2654
2197
673
1777
3174
3548
816
665
3284
613
2044
2778
3487
3544
750
1551
1155
4072
565
3107
631
2273
341
374
1614
5384
2925
4943
2786
5107
1557
191
88
3160
2299
798
140
3
2240
1569
479
4892
4785
1819
2999
1525
226
747
5532
5786
4819
2255
2756
4490
5267
414
81
355
1059
1654
1154
4221
3026
350
3211
524
633
1452
1933
1335
1838
432
5925
2395
455
4916
3793
5194
2094
642
4270
1067
4901
3186
1837
205
2172
3621
2805
3243
2047
2873
127
2179
941
4068
2040
2815
1555
1900
158
3101
4423
4581
926
3603
1980
1197
3722
3862
811
2740
3159
6353
1520
854
3463
2865
299
1211
809
5297
1162
1902
2556
2684
555
3628
2785
2891
286
186
5941
40
601
1925
416
5132
154
5270
79
2660
2421
5668
547
1913
431
2518
1943
3503
1686
1801
71
3776
929
597
1966
327
294
1131
1721
110
2113
964
4408
5354
2142
3584
2678
1417
110
1958
3582
1761
3776
1290
4325
4693
1062
2797
675
3359
626
535
1338
1639
700
5857
71
51
3348
2470
4364
2278
1404
608
939
244
335
599
1637
1927
4824
2313
2221
2444
1273
498
5381
5887
689
4025
2226
3913
1556
1090
2769
687
209
4077
305
1404
1381
1506
3537
1388
4597
2105
1216
2058
2992
645
700
1720
1896
2494
1925
1167
1611
3216
1819
2319
3890
3416
5180
2910
2007
1765
2923
658
1559
3405
4881
201
3713
1847
1545
341
2986
3306
1832
1247
869
1233
2769
3374
2865
5763
3919
2497
2651
3700
3694
2908
1151
6
463
5706
3095
3228
3586
3216
2574
3422
332
2692
2054
3893
2178
3662
899
2449
327
2815
115
6259
1987
3273
761
1313
2864
2775
4106
1308
1479
490
1646
1041
466
3834
730
3871
1718
141
27
599
3006
4271
5444
3809
2408
6606
2625
3061
3212
4572
719
2134
5096
3373
2661
1754
924
1427
3123
4743
2048
1241
2114
2128
2404
2323
437
4320
2504
486
2246
489
1191
2148
22
2728
3261
1216
223
292
309
1386
4424
692
4271
1797
4542
542
1420
365
282
1375
2999
583
5254
718
2487
5383
4167
620
3701
1089
788
884
797
4165
157
3686
520
2629
1511
876
4353
1723
2623
1097
1620
3012
1586
154
1770
551
55
335
4853
3538
865
182
1458
3991
750
3666
4039
245
1265
2875
2821
2695
1771
6241
741
974
966
1720
3084
1493
2526
5265
1479
2864
3320
1083
1277
275
1598
1760
1419
1447
1438
574
2512
1664
5603
1324
1073
2399
2020
23
2852
580
630
1577
2526
3638
5823
1749
139
2811
6609
200
176
912
3786
54
2041
1218
5678
1342
64
4904
2757
1217
77
4209
198
83
412
3862
1059
2235
1826
5764
4668
1342
1726
4546
5409
2810
2204
5861
871
2490
1260
4633
5489
4049
3654
3389
2987
1981
5467
3116
3219
5463
1937
1942
1717
3309
3674
807
3409
149
2783
2581
6004
1459
1103
1169
6603
2652
73
1162
6821
6362
509
1291
234
202
6437
2318
48
1449
3924
3969
3575
2653
514
142
4060
6412
1146
2532
3574
2140
149
141
3486
1359
1728
312
1520
3777
2757
3034
4138
446
222
2071
954
1883
5048
4278
693
1379
5765
683
962
1102
1854
3714
1142
1757
3883
808
28
2415
593
1584
1993
1640
5635
4425
1672
462
41
3432
0
1119
1663
2392
316
3002
988
2353
1988
2213
2673
3813
5049
2798
2681
1369
2248
85
4967
3565
1138
344
653
359
2655
2809
1346
767
277
3785
2821
2250
647
4528
4529
1915
3560
5392
1254
5084
5183
746
3785
1641
2738
4168
893
524
2817
4813
4756
813
576
3376
805
5216
285
3090
2100
1743
948
179
2231
1384
4283
240
1413
792
1434
632
1458
56
1422
2398
654
186
175
483
1737
3280
132
750
421
492
4554
1968
1395
5130
4564
2534
4140
4786
1863
1014
640
251
2546
3662
1040
3748
747
3311
825
3955
1407
2491
2129
1548
1774
978
3902
1802
289
2265
276
4040
440
1286
6253
5887
2321
3186
3471
665
3229
357
152
3089
2890
2384
302
1912
172
853
3111
1265
3570
1179
963
2149
2027
3203
3749
694
3528
987
406
1433
767
2587
671
4162
1897
2876
2974
2406
3909
841
3114
2867
4473
5885
788
6495
1675
3654
1116
1116
3030
4190
2899
1882
2927
4482
1674
3182
80
3334
806
785
5810
225
3797
5736
1252
315
1623
3018
3517
1436
2646
5430
128
3638
5257
4103
2351
1383
4696
2591
1319
2891
1012
996
3233
221
3124
2519
2015
1227
2106
996
3900
6627
3832
1630
2079
3138
2165
6354
878
5369
640
6207
4899
1457
4784
3130
1817
2104
192
4608
4140
222
5117
1044
876
582
1092
1408
5701
902
3535
1593
1220
4930
1351
1358
2681
3521
559
1168
963
1326
2508
768
1677
3539
2333
678
720
3340
3878
6363
173
5671
796
4439
1654
2347
2216
2297
5186
3096
825
1144
3885
177
953
2696
1781
994
1794
1733
5224
1192
1870
1836
4511
5444
1200
1558
1611
325
5538
2311
4290
3708
2436
5769
1740
819
4008
3569
2479
175
1002
1767
4759
1197
2095
2093
1576
3912
1125
1858
3692
544
461
5413
3731
1074
732
4020
5196
2435
2520
830
6738
2777
6567
989
2146
2439
5437
958
5557
1318
226
2119
3510
340
5884
1208
1400
200
3678
6960
458
553
803
1466
2058
4054
2258
5264
3472
4336
6321
827
3064
5537
984
710
3708
4208
4194
2585
127
983
5023
3723
1252
145
149
1072
5392
861
3429
5853
1572
3718
2868
667
1036
2658
3794
1649
1055
344
2553
642
467
3123
457
2423
4820
1497
3824
175
245
2719
1863
157
540
4638
218
7261
193
5064
459
1773
1669
1207
17
106
1042
3471
1703
1734
285
90
75
1251
1974
189
4239
1007
5657
4675
6705
292
362
6010
2475
1705
6470
2122
6830
1182
3139
1905
1525
2561
4963
2423
3203
158
3845
1214
3399
1317
1893
6595
5976
3886
6587
3036
1023
4035
6514
3974
1681
1410
1411
2087
3022
1572
3451
2536
333
1498
4213
3058
2182
2155
1871
3158
6399
819
2415
3288
3882
1069
3912
5910
1043
5599
4403
582
825
2539
3726
1129
263
5658
222
231
1823
1468
33
1552
443
2849
2605
196
4039
116
3234
256
1057
6795
2727
259
4326
2681
4423
1789
1260
799
3815
982
4907
5637
809
3555
293
1819
1018
324
2928
1533
1637
2502
735
3940
1330
982
3401
1884
1272
111
3554
2735
3154
3927
1283
1310
2679
1517
3913
2462
447
785
71
2468
337
1979
5446
4823
2135
4676
3331
5049
6080
4584
2984
933
1128
2158
3143
5479
1240
1522
7045
168
5858
2929
5051
2484
1135
174
1628
6517
4126
1880
899
870
1897
1613
5542
3956
1543
3959
4304
3804
5870
6157
1501
2898
738
817
1631
2380
6905
3438
1388
187
4938
6990
1946
1206
5084
4366
4720
435
2908
1574
4149
1729
2846
3986
2812
5771
135
2206
3198
4347
6401
6772
796
388
1757
1723
758
3924
3290
1392
5932
426
1631
1112
1421
651
2686
1143
2473
238
3785
433
3983
4212
4107
5911
1560
873
5457
2156
3982
2735
672
4217
3212
3786
3882
4712
761
8
4168
3942
1434
1306
1884
3384
1043
2898
2192
1565
715
3943
916
3578
2917
3145
5162
17
502
2533
1485
6974
3150
1423
2895
2440
5934
2908
1450
2722
634
2100
66
2701
1503
5273
5951
1265
4393
4040
4551
658
2959
325
129
1539
160
5439
1546
1444
3654
4509
1159
472
13
2324
113
6550
432
5225
2488
1617
3379
3055
94
2645
296
3238
2271
2034
6600
720
1430
961
2610
1822
3228
2071
837
1350
1763
5245
2933
2927
519
297
4274
1752
4799
4115
89
3857
7133
216
20
3931
1166
380
1855
1212
533
4935
3186
201
71
3008
100
2282
481
2283
3605
356
5505
1286
2603
2845
5010
911
4408
328
89
2691
4822
1694
1149
2325
4089
323
2930
17
2002
4
2748
1015
2482
4260
954
6040
302
2589
1980
331
4551
4051
949
972
4886
914
1351
2826
665
5314
4864
4082
2270
2057
4545
1917
2795
2505
2851
3154
4980
657
751
5766
2700
2622
5847
3263
2023
847
2309
4371
3270
2374
5886
4474
635
3437
2092
281
459
564
1109
4067
5925
3709
3000
4578
3613
4512
1463
2165
599
4184
772
777
1687
1830
5007
910
107
492
3137
1194
644
4913
4500
1679
3531
1218
1717
3464
3365
1680
1438
4143
5172
1407
987
3191
1648
1364
6579
1292
870
2684
2227
1291
961
1968
5514
1431
433
3578
3503
1470
59
2499
371
3832
2111
157
2936
4785
837
4494
936
1392
207
999
1515
4129
831
3783
1024
4086
287
35
2959
3477
1239
5471
2567
2594
635
1239
593
4479
1049
5134
2764
942
2633
1517
1655
1273
5420
6404
2590
3248
2859
5747
1071
569
2655
1447
7100
117
4559
1401
340
3294
1808
2455
3820
1001
3339
2208
6466
2398
2510
4429
4698
2171
3509
569
3560
1395
312
4519
2656
6271
979
3948
2351
2034
1565
1382
3039
2477
5067
1630
101
5107
4596
1274
1606
4491
2477
950
1410
2131
2595
405
653
5490
2496
7194
3794
3276
4232
1923
524
28
1702
4810
2695
1256
5
1407
5546
2578
3246
3499
3305
5713
29
1260
2420
6219
556
1920
4315
564
2587
502
621
3570
4349
2798
3018
1919
4888
1862
1126
4129
4111
2112
2089
1961
3871
1802
166
367
4849
3265
3595
779
3680
5892
388
3524
5290
4721
5688
5462
600
5945
2078
2364
376
4731
4033
2182
2356
1006
3471
2550
987
844
2417
522
2659
1329
4116
3053
3370
6586
568
726
6405
2221
5473
3276
113
3410
2429
4741
1707
4405
2464
2480
3549
3799
1847
4103
48
3667
738
6154
1919
757
153
1206
354
2684
2763
4049
3793
2358
5421
660
3046
3711
632
7078
1776
3192
855
1653
1502
144
2073
3130
2882
5115
1830
2534
3829
2079
2666
2102
3422
442
1630
5909
3049
1682
1448
1891
2208
667
2351
262
98
1674
4416
4830
4417
2118
5244
1998
1757
499
5275
6374
3776
2651
5227
1404
860
626
1369
895
953
5927
4917
778
102
1836
5442
1499
5277
1772
1308
4342
739
672
2665
635
2735
1423
356
2265
4829
2202
6017
4097
1616
590
2046
3628
4329
2966
2839
7807
54
1270
160
1241
664
4122
2481
3117
5120
1106
3980
3547
1765
5343
3267
535
446
1966
1768
1832
1532
2517
2450
189
577
99
3369
6465
3878
972
1996
6706
325
5070
2870
1246
727
1165
1739
215
4351
1799
60
468
5803
1541
558
2070
1927
1462
5833
2322
2529
2818
2555
5208
3148
3258
332
1545
795
3689
167
7684
505
4037
1509
2052
886
6115
3881
549
3825
3806
4167
6557
465
1670
3971
3958
7558
6434
1739
1494
5248
3565
2834
571
2880
4958
688
5930
5513
2245
2256
761
2907
1868
1436
4190
4320
3846
936
127
1702
4512
5140
2964
1821
4204
150
554
1275
7131
805
6234
5260
2552
3561
2325
2377
2802
2741
1526
3773
325
1220
2826
6684
3776
2862
5617
1343
111
3414
497
5653
617
2583
3532
2088
5126
440
2087
6559
4545
4472
2460
4120
6181
3473
3191
5691
868
6881
6976
241
2620
2599
1092
2012
289
3840
192
1203
848
4770
206
2460
4899
862
945
6264
1406
3384
1917
5354
2363
2975
213
3100
4590
2974
136
1026
1914
4595
3215
3283
6882
4173
3209
4092
4928
1634
4305
2701
2442
7369
4579
934
5003
538
1674
47
4264
1623
4134
1794
2315
7621
483
444
4646
931
5321
5977
1197
4339
3004
690
955
150
6134
1575
1364
4435
3901
414
1284
3913
4886
3640
93
3989
279
1310
6531
1836
5738
3966
34
2379
332
6867
1758
1002
513
861
983
3813
1059
2320
679
5269
1833
630
1203
6243
2360
891
190
6008
2382
3498
1753
2529
2890
1577
2210
1517
3884
3194
2172
5753
7367
2840
1135
385
1399
2053
4698
1417
697
3547
5226
685
2035
1130
4271
4654
740
516
1092
486
3134
1348
678
4830
1779
3730
5169
6576
5851
5119
985
3032
3401
2178
1272
343
559
2822
3320
3403
156
3932
3840
669
801
1144
421
1498
3223
2689
912
6808
3251
2372
551
1118
1381
3191
265
1694
3625
3398
990
7600
7114
1856
3840
3435
3650
2623
3290
1280
2414
3403
4823
2370
802
4745
3601
2198
1763
164
3258
1948
1318
2240
2887
4080
7043
724
4650
600
5595
3213
4075
1958
1019
2315
702
96
1713
1883
1304
5829
2325
1939
3977
1580
3716
5961
138
672
1544
4070
1145
5147
850
5431
3061
3918
5670
304
2559
4472
1195
4861
7783
1141
1229
2839
2312
254
2383
485
796
1476
1497
1826
2322
5234
3032
3987
1234
7148
2406
2720
2670
1797
1232
3370
4320
951
1341
5148
3870
2759
1932
1682
5583
3372
2210
1294
2987
221
2161
2143
3179
5670
319
950
3034
1279
2955
4055
3949
2430
367
542
4091
4605
4350
1455
5270
1126
1937
1531
1584
6884
1651
1478
2983
3825
2690
1406
6525
5814
1791
4097
1312
1970
319
3344
3868
1959
1171
7519
3608
1773
885
1466
3977
765
5047
2260
676
2834
3422
4385
1426
7672
1410
3374
5089
4377
3848
2062
44
3071
4456
2974
4927
4183
5282
2484
168
2782
4593
1914
48
2828
6342
48
1244
4681
6179
4519
1173
1462
4856
897
3139
810
4586
4456
2565
1112
4511
4234
6239
1240
1747
2738
2805
2478
224
115
972
4332
719
1506
665
5212
2730
7920
2812
2434
1363
5075
1405
2459
5031
4326
419
264
6978
1814
1483
2349
1006
1215
3400
985
3578
3672
231
2213
3007
4984
1214
5409
7364
4808
4186
1275
1595
1884
2591
87
3333
942
3511
3933
4597
5316
3094
1246
1169
2174
6555
2264
7113
3708
2476
4821
5828
465
2321
4176
981
4860
1624
1817
3598
3437
5154
3058
829
7
854
2943
3380
2267
7465
32
403
2429
5712
4225
3758
2398
3292
2415
1553
1991
4150
145
6573
5780
1824
1710
571
2344
6108
5455
7080
7009
3447
1072
3089
5228
6200
469
4455
2549
1545
4156
1313
986
4891
290
2201
2211
2638
440
4780
5860
5342
4329
3807
1885
2548
116
3078
4191
6108
787
1216
1568
1407
7060
1127
1689
3385
4442
1086
1806
1332
7291
6889
2077
4636
1853
4392
1348
3967
7491
5044
4319
1906
1487
3739
4281
4393
5968
76
527
5893
40
1411
3312
3099
5643
4607
1821
2288
2079
4494
3507
4487
3411
176
1937
3691
1480
2313
1837
5887
1819
4333
657
6462
1759
2646
2608
365
4976
1735
2496
660
2358
644
3551
6621
1672
107
1247
3620
771
3293
3947
2608
884
7112
6680
1058
2147
2954
1445
2841
1939
2136
1179
594
4100
545
2331
3535
6199
3620
4724
1011
2471
4155
1020
64
4508
292
1257
1765
107
3920
1719
5501
1051
454
4011
5637
607
1365
3726
5075
3698
3735
736
4687
2916
2741
3075
3375
3017
3681
2887
594
5774
3458
3154
5202
4179
6182
97
5489
4163
6531
2805
4024
1108
355
1178
4218
1342
7660
6911
2408
7352
2627
3777
1297
5699
407
3569
208
5744
1279
4536
5396
5391
3867
5481
4378
1381
4865
453
1832
3659
3203
5157
3168
6717
3219
163
1349
598
1162
1259
2213
1334
4978
4453
1256
2959
5232
1137
1901
5480
5873
6623
3143
492
903
3890
3680
1850
1234
5371
4969
615
2277
1591
14
2267
5827
3493
1767
2241
6738
3942
5140
1118
2814
2527
381
3129
443
2604
760
4081
1240
3041
4486
4433
3263
2756
1284
3168
430
762
1892
4498
1506
1940
1319
116
5311
5392
1682
1394
3766
734
2908
814
4919
854
2669
1110
4401
229
2048
1581
3133
1322
6165
7252
984
3090
1597
2204
2798
3248
1709
5772
6328
1396
1081
1981
496
88
4211
7623
361
4511
2400
1201
515
3810
622
16
2463
5251
794
597
877
2019
1088
6810
1212
1761
3483
715
2011
2163
3369
3720
1400
2089
5392
2158
3448
1220
3983
1690
516
3699
3054
5994
2886
955
2395
2815
1173
276
6302
378
6469
1275
3650
2015
851
394
2133
457
250
3545
5024
2364
1787
2211
6472
1974
2560
33
5080
5786
1718
1533
6635
5304
122
1865
4432
5245
1287
5287
4305
3290
309
5604
251
369
1112
444
3241
1182
7107
7259
1156
1559
1274
5617
2749
6057
757
12
5453
4374
822
42
6035
1088
1683
3181
3504
2791
599
7235
5406
2415
2890
7221
597
4800
1636
6008
5678
5031
2508
5947
4710
3898
3526
341
2931
1741
217
1372
295
2081
4714
3778
1078
1197
924
163
6343
55
1527
5964
4544
1056
5472
3772
208
1439
1065
1308
253
3897
1365
867
838
2695
4486
3549
6291
5439
1767
1811
3078
756
368
2893
3801
5240
3610
3204
3014
1676
109
1086
3802
2310
665
2241
1060
1528
1769
259
1682
1782
642
3551
2949
2072
628
2713
2987
5046
3273
1747
427
363
2089
409
47
3314
668
62
4047
4752
1151
1009
5773
2124
3977
1871
2689
3352
3621
2470
4122
1093
165
1341
1218
2639
4510
5125
7354
1237
1475
1509
549
784
919
1046
262
7282
327
2291
4049
2955
6901
1642
2038
2665
810
4009
2978
3372
4461
18
3387
2646
1382
2124
4486
404
3244
2960
1324
4215
3724
6350
2472
1016
13
1346
3352
3722
4372
178
1269
5244
48
2363
2929
460
2564
3493
2534
2016
999
2280
5959
2271
2035
4746
3088
428
2071
3019
1936
910
1568
1662
2070
2828
3773
1742
1365
1854
1016
2321
2214
2046
2978
4462
1596
482
4537
382
248
3463
2728
2110
1967
399
3814
6554
4691
384
2456
2362
5482
4537
932
6510
2397
3454
4988
186
5604
3429
345
49
578
501
4260
3447
5503
3646
1237
3361
0
2821
7333
3445
5816
1036
1146
3721
5608
2426
4392
3964
3767
1650
4911
2045
1900
295
5080
660
2312
3157
1346
2197
7592
304
733
6079
547
120
803
595
4478
3053
5739
1502
5567
5634
5222
1723
949
3115
3779
1051
3926
2513
1174
937
5982
1572
836
3266
2207
5218
3291
937
2290
3650
4284
1841
712
6531
6212
62
2499
589
3600
4856
4372
1121
50
5330
1376
3854
4034
2159
4268
163
6935
6353
2446
2404
3761
2298
104
1689
4646
2556
1252
4583
605
1619
895
2007
6568
1132
3290
2279
4555
3031
1635
5939
836
3854
2101
1996
978
6671
1289
2196
2454
4893
4290
85
2799
2145
5010
173
1265
5052
3182
2558
1507
5688
3994
1875
3379
5548
4938
947
5383
1465
2320
4294
165
290
645
4478
1012
4412
3450
1867
2098
2220
1378
6172
1345
5168
4927
2842
468
3338
4123
1275
852
1471
604
5114
2367
876
3908
5622
1988
3275
1037
5510
2095
51
2127
1911
5056
615
1707
87
473
2066
5298
459
1327
498
1371
2147
944
459
5848
1997
1057
3054
3027
3694
5016
6313
6263
2809
3651
2806
5037
2930
5398
5129
4400
4881
1841
3087
5038
1601
681
1130
2416
824
1023
5914
562
623
4539
4720
2246
1664
978
5343
6605
3974
140
1512
4956
822
4004
7492
1318
242
4761
1946
3991
1025
1317
397
2532
747
1393
12
5174
1921
6091
1021
3703
6933
4296
3095
3297
2379
2570
5974
3918
5759
6741
5694
7162
5441
1890
3963
3689
3156
2910
6805
1621
560
3381
1487
4312
817
2812
4419
1341
1573
7399
2683
1851
174
5335
7609
465
1187
746
1650
654
1934
2954
4075
2313
7330
174
5950
6449
63
7472
6074
3587
24
665
2856
2469
5466
1272
4017
3531
2257
881
654
2391
3239
1347
4362
639
2068
2549
255
3942
2263
1909
4623
2819
2927
483
1465
1764
5124
2960
1167
1989
4685
5775
4553
7349
5980
1113
2409
7358
5688
1491
2583
2822
2671
1903
3447
3717
2589
1431
1090
2391
1486
4875
5411
6224
1240
811
2717
6321
2027
6763
2699
1304
4133
3770
2905
2642
3929
2839
3845
4627
588
2631
3482
361
602
537
3284
4225
2196
3677
642
1449
6063
4558
738
3580
4614
772
3183
3800
2148
232
695
88
581
2729
801
875
5056
1116
3069
1099
1729
6865
1346
4978
495
1572
564
1738
666
788
6483
2818
2749
527
1431
1257
4188
367
2371
5703
3957
2213
5547
4298
1428
356
4842
5476
1086
3052
876
4172
712
2241
127
992
3290
3020
5959
4816
6344
4765
343
3876
4987
2959
1570
6615
3205
2519
4682
3747
3591
1201
3921
4324
364
1631
1530
5682
582
2326
6511
6700
7112
1198
8375
5580
6546
1421
6008
3310
4360
598
423
1915
4955
3678
1182
4298
1665
65
3893
102
6627
6331
1739
240
6399
14
6449
4683
360
517
332
1965
1647
4326
7015
7876
3074
1892
325
1384
80
853
4175
479
3814
3142
3612
438
1459
3050
1814
1257
3460
5195
2752
3267
3836
224
5156
3481
921
3481
1193
3959
7138
191
3378
3573
6930
2371
3660
3125
1345
2916
4793
865
6589
547
2643
3835
1734
3186
3397
985
2255
2170
3986
6669
609
3130
666
296
4761
1022
1820
2405
7153
5305
2640
7168
5565
2942
1128
3439
1383
5247
1039
6151
2410
6152
1110
2190
5671
1901
417
1653
4864
6343
492
3143
2001
4155
2252
695
1247
272
656
3926
509
4808
925
5787
4866
912
2815
967
163
1562
1052
1569
682
249
1637
2259
3380
2007
1073
2865
6535
5861
2161
1042
1491
636
7076
28
1168
781
4103
5581
2479
1172
3555
4020
2817
2047
1649
3019
2313
2377
3600
3502
369
5756
2732
970
2231
2823
4581
706
2808
2985
5213
3137
1518
3650
2838
2322
2306
2511
3683
7122
5668
3225
3346
4788
1795
3017
2699
3401
1364
8018
4910
3828
697
1994
1178
2477
6610
1953
7478
6668
1968
5859
5657
4617
2439
4270
7098
4187
731
4583
5994
3949
2220
6477
3118
885
5683
3222
148
22
5924
368
1063
2951
1855
6068
1169
2166
3668
5172
3664
612
1093
5041
1244
1109
4622
2820
1371
236
299
1704
809
102
259
564
4114
2928
1712
6600
4223
5976
1780
6133
5021
447
320
489
2449
1338
891
2487
822
4135
6951
4125
3670
3594
4216
2904
3239
3673
3882
1298
6586
757
3074
4035
4065
6621
5730
5177
4882
6762
1257
1609
1993
1817
4870
1674
1567
1144
401
1815
882
46
5033
5547
1045
3562
3831
352
6402
862
5760
7128
3006
520
1794
6118
5968
2945
1272
3419
4747
4604
4170
1807
826
5704
169
5803
6782
4822
2715
3139
4412
4752
4319
2608
3941
52
2974
4719
1736
1345
6460
6039
2940
8073
1116
7117
492
5411
1808
5006
468
4342
3827
7544
3582
4518
515
143
1183
310
4728
4679
1983
1286
161
4271
3135
3257
5706
4997
6365
730
264
2185
1914
2087
2378
1967
4266
229
906
5862
2271
985
2956
4729
864
1588
1036
1961
296
4684
3709
110
2256
4152
143
1221
6528
715
8254
3315
6139
1878
224
6274
3012
801
1266
4660
6065
4337
233
1598
542
4152
19
412
1713
1642
3455
2102
5416
5668
4239
1963
4789
2123
184
825
942
4238
660
6297
738
8347
2241
4473
4280
4155
8321
3461
330
1769
626
1550
1286
382
1198
878
82
6390
2330
6037
6482
5460
1666
1088
5867
6687
484
1284
5313
853
1447
180
1789
2691
2032
3011
3682
3180
3994
3244
3391
1390
2584
2128
5827
464
2926
1876
742
7423
3005
2657
4905
7824
755
3184
1499
7716
6427
2781
6377
3020
2
1451
5722
498
2841
3328
2461
1751
1201
3380
765
8461
4224
3176
2364
1558
2293
2696
7102
223
152
3169
5067
6918
2714
52
2282
290
1530
4011
2036
1142
7548
4016
295
5321
4642
845
913
3828
8160
5679
7132
5769
826
2860
1676
1006
5688
5563
2035
3778
2655
1208
4451
2444
3191
6603
2233
112
4026
4348
2087
444
365
1046
1421
5658
1965
6721
727
7789
795
2494
350
2253
2355
2121
4743
1538
4590
2580
5182
3015
2079
3720
365
2871
5997
4441
69
5595
3315
6551
1625
3488
94
1531
4860
3125
5750
2278
5099
2026
907
1889
1950
1210
462
1160
1657
6121
7179
2892
2794
10
3869
2129
628
791
4186
524
7780
6514
3829
252
4876
8105
2218
61
2372
6444
2500
2656
1498
1076
6725
896
708
7568
2203
551
747
5937
3876
2789
4815
6010
1454
1639
2361
5194
3176
7562
2258
2968
1772
3798
3902
4995
5219
4100
3715
2987
5170
815
4776
329
25
3298
3443
3225
1549
1874
3252
1418
5778
3981
5978
3054
3230
2911
1029
2938
4917
1165
494
1317
2266
1751
1150
1605
1601
5242
132
2992
2097
1145
648
4847
7243
5996
4864
464
2624
414
3589
211
1119
1140
4009
112
6373
136
4266
2888
6638
397
2349
3056
341
235
4644
6233
1753
8183
3898
6026
3821
1103
8514
127
2583
4416
3233
2992
710
1762
7818
5416
409
1350
1854
69
2544
2970
4731
1726
404
4376
4013
1727
392
1335
2537
400
4429
3930
4815
282
400
2642
3433
979
1527
5064
2687
1242
1166
1405
2165
2176
2070
1829
2604
2217
8159
24
260
5024
5727
2470
4563
7435
5152
2488
3591
3714
2784
124
2109
2060
4872
1793
3859
1003
830
8137
618
1090
4337
711
3940
4345
298
4584
8090
1118
2418
5868
1483
2109
8204
3208
6287
3433
2372
5573
3814
509
3690
88
1982
2040
3902
5593
1495
1603
797
1412
5267
4633
1120
1375
6188
473
5054
1010
2035
3316
2351
4417
47
453
5099
531
1420
992
7645
1298
5109
6810
1551
2209
2650
8131
3794
3126
5601
4108
194
1542
4736
4430
660
2940
1344
2206
2137
1412
1880
1118
2847
2751
3873
6615
618
3356
2742
1567
2130
5274
1534
2083
1228
1545
4623
3273
1182
1255
185
4413
1584
645
7012
3298
2109
3844
4652
4162
5117
1740
1476
531
681
8559
5576
732
7670
3047
7608
4171
1383
611
2520
2126
8259
2223
4300
2169
3578
3347
2296
863
4144
1565
2470
2453
4842
438
1133
340
5894
3196
8001
2681
2149
5701
6061
2057
5841
5576
730
3652
6352
3923
3617
687
3406
336
3179
1248
3251
5960
1314
1607
1211
3558
3795
3582
1251
3520
7248
250
6285
1837
34
1935
1095
2990
4628
7096
2056
3432
3771
572
950
2063
419
733
4459
710
3264
5636
806
3037
2055
2515
2105
622
2413
2562
6998
2467
7795
2280
3226
2936
553
2253
2049
2319
3191
3294
1897
1273
3662
1375
1884
213
2529
431
5631
2714
5365
1522
4881
276
4784
3588
1551
4249
851
3361
2803
2221
2075
242
3364
5781
5332
2645
3535
3541
580
5508
3222
3825
647
5152
126
3012
1142
1957
3509
1523
516
5546
4705
4928
2325
7079
4498
1581
399
2636
8332
1855
1774
5526
6738
223
2815
4246
3692
5820
889
5315
1019
5136
2026
2551
71
1962
939
998
589
5448
791
661
4050
2526
5026
614
3892
5597
6845
2252
7911
777
3606
5847
155
8218
166
2678
1650
441
254
8122
5605
1914
2311
4350
2391
26
3961
2901
719
1417
1342
5176
3319
594
7874
3576
1646
1436
3634
2207
96
6530
2933
3162
2706
4656
744
4183
8789
5628
5216
1557
5029
1307
444
659
4409
2812
3916
2855
5844
2441
1058
1421
1145
319
8126
6272
32
5873
83
595
2736
1806
5182
6511
2907
660
716
7136
4015
507
1707
1231
1965
3414
1312
6095
314
2840
2567
3653
3883
1284
1512
593
1322
3789
2206
8225
905
4761
3446
7393
1523
1398
4217
2289
62
1444
1326
821
475
1994
6006
1299
8274
689
727
4271
1887
2767
34
159
3391
4705
4596
5177
581
986
5707
5429
5673
686
2338
476
2518
2560
3596
5455
3854
3447
3240
5724
8074
3518
921
2363
300
987
980
5212
5489
1745
2412
1663
5570
2457
4056
1575
14
6707
4056
3620
3998
673
1952
2444
4486
2503
4971
3913
1165
146
193
1123
2942
1719
1644
5814
2312
477
4209
1388
5095
25
3906
1616
5652
1985
4569
1164
3239
2048
4649
2987
1990
61
1741
1195
1168
5904
4484
2313
456
2094
3172
3172
7229
3840
320
5436
3677
1595
5730
899
1759
4236
3595
1519
4199
2079
1163
2800
7033
2799
2402
2661
553
4517
126
2904
975
3573
1221
548
1538
1571
203
1955
822
8399
6059
3182
2403
2778
4659
2620
3228
26
5613
5006
725
3183
1971
1239
5220
7850
3731
6004
1897
1472
729
1832
7994
4333
7475
5362
2422
652
3068
4841
764
1977
3577
1384
4195
4151
4898
1610
7214
2339
7497
2778
4097
4835
3429
8218
3141
2087
1292
651
417
3544
6522
4790
4450
6143
7004
310
6539
3788
404
8780
601
510
5079
6990
6559
2266
5901
2349
3351
1101
6074
2638
5403
3576
885
4650
2836
1354
3092
908
3816
1883
2683
6586
1124
830
5433
5439
998
5170
4180
5256
3629
2947
1304
3874
1688
5875
1934
2564
1129
4543
1157
3739
487
2493
3171
3442
1289
1218
593
663
262
1632
3341
136
5199
5556
3933
450
4266
3415
1109
3237
1032
4996
2389
8196
5193
3916
1972
3621
6506
1309
7666
1909
8805
5414
541
2850
1468
4757
4002
149
165
2176
988
1566
4365
485
579
1397
1043
861
5769
262
1685
4709
5533
5393
3553
1733
480
835
8576
4848
3679
821
1633
32
674
3518
6558
3321
1351
5145
468
2290
5446
176
4095
93
8125
16
2326
7803
5594
2750
1970
5944
4835
31
2326
2245
5051
2066
97
930
8564
8749
3191
8927
7105
1765
3749
7117
260
2669
1907
3759
5130
953
5845
5381
6321
2713
6353
851
565
6198
1828
613
5539
172
2505
8041
4645
5747
5951
612
1089
8760
7926
4098
913
1691
3336
3486
7877
7744
1042
1367
2648
6251
6466
150
7887
2627
4824
4946
3653
635
7544
5079
59
3375
1780
5721
5088
2989
1782
4203
996
5124
1674
1199
1839
341
3491
2091
8054
2808
7046
231
848
682
2305
1632
856
3529
473
1411
4483
2156
1149
1447
1013
6466
663
715
3586
5564
2643
4703
4240
8798
4112
590
1988
3533
1025
2302
84
604
1019
1081
3329
2090
8887
519
4873
2143
4868
1744
1456
8649
2398
3334
1119
1065
2298
332
6935
901
4991
3454
3641
4872
4445
3189
2060
1337
367
2809
3876
6432
2497
4898
2694
4385
1099
4414
71
2439
35
4218
3512
2672
3327
3866
165
3461
2994
3970
7035
4629
279
1567
2880
6937
1505
2921
3071
1243
5763
5035
2935
6687
5922
4695
1759
5376
1377
3073
3771
2291
1254
2637
762
6399
349
1284
1177
1140
969
5035
3900
3580
3025
1943
2840
1182
2183
1303
2356
3120
4164
193
1088
5897
4355
2540
2849
1699
6762
7060
1898
1423
2358
3870
590
4443
6453
8993
4601
6584
2028
1241
1472
1972
2228
190
3680
2406
3853
1417
802
1791
1157
6010
2356
648
9086
2912
3605
4073
2542
1396
6852
2847
4428
4122
3499
8366
2348
6499
662
3666
3388
7350
1563
1014
2159
1703
5596
8
5200
4285
7882
2053
489
6777
5279
864
824
8673
4164
507
6161
3999
5417
1604
3885
4140
7369
3325
347
2631
3813
2977
1984
1129
2016
4950
2884
1662
1888
102
1524
6225
2239
618
1959
394
6059
3719
5097
417
6887
4335
7143
3558
3772
1544
210
906
3505
2415
744
1849
4792
349
4652
4171
7827
2717
1858
54
892
2833
6760
6730
5351
6163
3719
2708
3750
1790
533
2592
1628
231
969
1598
6477
1372
4827
6960
3077
6823
6048
8215
1234
1305
1203
6701
1950
646
5033
8897
7956
2702
140
6569
7206
3460
3692
2511
3280
9510
1054
408
2501
247
4287
3600
3772
8108
565
2272
4044
885
5265
4440
6256
2804
5481
5778
2711
3628
1545
2374
594
6637
3205
367
1546
894
164
312
1537
1429
5109
2138
8559
2927
661
2719
100
2699
3846
1472
3458
4746
3811
2560
246
2140
7289
4123
1945
545
1976
2855
3818
3750
2930
7943
4714
5126
1956
1911
6674
122
9178
3975
9468
1138
9129
3451
477
4067
123
1242
4794
3045
295
3725
6999
4609
3417
4548
1950
3616
1203
677
2158
1275
4234
1181
184
1607
6918
5631
5311
110
3007
59
7866
3552
4060
2324
1383
7170
765
6592
7332
6300
4543
2778
4476
308
2544
224
5290
3171
4626
2009
9365
767
763
5787
2590
2716
8657
8250
904
1432
1739
1466
6199
6101
6337
2886
2766
6253
4760
1305
549
1140
790
4061
4783
4214
1137
1128
1926
2066
165
4991
2841
3353
4888
1179
1084
7521
5116
4224
1397
15
4140
6285
396
5489
1108
6057
5952
1214
1186
5855
3586
610
2109
163
5427
4167
2445
212
319
169
4748
3916
2620
707
8
1580
4577
4396
1578
1006
3040
1693
8521
8115
3741
5751
6359
6190
3323
510
5415
2342
3699
5147
3412
1299
1526
2185
3900
9184
1273
1339
3989
1134
1935
4226
1636
2112
2552
532
2487
2156
187
6383
2541
1844
5425
8230
3003
5211
678
2540
1418
6910
2270
2985
3105
5753
264
481
352
3243
918
208
2568
2612
4326
2715
4570
36
6803
763
2790
230
4895
1723
301
4242
670
404
5973
6490
3192
1102
5240
352
901
1665
3969
2097
2016
3036
1476
4895
5050
1310
4198
525
4001
1491
2831
7230
486
5288
4994
3651
5518
2427
9110
4039
2468
1641
502
157
7224
1229
5258
4532
5488
717
8153
1845
4079
836
1521
6984
4492
1664
3638
2305
1209
1413
3686
6032
250
1382
7686
2882
856
2150
735
2643
8710
9514
1184
6855
3057
1539
3933
5066
2528
6497
825
6216
1652
1486
38
4139
331
545
6302
5559
1325
1923
2499
551
1633
2030
1562
6790
3535
2017
5430
6937
22
3539
1785
3980
3785
2283
965
3549
5458
3014
8302
3185
2869
2734
617
6615
1174
2521
2576
6280
4265
487
1725
1657
7334
6017
1305
566
1034
3258
1836
3658
12
1732
4076
5325
1293
1050
3396
2478
2289
7535
550
7702
1489
3455
6017
301
5748
3268
2543
7717
929
6593
2092
1559
4844
3929
2981
3646
1976
7590
285
1759
167
1842
2380
5975
1823
6035
6157
2748
1433
557
2901
864
6423
929
1878
7501
6868
1338
1621
2532
1754
1480
801
1586
5980
5885
2587
1928
744
3560
1455
3231
9785
271
1705
4366
3356
4943
286
3531
607
2400
2751
648
1373
933
4403
6497
4687
4816
929
784
6613
1470
5933
5013
2003
2715
3538
1992
2152
902
2616
5055
1603
4871
3327
832
2777
4047
1039
770
792
527
5366
4962
1404
4952
329
407
1115
1176
3402
2217
269
2310
6800
860
7554
5899
75
4080
3008
1742
5044
4360
2250
2120
1100
7280
3120
5500
911
6023
4174
375
7171
299
8338
4862
145
845
2878
233
4855
3287
3292
6997
3173
1844
2600
5439
8925
4559
6346
2080
5865
1403
5870
2745
1755
4375
3984
6859
6836
4887
3306
7671
8149
1247
3941
1734
3945
2097
1313
164
4776
5549
8625
4196
4404
4790
4897
9584
1874
1626
3462
2912
3190
6985
7777
8021
3763
1898
3252
2337
2726
7526
285
4476
6949
2512
5939
4197
3648
9066
5694
3179
37
144
3969
40
3101
4678
1628
1016
7483
9252
490
3807
8886
1445
4867
8113
5305
4639
5702
7769
5388
6516
1554
4928
1066
3936
6152
517
4892
7476
72
5815
2730
5600
353
2024
1110
1161
6823
272
4736
3715
822
6183
4373
5808
1390
4686
2611
2947
3175
6534
3656
4905
583
8825
7344
1638
1416
6886
1484
3046
2415
354
1696
3189
6535
2780
1752
1652
2899
6479
6125
3730
3705
2321
5647
2695
266
1786
413
1170
3122
113
12
6515
1255
9815
754
488
12
3933
9205
8780
6785
2302
1849
9880
1251
1234
4358
4668
2106
1321
1694
4844
2115
8000
5109
7891
6906
7687
43
5549
6129
4316
7061
2113
3292
1295
6049
1569
1435
5978
3566
1520
6169
34
555
1890
192
2155
3087
4707
5388
384
18
1854
258
739
347
962
4707
2406
5989
2635
5956
1449
706
1800
5653
3136
2823
1473
554
5505
9419
7926
1084
899
6195
448
2277
960
635
7825
5307
888
784
5182
614
5006
1108
4025
1917
2269
4385
4319
5074
5272
455
2819
5427
3917
3794
885
1648
2014
4446
1311
4895
108
3545
6240
3556
4310
9762
9263
1366
6136
5530
2914
3790
6852
7747
345
6603
8431
4263
5688
5983
3339
2969
353
8190
875
4192
460
5076
4806
375
6341
5165
3829
5826
3361
3777
3035
2121
2066
3294
5375
8572
3017
6770
1688
3337
1987
3222
1981
3997
2029
792
308
1032
252
844
1176
6511
9291
9972
119
5320
533
4428
5919
3988
1181
7939
8697
1800
4804
9929
5005
7794
379
1184
2841
7789
5397
2770
6441
7025
890
8836
2262
5902
6696
5331
2449
5651
423
8025
560
7538
5786
5685
1251
384
1854
1034
4116
5994
2146
8388
6369
3657
7453
1392
6720
4465
3352
3472
4716
382
4857
1081
4292
9345
1457
7294
7294
3000
6135
521
1984
235
87
1586
3755
1754
1546
7307
2591
4943
43
8088
1907
6293
2548
3902
9518
5001
8110
2103
503
7432
3859
397
1548
432
3055
7653
7365
7018
3592
469
4443
1556
867
2690
4646
2221
2546
3249
174
3251
6401
2609
6740
8655
2353
4080
3291
2324
1159
6268
1144
3544
3633
2211
6394
1915
1210
3347
4371
2865
6775
4120
595
314
424
1681
6454
2819
8161
1791
1944
4266
2743
439
5299
3484
7423
6145
3365
1151
6744
1037
5296
1012
1411
6082
3673
263
7055
2481
4199
9553
1318
4127
4174
2716
703
6749
1633
8021
2286
112
8150
2759
8840
804
388
5785
5921
2444
5378
2895
4140
1813
5380
3262
7008
4006
2320
6072
2680
3870
1212
8997
1197
5278
372
1464
749
8106
2285
2369
130
3451
870
6432
2686
1098
6
3229
9826
5201
393
969
336
4402
5794
844
4570
2877
4915
3562
3286
1413
5756
6036
9487
1643
3166
23
1060
5046
4890
1609
3142
4379
4416
4964
6601
4926
5051
75
190
7650
1976
931
2712
2532
1129
2355
996
1705
2144
424
1878
6909
5062
4353
4183
1681
63
4362
6250
1922
8017
4657
1066
4045
250
7845
5088
3791
7728
3401
6230
1650
3998
615
8599
3086
7679
8401
5149
806
2952
170
5221
3372
13
1252
3664
883
2862
4166
6043
3818
4630
2338
7479
3440
721
5625
6607
3607
2919
1373
3310
2011
114
1338
3017
1351
830
760
5454
4287
6326
484
2271
9032
2270
193
5511
447
2139
8077
3060
5127
1410
2205
1757
4151
2395
3665
3039
4530
8462
5227
1357
6345
4766
6169
7030
2718
459
8601
4251
9098
2283
5887
3856
3320
35
5780
970
771
371
5547
642
2625
12
320
2168
6941
2246
1520
4513
2475
2883
5805
1757
1980
7504
215
2604
620
8775
2614
1635
5532
606
299
1278
8219
3994
5339
3047
6129
5910
1342
497
4099
274
3019
5753
8874
2401
2367
3238
326
2046
4979
267
3492
6058
1088
506
8215
1346
4180
404
1965
360
1214
920
183
5112
5511
2708
3929
4643
2429
7219
692
1197
533
9269
3436
269
6875
489
638
3470
809
3150
417
2421
4550
375
1602
2977
752
4548
6785
1374
7836
341
7174
3222
1858
3303
1260
4892
6283
6058
1465
1521
595
2249
419
1174
2700
7653
4912
4495
1441
3616
2317
1555
316
8855
1134
2554
6502
4932
4359
2212
4296
4308
8740
4670
5728
2214
768
1279
438
5221
1726
62
4081
5784
276
4081
2971
1351
4006
6347
450
905
1416
1959
977
5991
1976
6486
4083
2023
322
3101
1350
4626
975
7492
1167
1603
3283
2012
340
1750
6111
582
5587
2845
2396
6831
1206
3356
2208
612
2286
2196
8786
7771
2879
2061
9799
2818
1958
1763
2804
95
3332
6964
910
729
5153
3028
6565
1712
5610
788
123
2095
5786
3346
4232
2081
3609
1681
2815
1984
4524
494
4445
3278
4422
6704
8754
1576
419
3557
3829
3992
1093
2020
3876
1926
3097
2280
6724
1767
568
4977
189
6700
5490
3066
1831
3715
1416
1975
1740
3991
914
1766
7677
7906
217
6781
3197
8050
4890
102
1433
8818
4279
1266
2678
6088
7885
1201
3876
1102
6760
10127
5479
1834
4601
298
3835
4458
2050
4476
7150
1032
5026
2087
432
3371
1273
7061
1856
1910
2039
3108
1736
5262
2611
3723
4547
1458
3409
1647
5273
1344
3890
3061
2578
4001
4888
2423
5808
1116
2622
8791
7852
317
2169
1949
6015
83
5074
5483
5454
898
993
1723
2219
3213
2040
987
1454
2590
9026
4095
2160
1655
4716
3323
3963
3018
1724
6955
9195
35
3752
3246
1526
2502
2768
4418
208
1931
50
5973
3732
4009
1290
567
5094
1735
558
509
671
6413
1972
4499
1052
3631
2658
8810
3998
3638
64
341
822
1765
2651
950
4097
5975
2641
998
5675
3525
3741
3816
2592
2360
3992
86
771
3186
6531
3012
6917
694
8632
1724
1455
1388
6418
2481
7303
8995
6254
5208
2227
1635
4421
1986
2762
5365
8942
1524
4125
4116
7698
8918
1102
10059
203
6747
5934
1372
4053
5011
6237
6678
3231
2445
2240
924
6187
1260
43
6233
8026
2098
1757
7748
6379
6796
5579
3179
1950
3965
1318
5980
1785
2870
3456
1617
1172
8334
1049
386
6723
3812
261
6190
6197
4014
4063
1158
6531
1989
1415
3008
1725
6485
244
647
6065
8324
2353
2455
5167
2341
10285
9925
7129
3375
478
3572
797
1434
3201
3118
5525
2517
5440
1854
2373
9383
90
6217
200
5099
1116
3444
3696
1303
2335
6220
7048
2431
3095
283
220
3189
3025
1973
3547
3623
3804
2971
2453
3848
704
282
4993
3272
2933
4437
6127
9850
1916
913
8925
6232
1936
8710
7895
5860
2300
212
3095
1467
1816
158
2209
1925
1459
3643
645
47
1403
5731
6667
766
4640
242
200
4002
3948
3775
7812
2866
3182
5753
9130
3825
7510
1387
1827
5273
6973
3129
5315
5090
1079
4945
62
3659
2470
6295
3528
7369
4243
396
4141
6348
5505
4249
3602
4519
3360
4313
7547
4148
1181
6179
7393
1961
5949
3995
3046
1701
1724
2035
108
3805
150
1930
8759
5373
140
2761
1838
3708
5327
4411
7289
1912
226
4743
2745
6805
3275
2031
1627
2798
403
2961
10395
7919
3639
4145
9076
672
4213
1718
3867
1257
3174
537
1589
2090
7423
2944
3442
6960
1076
2236
9846
4257
9710
3422
3643
1068
258
6077
919
7795
1205
3730
7927
4909
1370
5120
2209
6496
3634
6067
7003
2284
4834
976
5806
2846
68
6440
3842
5506
9403
145
3580
2621
5968
6123
1282
4331
625
4385
3670
6220
662
4769
2716
5274
2067
1129
7175
3302
214
5045
5168
888
4823
2820
1634
3063
709
1816
4090
58
9928
4275
2950
3883
1581
3171
2718
5483
788
182
8948
5359
1243
260
649
5091
317
7480
0
3639
2840
2804
7070
2222
4803
2250
53
1340
6268
8966
6903
2287
595
3368
4160
4791
6996
2227
4252
500
2154
3152
7525
1319
1847
2871
1239
1254
8890
1362
5141
8819
226
5071
7335
261
4637
1926
2727
2763
5822
6718
107
1441
1865
2559
1627
4850
3153
8440
2684
4075
1181
4063
6619
1714
224
567
6108
469
1433
1373
4424
115
6963
526
3933
1075
316
366
4234
1405
2309
1621
4746
321
2785
5569
5837
5711
1725
7421
5119
7821
4532
10596
4391
3327
5110
3171
7713
815
1065
6686
3829
1753
4315
1916
554
4891
1237
7663
2774
89
163
7473
691
1536
5153
5308
596
6907
7119
1174
407
2279
1926
108
390
9716
440
7443
8487
5347
1059
6164
6274
7266
6188
1080
1433
3011
7209
1649
6013
344
194
867
5236
5562
1582
3084
267
3192
4373
1211
10507
517
1874
8926
6860
5367
8736
4359
4219
872
5299
8491
1977
9144
1130
2711
5174
6751
4221
2019
10061
5317
5152
6378
5596
670
6408
646
7925
7080
10802
2952
5157
2210
3804
8730
4535
2864
5463
8731
4452
2632
4314
2252
3203
2958
9707
5789
2577
2893
936
3921
109
7164
4587
9233
1500
3876
6113
3474
1531
5337
2097
2916
2301
3261
4746
2352
9949
5617
10366
2368
1815
7616
5034
7733
4075
2146
3022
2834
1876
6426
8204
5032
968
70
2602
63
5414
4751
1103
3396
4225
1515
6668
600
8858
4339
8277
1036
1971
3985
9135
9082
7278
4965
3302
3518
489
5788
7804
8587
655
262
5791
128
2372
10801
3536
7453
996
4911
174
9072
90
5015
277
3739
3986
1102
2728
2993
3543
579
4672
5080
7028
2478
567
6671
6932
4157
2409
7429
3673
177
210
5979
741
3064
2670
1426
1086
4466
2261
6278
82
120
3973
7440
8724
74
2241
2537
4026
2996
761
4065
2138
2906
593
3860
1267
750
4181
2587
5291
527
3707
1199
4367
1563
4727
1846
9155
784
3760
979
2437
395
4295
4419
1271
1082
1452
313
5670
6244
1545
799
2945
4376
3637
9769
653
3818
7248
2193
1935
1081
4723
4444
5209
823
8476
5751
5641
917
3608
5518
3030
2865
1918
6048
1079
6640
542
4986
1529
157
2852
467
116
9196
3601
1758
178
1417
4433
366
8182
499
899
2824
3152
6719
5322
3213
8086
3134
3709
7946
4449
4980
5948
2087
5256
4822
7506
8650
3442
10748
5963
5272
1699
8739
9970
4616
1291
2736
1698
137
1073
4620
8445
6315
3191
9269
867
6969
6498
4296
5888
586
6613
163
2665
962
8437
7799
5713
1903
7021
3642
2923
2994
5927
7283
4513
3855
2590
4780
1850
432
3200
4466
1116
8247
5381
6162
419
1574
6430
541
1642
3196
3881
6312
2330
358
3018
1033
50
1201
6368
3195
9172
2468
992
4170
401
66
2607
168
775
3750
365
5178
3651
7619
4966
4271
189
4719
2486
244
2947
3788
3059
1265
2725
5628
7760
2598
5472
6045
6196
195
8473
2928
4245
8501
2161
573
6114
4940
6995
194
10341
3971
1832
4073
3373
2471
6091
1587
1978
4415
7103
2589
73
250
1357
2472
1070
878
4679
2915
5468
5917
7702
8128
4697
6216
8064
6880
2079
8769
2716
7164
1303
4165
2135
1049
2582
5371
2230
3212
5720
8769
5515
8269
9493
7704
4976
4924
7181
772
3191
1137
4793
1534
970
540
350
7280
5325
175
5445
1969
4046
6180
1242
1942
6406
870
8806
6554
2255
3205
7787
2982
1928
1440
1797
1556
1536
6444
8083
5417
2432
3710
3243
2121
3725
362
2636
8676
864
7439
2666
1603
352
4305
10962
1075
444
412
8958
1482
8403
1245
4953
2689
140
1313
2921
2822
402
6838
775
2803
215
4948
888
5863
3472
4872
1757
5609
3993
4482
7232
9975
6177
7437
7945
3236
7422
1528
3683
1130
7415
373
2347
1895
2031
5537
7111
1303
4397
2569
464
4992
4920
2394
3157
8127
109
5055
419
3680
1805
2713
3605
1054
7823
4635
3458
6462
4833
2123
1552
3193
1052
5572
2505
4860
3392
5082
6354
3366
5052
7137
7334
817
3310
3982
2820
1309
2237
5162
6464
1827
6273
5182
10147
6621
179
3236
5466
802
5230
4223
4163
6018
3218
2066
6343
8982
5342
2173
7509
948
8862
5748
1299
302
3162
5089
4156
6672
9856
2907
6823
1568
4461
153
1030
2720
1905
1599
9639
2351
6366
405
456
3297
2405
1998
9243
3812
7781
31
380
1793
44
9249
3242
451
1862
9133
6850
2436
7380
5880
1283
5552
196
4078
2651
252
6628
3845
4246
8306
519
3021
2586
3671
5054
4585
4327
4609
3251
1729
7734
2324
2294
1821
8881
4059
4000
6272
1310
9860
4192
5191
162
105
1348
7640
518
9012
2696
2244
5762
1387
5499
892
8267
3624
1821
7476
7131
1675
3099
7867
2887
1473
3320
3180
3958
8826
11262
2766
4950
2929
7612
1179
372
3261
3722
156
1719
2411
1086
6286
7562
2700
2834
5312
6432
38
3224
1350
8350
8003
1184
2943
3693
8571
6353
7320
659
7282
4928
479
1019
6363
343
5540
6406
268
3967
4475
7683
7831
9076
9102
2350
894
1632
3199
3845
2076
4844
5621
3106
10808
4962
5914
5592
5560
585
6951
2883
2735
1196
327
470
4525
7504
2007
1476
2791
276
2055
4981
3179
654
2064
5249
3880
6148
1191
510
432
1166
274
1433
1549
8242
1160
118
1452
1007
7118
4465
6677
5463
2583
3733
4093
370
7091
6226
6033
3069
2303
4072
1001
8601
8681
7779
3908
5082
1354
9097
3228
5325
2507
7813
3173
2585
4793
700
5611
7837
3118
3847
5457
3671
5689
1782
6438
3811
2379
3502
10412
243
7
4348
2702
5512
3806
1161
1736
2288
826
297
4602
2227
2638
1950
509
3423
2727
2896
4624
1074
6160
2348
1836
8155
3423
4284
539
3
8783
1455
2297
6848
1922
7148
7265
5040
3132
2858
7202
10762
8141
346
5479
3618
1737
482
9904
7504
3418
213
9118
3898
21
1881
3372
1762
2365
4683
5533
7402
1373
3223
2427
5928
8460
458
3276
1698
8142
801
1789
732
1912
9186
4770
7761
438
5260
6383
5278
1321
411
5647
6664
508
9393
2054
2669
860
5098
201
4401
1317
940
5862
1753
2169
9163
37
1005
7507
207
3199
5955
5893
35
6699
5201
3328
4048
898
6760
3638
7098
11003
4812
1444
7847
757
3926
2323
8221
2954
5757
4050
10436
10187
4765
183
5554
926
1076
10096
3931
803
561
2421
3231
1012
7234
1680
1381
3419
3032
2906
2859
2132
444
3442
8344
2752
127
100
848
306
6129
4838
3148
802
8237
4271
4318
355
8579
7134
2922
3617
3321
2945
4533
8747
5183
1017
187
6607
3707
3373
480
5836
3587
6294
1970
4943
882
7437
1226
1816
8573
1332
4032
1303
5777
4642
7917
6113
9912
2208
3515
10109
3443
1584
9389
210
6173
8131
3042
9623
431
3574
7424
697
459
8848
4319
5839
3459
8244
1717
7574
5110
10364
6629
3964
1980
6361
6682
7707
4173
5502
2822
1233
7141
723
3944
3356
2200
3786
7928
2097
3827
1006
3785
1778
879
4452
943
3270
1844
4842
7934
3327
4058
2913
6837
6421
1678
1990
902
5193
1357
743
252
6854
4208
2986
3220
3238
1549
6059
7477
8745
5545
5177
3748
2339
570
1663
5365
4383
2120
316
1105
9056
546
10916
7138
2128
849
3419
3712
3811
346
4998
1563
913
2974
878
2166
3389
1916
348
1506
1138
4846
1883
3590
6303
2042
1648
306
1000
10581
9815
3016
947
536
1431
3953
4872
4796
7732
2415
8390
3096
6034
1786
5113
3830
2900
68
8158
7301
2879
3228
3681
3099
5967
3563
7442
4730
319
6788
8002
76
509
1444
1350
1104
3424
239
4696
8863
7938
280
7343
846
2868
6805
206
3460
6329
2038
1840
5995
1897
8778
107
963
1654
9554
1607
6944
6438
5595
759
3495
1002
4927
2814
3514
4378
2346
1478
4832
1722
8546
5237
4653
2014
3959
4647
7294
7610
1871
505
4079
5777
1418
9072
4
20
7451
7549
1369
758
111
5784
1076
2195
6252
8107
9280
2363
1707
1850
1768
1930
3297
7496
344
10122
7125
3206
9480
6876
1930
3837
1805
2191
9323
6940
10605
7329
1082
3141
7534
879
10187
387
1657
276
3594
2552
3480
207
1357
1089
1555
3656
2584
2218
8987
3284
1989
4996
6094
9288
454
228
2936
7251
4246
4736
1410
4144
2805
7099
219
6902
3550
1297
1085
295
2316
855
7240
2676
513
3131
1443
416
3409
3873
344
4866
1379
810
2460
3005
3196
4743
4747
3699
408
1438
471
3814
4785
1570
8945
4962
1263
8235
3762
1210
3354
203
4293
2300
1860
2936
4590
7293
7017
880
2188
2907
9511
5945
4247
4056
1769
4091
3544
615
3914
1617
284
1254
5470
4978
3561
1196
4721
7240
3559
3970
6544
4580
7272
2609
3204
8477
2784
864
2855
6108
1073
3461
3094
5844
5236
5922
4726
4069
1106
7805
2579
3258
2664
5574
1499
1160
7972
9717
1811
5541
1605
2053
168
8247
1024
7840
5117
3709
1371
7105
4567
6509
4766
459
7148
3207
3536
9272
2773
7789
7673
9656
1448
7713
2327
7415
6150
2649
4145
249
9342
5153
5525
2536
4914
1817
926
4418
4119
13
7576
216
3528
307
1044
2903
10059
782
2884
3737
1342
1585
2869
3568
1488
1315
4068
8512
4515
659
2206
394
2287
5612
3908
5376
167
926
981
9961
1889
8110
6279
1506
1037
6050
4129
2579
7967
7259
1894
1673
2479
1236
836
2440
8252
6993
6147
8690
6371
2875
8280
3740
50
2104
5853
3529
5815
3252
3901
5957
1669
2681
4594
1385
2765
262
3094
3209
999
1892
7550
1491
7097
8039
376
8104
1654
1036
659
7684
145
9813
313
5566
6862
8199
6844
4562
5459
7615
695
9573
4254
2497
4299
721
7665
1226
3765
2576
4227
386
3144
11056
3984
5262
7763
3703
5860
7374
4081
1327
5825
2782
352
167
200
4151
1178
3447
8477
11286
671
3209
3433
5647
1267
851
6958
3685
3595
5927
7336
3785
8413
2331
5850
3682
4984
4740
3728
7904
525
7213
1115
2971
4888
2879
163
446
4191
2138
9955
1001
626
1250
1867
6920
4793
6480
5304
3339
8005
8056
2709
4134
202
6845
4047
119
6937
7988
8933
2726
40
3598
2185
3810
6755
10881
7186
6994
4167
7353
8434
5262
1115
731
3395
2230
4809
8816
2008
7626
4247
5022
4048
537
11861
6607
4639
7444
6194
3924
951
1269
2071
2645
39
2375
3202
5001
4875
6381
1141
7369
4368
1097
2541
7580
480
7582
5700
7253
5111
9789
877
936
3477
492
10592
3711
7822
7225
1862
1603
9110
7370
5613
1921
741
2642
7956
7646
1270
10325
4171
3891
8049
1621
5617
6412
5954
5114
3233
993
7465
1356
2408
4355
4937
5423
8451
67
7747
1368
1251
1357
1232
3531
6696
3637
1003
4474
3787
6705
5527
545
1606
1198
1357
1125
2359
2635
1281
6072
1859
3089
5961
2270
8310
6455
9838
1793
5356
6086
84
7650
10076
8682
9850
228
863
4916
4149
3424
2787
6339
8605
2057
528
2434
2320
11488
4798
582
5209
11
8337
5711
2923
7270
1011
9074
9456
6103
2993
2134
1438
583
11286
5577
6662
821
3853
2378
781
5908
8952
1823
2264
5617
4775
2709
727
2023
1737
2716
8024
4580
824
4294
157
7292
5728
2054
7589
3199
4550
6023
3327
1923
5047
1516
3587
538
1946
7612
5632
1124
1449
9237
6780
7677
2892
2033
10727
1928
2935
445
5704
2099
2765
2149
6879
9933
5722
531
4706
3524
918
3197
8416
3161
2586
812
4000
5440
3629
2419
77
2077
5184
3157
2854
3402
3208
75
1461
10426
1803
901
1952
10929
89
11401
1153
3744
8827
8803
2132
10612
3657
1170
84
1191
4332
8666
2165
947
7011
1886
4094
7550
5326
2705
1616
1846
7155
1864
7240
3958
1638
5349
2780
3000
6755
2232
5347
6364
6810
6352
3102
1192
4367
2101
3615
4109
307
6742
6097
5234
3270
1632
6025
2034
995
664
3178
8204
7070
1506
2819
9148
3617
2368
6376
9715
5128
6037
1140
5945
139
3018
1291
3860
5459
7197
7414
2130
717
7165
8828
3982
2601
1799
1955
3206
6909
562
1346
1911
4636
3061
7742
8320
1789
1047
5970
223
3228
10378
2731
4068
4829
5457
4445
6142
8242
1089
4956
8776
25
9081
1192
1476
7207
12
3287
983
2288
2162
4062
8547
4089
3144
716
9439
1321
6412
9515
2909
419
8877
3071
2583
626
3119
5524
9562
1228
3372
4104
7354
7905
4238
4003
273
5721
954
1975
1699
3405
2051
2760
4454
4767
1996
4486
1059
6339
266
11412
265
1107
2813
7170
4077
6427
63
4605
1355
3528
53
2241
1062
2671
4404
2570
8454
10006
3710
4785
5355
6680
2524
11265
8049
8687
9284
634
6076
6935
3733
5489
1399
8133
3484
7266
6022
4912
1861
6694
8888
6935
596
2914
128
7348
8789
8398
9806
3264
3568
7496
1995
5188
2671
4466
4164
6525
9179
5087
2081
10265
11
1880
2048
10905
86
428
6970
4533
2694
841
1700
4754
7020
3035
8586
259
4337
4111
9757
675
1280
5267
2957
718
4862
816
11081
2069
2693
5824
5404
2307
5267
709
2060
3229
4285
5049
1207
4054
2151
6043
10344
6249
7729
10261
6326
2646
11653
6725
5813
3616
1295
10444
6311
5441
365
5684
3152
3196
1063
1687
8233
6437
2158
189
3705
1053
2263
5185
24
10753
1109
340
1106
295
2456
10127
8245
2951
3037
6511
6263
10411
2352
5469
7759
5789
2490
1229
9037
1086
48
914
5356
4698
2015
81
6091
3820
1191
672
812
1217
7146
1695
700
6786
885
6791
8271
4779
10521
2740
5923
10210
736
4825
4954
4721
5618
1609
5164
8297
1346
260
3291
6845
7796
7098
6266
260
774
4786
9388
514
4448
97
3766
6445
2862
5727
10690
3399
55
4795
1179
3761
4351
1143
6692
2374
5932
6292
1971
337
9123
2517
5468
11245
147
137
6516
6512
1836
7405
8174
4312
7956
7905
6966
3477
6301
8348
6864
1235
2962
6887
3970
1182
8657
3544
8195
3658
704
6331
1206
1019
6378
2462
6603
1556
1936
1042
1929
3583
8358
3232
9361
7202
3120
2547
11595
3951
3124
1841
9397
8575
2696
1996
6144
17
9280
303
3101
95
6475
2296
848
2680
852
2357
8211
10729
7257
675
6385
7187
6014
2115
432
8350
5992
8581
9991
1052
5444
2350
11878
4951
3389
3773
3388
1954
3689
4091
333
66
484
5027
9654
3709
8058
9932
4652
1516
2598
1865
3890
1777
7245
399
9064
5934
1222
9143
4825
6505
1248
867
10345
1453
6963
4252
11092
7625
6550
1121
2073
600
74
3522
347
750
1552
29
4080
7423
2511
6020
8054
2285
324
476
2882
4496
598
10637
605
3201
3896
3557
3724
8073
5152
911
772
6167
8487
6149
4545
5797
1063
567
3888
6629
6187
6664
6593
789
1941
1035
2919
2495
4841
2772
1574
6023
7347
3422
9512
2771
3439
233
43
945
6020
2981
5765
286
2164
1076
1845
9445
2525
1848
7051
5173
3610
1943
7044
4455
343
6262
5768
1526
4701
2717
7739
3649
6089
2816
3980
4596
4828
4640
8427
3913
1330
2292
5434
5040
10259
7940
10533
10831
2292
1314
2505
2496
4465
5444
11913
6681
9389
5528
4076
1355
2072
2975
9042
8263
10267
3309
4702
4734
4806
8959
3834
106
6798
1791
10283
10239
3463
317
8818
3675
3474
5383
2118
1708
7104
1084
2473
3181
2893
4278
8330
3539
596
3314
1132
1841
4751
1038
162
334
5044
1396
5354
5935
4196
201
629
1197
2657
9206
7886
5390
5994
4507
90
3273
4342
11731
1406
1815
7620
6089
1927
1855
2939
3621
3891
2495
1167
1884
6262
1479
4580
651
2436
2974
3316
3955
11828
1416
6179
3075
265
6657
4486
3998
2714
1006
5265
9116
2408
7338
2197
295
6945
7960
3462
269
6797
4433
275
2488
2319
720
169
5695
1128
4623
2176
2716
1445
5641
398
1318
1683
970
1327
396
134
7446
290
3408
1270
8903
2181
10340
2239
2078
4585
4900
7886
5861
3686
1724
6326
6075
2097
2281
385
1107
4979
1005
4044
8619
793
5986
2439
6761
3896
1788
4968
3599
6667
1166
7149
7570
1488
2006
5202
1649
621
5138
5321
510
5791
1391
3871
6547
6207
2318
650
2590
5498
558
246
1880
651
769
5071
3604
8320
2593
147
10971
10506
7848
3798
6806
3255
5211
5288
8689
9104
3368
8112
89
6311
5065
2700
4030
3654
10426
6651
5699
3328
7632
1833
6591
3557
4334
44
3398
1557
5530
3598
8158
723
5055
2466
9411
2088
4056
1488
708
6794
290
967
12347
8189
10738
2014
963
3039
7103
8812
291
3362
8437
1346
4580
5883
6114
8731
11836
4881
3067
797
1269
3914
2112
8697
237
220
946
6348
9791
5087
1814
7811
3868
10319
2637
1501
5724
5220
10106
7373
8918
436
2596
3200
12767
661
5820
1364
271
3490
35
8056
15
1148
9479
1702
8933
4612
9282
2803
2613
3423
5001
3912
909
5291
301
4094
4236
4314
8310
3136
7968
494
1242
7506
10896
1267
1589
1252
9081
520
1870
3375
99
6179
640
1196
115
8604
7461
909
6781
3936
3886
10178
1695
1481
4197
4898
6315
1211
1685
5634
895
4860
7965
4778
1968
3004
3605
8232
1054
1066
2432
516
7231
2107
2322
7698
9218
3416
750
5931
2918
10244
1649
4428
8514
3029
6027
37
11428
9059
7130
2965
6290
1206
533
8385
1381
2629
4297
10898
1199
3930
6486
834
12227
4749
8038
3652
161
2135
9689
7189
7659
3409
2489
3987
2418
757
1106
8297
318
235
6605
6742
4161
4593
1616
2775
4239
8647
1914
1483
6797
1232
973
2544
1192
5860
1966
5267
9426
4251
325
5518
5194
7717
2165
7490
2022
325
3955
7598
4037
1197
2052
6231
2356
1544
3784
1028
1923
2276
4505
2877
7042
10564
3243
324
5222
945
6942
2167
1720
3850
3759
990
385
574
11931
307
1443
5221
5097
336
2696
374
6445
5210
1470
2829
7399
4220
7365
5401
4746
964
1221
2587
4570
7863
3877
239
8286
4282
6781
3733
9911
1933
4280
469
2324
624
1682
2897
4302
4433
329
427
5090
6695
2967
4482
4706
3428
6884
1790
1978
7208
4392
5304
2682
4141
3315
9053
738
5308
4686
6108
7190
4790
4373
1415
3489
5026
13113
10524
2281
3029
6693
2040
3278
953
1935
384
600
3971
249
760
2022
585
6034
6916
8624
2229
537
8130
2357
4398
5477
6979
8781
2577
3756
2137
3859
3518
4462
488
1336
8002
7571
4511
831
6065
3670
5848
5075
3898
6886
1033
11954
4942
1156
1965
4627
4227
2051
1998
7981
115
2104
8291
4524
7330
1279
5792
5478
1953
142
7906
5812
9702
8378
2730
5899
4400
846
881
2462
6314
3356
2498
4364
649
5995
7307
11404
4280
1302
3878
1489
5011
631
7380
2971
4993
2384
8462
11654
54
2375
9753
5082
5992
8496
3652
1498
9343
4870
1170
2689
839
6589
8051
5608
2805
4631
6927
12364
12717
811
1093
9273
941
2554
2268
1537
207
742
109
6949
1363
1428
10897
6140
9295
3538
670
9987
3879
839
121
4526
1677
3377
4185
4364
9448
6145
4842
10904
3028
4828
4192
4268
1699
11860
981
4162
3218
1068
923
3604
8357
5360
6190
5657
5223
474
1005
1619
161
3518
5256
154
6940
4003
9348
10535
289
9070
11568
3926
5558
6860
3806
1376
8065
8860
2687
6852
1246
2392
4545
5746
4262
5477
345
254
6164
3096
5583
2226
2620
1788
6096
2554
7486
2743
4788
6615
1901
7038
1789
3575
2223
146
430
309
700
10084
2024
2389
11776
9325
1579
1110
2708
8675
4932
1184
6789
4921
3070
8875
1139
2900
743
7301
3250
3564
3477
10052
10950
1035
3760
5432
3762
5733
4027
742
229
1578
5464
262
205
8240
6459
7346
9717
2155
8130
3425
485
10640
2986
7316
7973
6036
7940
11167
497
1435
507
1621
8693
525
285
10213
646
2286
395
123
2505
5159
1615
3387
5971
2173
7361
7021
6527
3583
7411
3351
8453
8889
9738
2808
6460
5800
6380
4539
2905
525
6103
7713
7349
411
2882
8471
590
1856
4772
1007
758
579
4416
10326
4485
442
6773
3880
2345
5319
6081
5762
86
639
593
3725
5145
4454
211
7426
1121
5808
662
1030
1342
971
1987
401
9
8651
3765
9437
7649
79
8872
6144
7082
7134
426
4253
4346
527
1010
2628
5324
1223
8769
2403
2261
8447
1695
9015
936
1683
3269
9627
4256
7238
323
5770
7649
9173
5144
11408
7434
1520
1286
21
1208
1224
6687
5804
2498
8071
2079
3841
6418
2289
2916
5915
10844
9901
4246
184
3575
3238
2569
4553
1998
3167
4552
7191
1704
2994
9124
9204
8825
3662
5131
3527
9589
218
2985
479
10178
12333
7075
2444
5801
6988
1062
1075
11705
199
362
902
2706
1932
7820
1261
4670
8012
4
6342
265
8372
2351
7099
11471
439
4737
3358
5595
856
6360
1004
920
5521
269
7929
11135
4388
6020
8960
11094
2742
6159
6840
2876
3973
3722
231
5098
4807
5787
1406
4000
7013
6248
12212
5907
3869
3787
9392
7210
468
118
2329
4515
123
2088
6303
5539
3211
8632
5620
1195
7457
3972
1038
7048
3131
46
2285
8054
1058
6863
6157
1885
6801
2354
7511
2845
4283
4923
8904
7354
3833
1686
6922
1580
6093
111
110
3041
3982
9606
6438
3313
3038
8629
6527
11638
3049
1361
10604
672
11695
1830
3622
2469
4157
1172
5928
4288
4075
11920
8093
747
9505
10944
5564
10020
4252
11308
3960
9264
4183
3985
370
4819
9637
2414
1647
1557
7664
2855
3267
8845
4402
5714
8074
2781
504
1403
6551
6352
2649
2931
5618
2753
5249
1644
1414
4053
5362
9407
1345
6962
1128
5256
2135
376
5931
1088
6273
2368
1431
2582
4590
3752
7891
9588
3682
71
5146
3289
4442
9920
902
189
4114
2668
352
3225
12586
8475
7802
7215
5712
2246
2493
7488
9138
3965
1714
3535
2076
3242
740
663
654
597
8947
5390
1957
2928
1717
10490
12950
9023
1500
2146
105
3745
2346
11336
2377
3304
0
10311
8352
8707
3444
1930
4275
2132
1009
8401
2637
4951
2406
505
4873
9017
1024
3935
301
9702
818
5731
7266
4464
1377
7860
13
6054
2464
2245
3916
4896
4204
1713
8896
2218
4069
6633
11145
4450
4801
10348
10451
5097
6428
218
6540
1446
5460
12361
2089
6450
8263
4191
5989
4867
2952
2655
12056
80
9918
8763
1687
236
8119
3032
10000
785
1569
9701
3600
7716
8964
3709
7454
2109
2137
3929
3412
2294
5631
1358
9475
8302
7783
1917
334
2446
693
1497
3366
6832
247
7374
816
655
4082
3036
4706
1142
2078
2934
3448
8245
7351
10259
1111
1100
757
8666
8845
9561
1664
3067
4442
1142
3686
6415
4561
477
1598
3066
6034
7268
3470
3547
5434
8792
477
2612
2229
2233
3174
10890
3244
2685
1748
924
1661
9359
1634
8053
5280
301
5526
2966
3310
443
2451
4220
3333
6156
3304
8320
2203
2316
1624
4025
4424
1144
6676
1215
2635
2424
2293
2805
7686
1180
4268
8012
4378
3007
1115
2689
1612
6849
5871
6083
4421
9318
1371
2472
3568
5389
1848
7461
240
12319
1042
6799
8949
2943
2347
1469
6676
8662
3410
2321
2407
2055
9273
2635
4044
2092
812
7211
5166
1927
5991
353
2863
4027
3372
1315
7928
3338
10807
8710
2246
3073
9289
2230
9223
8495
7918
3802
9146
1252
733
4599
4604
4004
8671
2908
604
3536
4391
4914
5428
972
153
1754
96
2699
10813
3746
2508
13533
4149
33
1888
3702
7607
10619
7920
6773
4106
1746
1914
810
2494
3317
5009
153
8992
2374
2847
1034
3974
2787
7070
1950
4022
2094
3139
8348
8912
3082
410
5891
3015
3675
8328
2894
1856
4169
6262
1378
7961
7358
3767
5336
1255
7094
2741
2368
1187
4913
1493
8745
1269
7609
1900
5414
6928
4664
467
8329
426
4612
4310
4241
7527
2466
6383
18
240
4515
4244
214
1718
8553
6117
5412
747
397
12129
1345
8382
4341
4037
8619
9970
4686
4497
9053
4984
4075
4175
4366
212
5115
2069
1139
290
280
316
6352
6069
5091
4451
2911
9564
3679
1233
8027
1684
9779
1186
1992
2837
10016
7495
4051
1933
9933
1846
1568
744
9793
1305
2269
7229
92
4319
7805
7326
1091
4200
8908
3759
2648
1252
9817
5134
1361
4346
6652
55
4625
2272
2928
550
2456
6333
3649
2024
2832
7689
1403
5507
7952
1033
1917
4344
2466
11307
1145
640
9088
6908
6873
3055
1236
3248
11261
4671
1645
3736
1536
10767
6565
5701
2284
11109
312
6337
8392
1844
3206
11172
7166
6009
3994
278
3705
2546
2250
11619
9838
1271
3152
11520
2078
1772
1129
473
2690
10669
3929
3439
5504
7128
4840
5506
6155
4846
5527
5362
11052
7562
