0
0
0
0
0
0
0
0
0
0
0
0
0
0
0
0
0
0
0
0
0
0
0
0
0
0
0
0
0
0
0
0
0
0
0
0
0
0
0
0
0
0
0
0
0
0
0
0
0
0
0
0
0
0
0
0
0
0
0
0
0
0
0
0
0
0
1
0
0
0
0
0
0
0
0
0
0
0
0
0
0
0
0
0
0
0
0
0
0
0
0
0
0
0
0
0
0
0
0
0
0
0
0
0
0
0
0
0
0
0
0
0
0
0
0
0
0
1
0
0
0
0
0
0
0
0
0
0
0
0
0
0
0
0
0
0
0
0
0
0
0
0
0
0
0
0
0
0
0
0
0
0
0
0
0
0
0
0
0
0
0
0
0
0
0
0
0
0
0
0
0
0
0
0
0
0
0
0
0
0
0
0
0
0
0
0
0
0
0
0
0
0
0
0
0
0
0
0
0
0
0
0
0
0
0
0
0
0
0
0
0
0
0
0
0
0
0
0
0
0
0
0
0
0
0
0
0
0
0
0
0
0
0
0
0
0
0
0
0
0
0
0
0
0
0
0
0
0
0
0
0
0
0
0
0
0
0
0
0
0
0
0
0
0
0
0
0
0
0
0
0
0
0
0
0
0
0
0
0
0
0
0
0
0
0
0
0
0
0
0
0
0
0
0
0
0
0
0
0
0
0
0
0
0
0
0
0
0
0
0
0
0
0
0
0
0
0
0
0
0
0
0
0
0
0
0
0
0
0
0
0
0
0
0
0
0
0
0
0
0
0
0
0
0
0
0
0
0
0
0
0
0
0
0
0
0
0
0
0
0
0
0
0
0
0
0
0
0
0
0
0
0
0
0
0
0
0
0
0
0
0
0
0
0
0
0
0
0
0
0
0
0
0
0
0
0
0
0
0
0
0
0
0
0
0
0
0
0
0
0
0
0
0
0
0
0
0
0
0
0
0
0
0
0
0
0
0
0
0
0
0
0
0
0
0
0
0
0
0
0
0
0
0
0
0
0
0
0
0
0
0
0
0
0
0
0
0
0
0
0
0
0
0
0
0
0
0
0
0
0
0
0
0
0
0
0
0
0
0
0
0
0
0
0
0
0
0
0
0
0
0
0
0
0
0
0
0
0
0
0
0
0
0
0
0
0
0
0
0
0
0
0
0
0
0
0
0
0
0
0
0
0
0
0
0
0
0
0
0
0
0
0
0
0
0
0
0
0
0
0
0
0
0
0
0
0
0
0
0
0
0
0
0
0
0
0
0
0
0
0
0
0
0
0
0
0
0
0
0
0
0
0
0
0
0
0
0
0
0
0
0
0
0
0
0
0
0
0
0
0
0
0
0
0
0
0
0
0
0
0
0
0
0
0
0
0
0
0
0
0
0
0
0
0
0
0
0
0
0
0
0
0
0
0
0
0
0
0
0
0
0
0
0
1
0
0
0
0
0
0
0
0
0
0
0
0
0
0
0
0
0
0
0
0
0
0
0
0
0
0
0
0
0
0
0
0
0
0
0
0
0
0
0
0
0
0
0
0
0
0
0
0
0
0
0
0
0
0
0
0
0
0
0
0
0
0
0
0
0
0
0
0
0
0
0
0
0
0
0
0
0
0
0
0
0
0
0
0
0
0
0
0
0
0
0
0
0
0
0
0
0
0
0
0
0
0
0
0
0
0
0
0
0
0
0
0
0
0
0
0
0
0
0
0
0
0
0
0
0
0
0
0
0
0
0
0
0
0
0
0
0
0
0
0
0
0
0
0
0
0
0
0
0
0
0
0
0
0
0
0
0
0
0
0
0
0
0
0
0
0
0
0
0
0
0
0
0
0
0
0
0
0
0
0
0
0
0
0
0
0
0
0
0
0
0
0
0
0
0
0
0
0
0
0
0
0
0
0
0
0
0
0
0
0
0
0
0
0
0
0
0
0
0
0
0
0
0
0
0
0
0
0
0
0
0
0
0
0
0
0
0
0
0
0
0
0
0
0
0
0
0
0
0
0
0
0
0
0
0
0
0
0
0
0
0
0
0
0
0
0
0
0
0
0
0
0
0
0
0
0
0
0
0
0
0
0
0
0
0
0
0
0
0
0
0
0
0
0
0
0
0
0
0
0
0
0
0
0
0
0
0
0
0
0
0
0
0
0
0
0
0
0
0
0
0
0
0
0
0
0
0
0
0
0
0
0
0
0
0
0
0
0
0
0
0
0
0
0
0
0
0
0
0
0
0
0
0
0
0
0
0
0
0
0
0
0
0
0
0
0
0
0
0
0
0
0
0
0
0
0
0
0
0
0
0
0
0
0
0
0
0
0
0
0
0
0
0
0
0
0
0
0
0
0
0
0
0
0
0
0
0
0
0
0
0
0
0
0
0
0
0
0
0
0
0
0
0
0
0
0
0
0
0
0
0
0
0
0
0
0
0
0
0
0
0
0
0
0
0
0
0
0
0
0
0
0
0
0
0
0
0
0
0
0
0
0
0
0
0
0
0
0
0
0
0
0
0
0
0
0
0
0
0
0
0
0
0
0
0
0
0
0
0
0
0
0
0
0
0
0
0
0
0
0
0
0
0
0
0
0
0
0
0
0
0
0
0
0
0
0
0
0
0
0
0
0
0
0
0
0
0
0
0
0
0
0
0
0
0
0
0
0
0
0
0
0
0
0
0
0
0
0
0
0
0
0
0
0
0
0
0
0
0
0
0
0
0
0
0
0
0
0
0
0
0
0
0
0
0
0
0
0
0
0
0
0
0
0
0
0
0
0
0
0
0
0
0
0
0
0
0
0
0
0
0
0
0
0
0
0
0
0
0
0
0
0
0
0
0
0
0
0
0
0
0
0
0
0
0
0
0
0
0
0
0
0
0
0
0
0
0
0
0
0
0
0
0
0
0
0
0
0
0
0
0
0
0
0
0
0
0
0
0
0
0
0
0
0
0
0
0
0
0
0
0
0
0
0
0
0
0
0
0
0
0
0
0
0
0
0
0
0
0
0
0
0
0
0
0
0
0
0
0
0
0
0
0
0
0
0
0
0
0
0
0
0
0
0
0
0
0
0
0
0
0
0
0
0
0
0
0
0
0
0
0
0
0
0
0
0
0
0
0
0
0
0
0
0
0
0
0
0
0
0
0
0
0
0
0
0
0
0
0
0
0
0
0
0
0
0
0
0
0
0
0
0
0
0
0
0
0
0
0
0
0
0
0
0
0
0
0
0
0
0
0
0
0
0
0
0
0
0
0
0
0
0
0
0
0
0
0
0
0
0
0
0
0
0
0
0
0
0
0
0
0
0
0
0
0
0
0
0
0
0
0
0
0
0
0
0
0
0
0
0
0
0
0
0
0
0
0
0
0
0
0
0
0
0
0
0
0
0
0
0
0
0
0
0
0
0
0
0
0
0
0
0
0
0
0
0
0
0
0
0
0
0
0
0
0
0
0
0
0
0
0
0
0
0
0
0
0
0
0
0
0
0
0
0
0
0
0
0
0
0
0
0
0
0
0
0
0
0
0
0
0
0
0
0
0
0
0
0
0
0
0
0
0
0
0
0
0
0
0
0
0
0
0
0
0
0
0
0
0
0
0
0
0
0
0
0
0
0
0
0
0
0
0
0
0
0
0
0
0
0
0
0
0
0
0
0
0
0
0
0
0
0
0
0
0
0
0
0
0
0
0
0
0
0
0
0
0
0
0
0
0
0
0
0
0
0
0
0
0
0
0
0
0
0
0
0
0
0
0
0
0
0
0
0
0
0
0
0
0
0
0
0
0
0
0
0
0
0
0
0
0
0
0
0
0
0
0
0
0
0
0
0
0
0
0
0
0
0
0
0
0
0
0
0
0
0
0
0
0
0
0
0
0
0
0
0
0
0
0
0
0
0
0
0
0
0
0
0
0
0
0
0
0
0
0
0
0
0
0
0
0
0
0
0
0
0
0
0
0
0
0
0
0
0
0
0
0
0
0
0
0
0
0
0
0
0
0
0
0
0
0
0
0
0
0
0
0
0
0
0
0
0
0
0
0
0
0
0
0
0
0
0
0
0
0
0
0
0
0
0
0
0
0
0
0
0
0
0
0
0
0
0
0
1
0
0
0
0
0
0
0
0
0
0
0
0
0
0
0
0
0
0
0
0
0
0
0
0
0
0
0
0
0
0
0
0
0
0
0
0
0
0
0
0
0
0
0
0
0
0
0
0
0
0
0
0
0
0
0
0
0
0
0
0
0
0
0
0
0
0
0
0
0
0
0
0
0
0
0
0
0
0
0
0
0
0
0
0
0
0
0
0
0
0
0
0
0
0
0
0
0
0
0
0
0
0
0
0
0
0
0
0
0
0
0
0
0
0
0
0
0
0
0
0
0
0
0
0
0
0
0
0
0
0
0
0
0
0
0
0
0
0
0
0
0
0
0
0
0
0
0
0
0
0
0
0
0
0
0
0
0
0
0
0
0
0
0
0
0
0
0
0
0
0
0
0
0
0
0
0
0
0
0
0
0
0
0
0
0
0
0
0
0
0
0
0
0
0
0
0
0
0
0
0
0
0
0
0
0
0
0
0
0
0
0
0
0
0
0
0
0
0
0
0
0
0
0
0
0
0
0
0
0
0
0
0
0
0
0
0
0
0
0
0
0
0
0
0
0
0
0
0
0
0
0
0
0
0
0
0
0
0
0
0
0
0
0
0
0
0
0
0
0
0
0
0
0
0
0
0
0
0
0
0
0
0
0
0
0
0
0
0
0
0
0
0
0
0
0
0
0
0
0
0
0
0
0
0
0
0
0
0
0
0
0
0
0
0
0
0
0
0
0
0
0
0
0
0
0
0
0
0
0
0
0
0
0
0
0
0
0
0
0
0
0
0
0
0
0
0
0
0
0
0
0
0
0
0
0
0
0
0
0
0
0
0
0
0
0
0
0
0
0
0
0
0
0
0
0
0
0
0
0
0
0
0
0
0
0
0
0
0
0
0
0
0
0
0
0
0
0
0
0
0
0
0
0
0
0
0
0
0
0
0
0
0
0
0
0
0
0
0
0
0
0
0
0
0
0
0
0
0
0
0
0
0
0
0
0
0
0
0
0
0
0
0
0
0
0
0
0
0
0
0
0
0
0
0
0
0
0
0
0
0
0
0
0
0
0
0
0
0
0
0
0
0
0
0
0
0
0
0
0
0
0
0
0
0
0
0
0
0
0
0
0
0
0
0
0
0
0
0
0
0
0
0
0
0
0
0
0
0
0
0
0
0
0
0
0
0
0
0
0
0
0
0
0
0
0
0
0
0
0
0
0
0
0
0
0
0
0
0
0
0
0
0
0
0
0
0
0
0
0
0
0
0
0
0
0
0
0
0
0
0
0
0
0
0
0
0
0
0
0
0
0
0
0
0
0
0
0
0
0
0
0
0
0
0
0
0
0
0
0
0
0
0
0
0
0
0
0
0
0
0
0
0
0
0
0
0
0
0
0
0
0
0
0
1
0
0
0
0
1
0
0
0
0
0
0
0
0
0
0
0
0
0
0
0
0
0
0
0
0
0
0
0
0
0
0
0
0
0
0
0
0
0
0
0
0
0
0
0
0
0
0
0
0
0
0
0
0
0
0
0
0
0
0
0
0
0
0
0
0
0
0
0
0
0
0
0
0
0
0
0
0
0
0
0
0
0
0
0
0
0
0
0
0
0
0
0
0
0
0
0
0
0
0
0
0
0
0
0
0
0
0
0
0
0
0
0
0
0
0
0
0
0
0
0
0
0
0
0
0
0
0
0
0
0
0
0
0
0
0
0
0
0
0
0
0
0
0
0
0
0
0
0
0
0
0
0
0
0
0
0
0
0
0
0
0
0
0
0
0
0
0
0
0
0
0
0
0
0
0
0
0
0
0
0
0
0
0
0
0
0
0
0
0
0
0
0
0
0
0
0
0
0
0
0
0
0
0
0
0
0
0
0
0
0
0
0
0
0
0
0
0
0
0
0
0
0
0
0
0
0
0
0
0
0
0
0
0
0
0
0
0
0
0
0
0
0
0
0
0
0
0
0
0
0
0
0
0
0
0
0
0
0
0
0
0
0
0
0
0
0
0
0
0
0
0
0
0
0
0
0
0
0
0
0
0
0
0
0
0
0
0
0
0
0
0
0
0
0
0
0
0
0
0
0
0
0
0
0
0
0
0
0
0
0
0
0
0
0
0
0
0
0
0
0
0
0
0
0
0
0
0
0
0
0
0
0
0
0
0
0
0
0
0
0
0
0
0
0
0
0
0
0
0
0
0
0
0
0
0
0
0
0
0
0
0
0
0
0
0
0
0
0
0
0
0
0
0
0
0
0
0
0
0
0
0
0
0
0
0
0
0
0
0
0
0
0
0
0
0
0
0
0
0
0
0
0
0
0
0
0
0
0
0
0
0
0
0
0
0
0
0
0
0
0
0
0
0
0
0
0
0
0
0
0
0
0
0
0
0
0
0
0
0
0
0
0
0
0
0
0
0
0
0
0
0
0
0
0
0
0
0
0
0
0
0
0
0
0
0
0
0
0
0
0
0
0
0
0
0
0
0
0
0
0
0
0
0
0
0
0
0
0
0
0
0
0
0
0
0
0
0
0
0
0
0
0
0
0
0
0
0
0
0
0
0
0
0
0
0
0
0
0
0
0
0
0
0
0
0
0
0
0
0
0
0
0
0
0
0
0
0
0
0
0
0
0
0
0
0
0
1
0
0
1
1
0
1
1
0
1
1
0
1
1
0
0
0
1
0
1
1
0
0
1
0
1
0
0
1
1
1
0
0
0
0
1
1
0
0
1
0
1
0
1
0
1
0
1
1
1
0
0
0
0
1
1
0
0
0
1
1
1
0
1
0
1
0
0
0
0
0
0
1
1
0
0
1
1
1
1
0
0
1
0
0
1
1
0
1
0
0
1
0
0
0
1
0
1
1
0
0
0
1
1
0
0
0
1
1
0
0
1
1
0
1
0
1
0
0
1
1
0
0
1
0
1
0
0
1
0
1
1
0
1
0
0
0
0
1
1
0
0
1
1
0
0
0
1
0
1
1
0
0
1
1
0
1
1
0
0
0
1
0
0
1
0
0
0
1
1
1
1
0
0
1
0
0
0
0
0
0
1
0
0
1
1
0
0
1
0
1
0
0
0
0
1
1
1
1
0
0
1
1
1
0
0
1
0
1
1
0
1
0
1
1
0
1
0
0
1
1
1
1
0
0
0
0
1
0
0
0
1
1
0
1
0
0
1
1
0
1
1
0
1
0
1
0
1
1
0
0
1
1
0
0
1
0
0
0
1
0
1
1
1
0
0
0
1
1
0
0
1
1
0
0
0
0
1
1
1
0
0
0
0
0
0
0
1
0
0
1
1
0
0
1
0
1
1
0
1
1
0
0
0
1
1
1
1
1
1
0
1
0
0
0
1
0
1
1
0
1
1
0
1
0
0
1
0
0
0
1
0
0
0
0
0
0
0
1
1
0
0
0
1
1
0
0
1
0
0
0
0
0
1
0
0
1
0
1
1
1
0
0
0
1
0
0
1
0
0
1
1
0
1
1
1
1
0
0
1
0
0
0
0
1
0
0
0
1
0
1
0
0
1
0
1
0
0
1
0
0
0
1
1
0
1
0
0
1
0
1
1
1
1
0
1
1
0
0
1
1
0
1
0
0
2
1
1
0
0
1
1
1
0
1
1
1
0
0
1
1
1
0
0
0
0
0
0
0
0
1
1
0
1
1
1
1
0
0
1
0
0
1
0
0
1
1
1
0
1
0
1
1
1
1
0
0
0
1
1
0
1
0
1
0
1
0
0
1
0
0
0
0
1
1
1
0
1
0
0
0
0
0
0
0
1
1
1
0
0
0
0
1
1
1
0
0
0
1
1
0
0
1
1
0
1
0
1
0
0
1
1
0
0
1
1
1
1
1
0
0
1
0
0
0
0
0
1
1
0
1
0
0
0
0
1
0
0
0
0
0
0
1
0
1
1
1
1
1
1
2
0
0
0
0
0
0
0
0
1
1
1
0
1
0
0
1
0
0
1
1
0
0
1
0
1
0
0
1
1
0
0
0
0
0
1
1
1
1
1
1
1
1
0
1
1
1
0
0
0
1
1
0
1
0
1
1
0
0
0
0
0
1
0
0
1
0
1
0
0
0
1
1
1
1
0
0
0
0
0
0
0
1
0
0
0
0
1
1
1
1
0
0
0
2
1
0
0
0
0
1
1
0
1
0
1
0
0
0
2
0
0
1
0
1
1
1
1
1
0
0
1
0
2
1
0
1
0
0
0
0
2
1
0
0
0
0
0
1
1
0
1
0
1
0
1
2
1
0
0
1
1
1
1
1
1
0
1
1
1
2
1
1
0
0
1
0
2
0
0
1
1
1
0
1
1
0
2
1
1
0
0
1
0
1
1
1
1
1
1
1
2
0
0
0
0
0
2
1
1
2
0
0
0
1
0
0
0
0
0
0
1
0
1
1
2
1
0
2
0
0
1
1
1
0
0
1
0
0
0
0
0
0
1
0
1
0
0
1
2
0
2
1
1
0
0
0
0
0
0
0
1
1
0
0
0
0
1
1
0
0
1
0
2
1
0
0
1
2
0
1
0
1
1
1
0
0
1
0
1
0
1
1
0
1
0
0
1
1
0
1
0
1
0
0
0
2
0
0
1
0
1
0
1
1
1
0
0
1
1
1
1
1
1
0
0
1
1
0
1
2
0
1
1
1
0
0
1
0
0
1
1
1
1
0
0
0
1
1
1
0
0
0
1
0
0
0
1
0
0
0
0
0
1
1
0
0
0
1
1
0
0
0
0
1
0
0
2
0
0
1
2
1
0
1
1
0
0
0
0
1
1
0
1
1
0
0
0
0
0
0
1
1
1
2
0
0
0
0
0
1
0
1
0
0
0
0
0
0
1
0
0
1
1
0
1
1
0
2
0
1
0
1
1
1
1
1
0
1
1
1
1
1
1
1
0
1
0
2
2
1
0
1
0
0
0
1
0
1
2
1
0
2
1
0
0
0
1
0
1
0
1
0
0
1
0
1
1
0
0
0
0
1
0
0
1
0
0
1
0
0
0
0
0
1
1
1
1
1
1
0
1
0
1
3
0
1
1
1
0
1
1
1
1
0
0
0
1
1
1
0
1
0
0
0
2
0
0
0
1
0
1
1
2
1
0
0
0
1
0
1
2
0
1
1
0
0
0
0
0
1
1
1
1
1
0
0
0
0
0
0
0
1
0
1
0
0
1
3
0
0
3
0
0
2
2
2
2
2
2
0
0
2
3
2
2
2
2
0
1
0
0
0
1
2
0
3
2
3
0
0
2
3
2
3
2
0
0
0
0
2
0
0
2
0
2
0
0
0
3
2
2
2
2
2
0
0
0
0
0
2
0
1
0
0
2
0
2
0
0
2
0
0
2
2
2
2
0
1
2
2
2
2
0
1
1
2
2
2
2
2
4
2
0
0
2
0
0
2
1
1
2
0
2
2
3
0
0
2
2
1
0
0
1
1
2
0
1
0
0
2
0
0
0
2
2
0
0
2
2
2
2
0
0
0
0
1
0
3
3
0
2
1
2
1
0
0
0
2
0
0
0
1
0
2
2
3
0
2
0
0
2
2
3
0
2
0
0
0
0
3
0
2
0
0
0
0
0
2
0
0
0
0
3
3
0
0
2
2
0
0
0
2
2
2
3
2
2
0
0
0
2
0
2
0
0
2
0
3
0
1
2
0
2
3
2
0
0
1
0
2
0
2
2
2
2
2
0
2
0
0
0
0
2
0
2
0
2
0
0
0
2
0
2
1
0
0
0
2
0
2
0
0
2
3
0
0
3
0
1
2
0
1
2
1
2
2
2
0
3
0
2
1
3
0
1
2
2
0
2
0
0
0
0
0
0
2
2
0
0
3
0
2
2
0
0
2
2
0
0
1
2
0
2
2
2
1
0
2
2
0
0
0
0
2
2
2
0
3
2
0
2
2
2
2
0
2
0
0
0
2
1
2
2
1
2
0
2
1
0
2
2
2
3
0
2
0
0
1
1
0
0
2
2
2
0
2
2
0
0
1
2
0
2
2
2
1
3
2
2
0
2
3
1
0
1
0
0
0
2
0
3
2
1
0
1
0
2
2
2
3
0
1
0
2
2
0
2
0
0
0
0
0
0
4
1
2
0
3
1
0
0
2
2
2
1
1
0
0
0
2
0
2
2
2
2
0
2
0
0
0
1
2
2
0
0
1
2
0
2
2
1
0
0
2
0
0
0
0
0
0
3
2
2
1
1
0
3
2
2
2
2
0
0
2
1
0
0
2
3
1
0
1
0
1
0
0
0
2
2
2
2
2
2
0
0
2
2
0
2
2
0
2
0
0
1
3
0
2
2
2
0
0
2
2
0
1
2
0
2
3
0
0
0
0
0
2
0
0
0
3
0
1
0
0
0
0
0
0
0
2
0
2
0
3
2
0
0
2
2
0
0
0
2
0
0
1
0
2
2
0
2
2
2
0
2
2
1
0
0
2
0
0
0
0
0
2
0
1
3
0
0
0
0
1
0
0
0
3
0
2
0
1
2
1
2
0
0
0
3
3
0
1
2
0
2
0
0
0
0
2
2
0
3
0
0
0
0
0
0
2
0
2
0
1
0
2
2
0
0
1
0
2
2
0
0
1
2
0
0
0
2
0
0
2
1
2
2
2
0
0
0
0
0
1
3
1
1
1
0
0
0
0
0
3
0
0
2
2
0
0
2
0
0
0
2
0
0
2
2
0
2
0
2
0
2
0
0
0
0
3
0
2
0
1
1
2
2
0
2
3
2
0
3
0
0
1
0
2
0
0
2
2
0
1
3
0
0
2
3
2
2
2
0
0
1
0
1
2
0
0
3
3
1
0
0
2
3
2
3
2
2
2
2
0
3
0
0
2
0
2
0
2
0
2
0
0
3
2
3
0
2
2
1
0
3
3
3
2
0
0
0
0
0
2
1
0
0
0
2
0
1
0
0
1
0
3
2
0
2
3
0
1
2
0
0
2
1
3
1
3
2
0
1
0
2
2
1
0
1
0
1
0
0
0
0
2
3
0
1
2
1
0
2
2
2
3
2
3
2
1
2
0
1
0
0
1
4
3
0
1
0
2
1
0
1
1
1
1
0
1
1
0
1
3
3
1
0
3
3
2
0
1
1
3
1
3
1
3
3
0
1
0
3
0
2
0
2
1
0
1
1
2
3
1
1
1
0
1
0
1
0
1
2
3
3
2
1
1
0
2
0
0
3
2
0
2
0
2
1
3
3
2
1
1
3
2
1
1
3
2
0
1
0
0
1
1
1
0
0
3
0
4
0
3
3
3
0
3
2
0
1
4
0
2
1
4
0
3
0
2
4
0
1
4
0
1
0
0
0
1
0
4
1
4
1
0
0
4
4
4
1
0
4
0
3
3
0
1
3
4
3
5
1
1
1
1
0
1
0
1
0
1
3
3
1
3
4
0
5
5
3
3
1
3
3
3
4
0
1
0
0
0
1
0
4
4
1
4
4
4
3
0
0
1
1
1
4
4
0
0
0
5
1
4
4
1
4
0
4
2
1
1
0
4
2
3
3
3
3
1
0
4
3
3
1
4
1
1
4
2
2
0
0
2
1
4
1
0
1
0
0
4
0
3
0
1
1
3
4
0
0
4
1
0
3
0
3
0
1
2
3
0
4
0
0
4
1
3
0
4
6
2
0
6
3
3
1
3
1
0
0
0
1
1
0
0
1
1
2
0
5
1
0
5
6
0
2
5
3
0
1
0
5
6
6
3
3
3
7
0
0
0
0
2
1
6
3
0
5
2
0
6
4
7
3
3
5
1
3
1
1
0
1
0
0
1
5
4
3
0
2
4
4
7
1
1
1
4
1
6
7
7
4
5
3
0
1
2
6
7
3
0
5
2
0
6
1
4
4
1
2
1
0
0
0
6
6
1
7
1
0
0
1
0
7
7
2
0
1
5
1
0
0
6
1
6
5
0
0
2
0
4
4
4
0
3
7
4
1
0
0
8
6
7
0
2
4
4
0
6
4
2
0
2
1
0
1
4
6
7
4
2
0
6
2
0
2
4
4
6
7
1
0
0
4
6
2
6
6
1
3
0
5
1
1
6
3
4
6
2
0
2
2
0
9
1
0
7
2
2
5
0
6
2
4
1
2
2
8
3
3
9
0
7
2
10
0
8
0
0
7
1
0
0
6
7
1
8
9
9
2
2
1
2
2
7
5
1
2
0
10
0
6
0
5
2
0
1
5
9
7
1
0
0
5
9
2
5
5
0
0
5
7
7
1
3
0
9
2
8
0
2
2
5
7
2
0
5
3
0
1
2
0
2
3
6
3
0
8
6
1
0
7
9
6
2
8
0
1
2
6
10
10
9
0
0
9
8
2
2
3
6
10
1
2
9
5
10
4
2
2
8
1
2
8
8
2
0
8
0
7
2
7
3
2
0
0
0
3
6
2
0
0
6
2
0
6
10
0
8
6
11
7
8
6
0
3
5
10
8
7
4
9
5
8
0
1
8
6
4
1
1
11
0
0
1
8
0
5
0
3
2
2
7
1
2
1
0
9
0
1
8
8
1
10
3
2
10
8
6
2
1
0
1
3
1
1
6
0
2
0
11
9
0
0
0
1
2
1
0
7
9
2
2
3
0
0
6
0
6
8
4
3
0
2
6
1
0
7
0
8
3
8
11
4
6
1
8
1
0
5
3
9
1
0
0
8
2
8
1
8
0
0
2
1
1
3
0
10
2
11
6
7
4
10
5
6
8
8
5
3
8
6
0
6
2
7
3
6
2
0
2
6
2
2
6
2
0
0
1
8
10
3
5
2
1
5
0
1
0
5
2
9
0
0
0
7
0
4
0
3
1
2
0
0
0
6
3
1
3
2
2
5
2
8
0
10
8
0
8
6
8
3
8
0
1
2
0
6
0
10
9
0
3
8
10
1
11
10
3
2
0
6
1
2
2
6
9
2
1
2
2
0
0
5
8
10
8
6
8
0
2
2
10
0
4
6
1
1
0
8
2
0
7
2
0
0
0
8
11
4
6
6
2
1
0
9
2
9
1
0
3
8
5
6
8
6
0
9
0
1
4
2
12
7
6
0
0
2
9
6
2
10
1
0
2
12
2
0
6
2
6
0
9
6
0
7
0
0
6
10
3
8
8
3
1
0
2
10
10
0
6
0
4
2
0
2
8
6
8
4
6
2
3
4
9
2
1
7
1
8
9
6
3
0
1
2
8
12
9
8
0
5
4
10
2
3
2
10
7
5
10
3
10
8
0
2
10
9
0
4
2
8
2
2
1
1
0
1
8
8
2
5
4
3
6
5
0
1
6
0
0
1
0
10
11
10
6
5
8
0
1
6
9
10
3
6
0
6
8
8
2
5
6
6
0
4
6
8
4
10
10
8
6
10
0
5
10
10
8
8
1
6
11
8
2
10
2
1
6
5
0
13
10
4
0
10
5
1
0
0
7
6
0
3
1
9
4
2
0
3
2
1
5
0
6
6
8
3
7
8
8
0
8
0
0
6
8
1
6
0
14
4
10
10
8
7
0
2
4
2
0
4
9
7
5
5
4
4
15
4
3
5
4
2
2
3
1
2
6
5
1
7
1
9
6
1
1
4
15
10
0
6
3
4
4
2
1
2
4
9
1
4
4
0
1
3
1
6
9
4
0
2
0
1
11
5
4
6
8
8
15
3
2
16
5
7
4
9
12
12
11
4
4
5
11
6
9
7
5
3
8
4
9
4
1
3
14
4
3
4
3
1
2
5
10
2
2
12
6
4
4
2
1
0
1
2
13
0
0
0
10
0
12
4
9
12
15
6
11
2
14
0
12
10
12
6
10
0
2
8
3
4
3
9
0
0
3
6
5
5
7
10
4
4
12
3
7
13
11
2
6
2
10
12
11
2
17
3
17
8
7
4
10
0
14
10
10
4
6
12
6
9
9
0
14
6
8
3
2
6
15
3
17
3
8
0
3
4
6
3
8
3
11
6
4
0
5
15
1
4
3
1
1
6
0
17
2
2
2
2
0
15
13
11
6
2
8
8
18
10
8
10
2
0
3
1
15
0
6
12
18
1
1
14
10
12
3
3
2
4
13
5
2
9
2
9
0
9
1
6
13
3
14
1
14
3
5
4
9
12
8
12
3
1
12
3
6
2
7
2
1
18
9
5
9
12
0
7
6
9
2
0
17
4
12
13
11
19
0
2
8
2
1
4
1
0
4
6
10
12
3
12
5
11
11
4
13
4
0
4
14
5
12
1
14
1
8
3
0
6
0
9
3
12
14
9
2
8
15
10
1
17
13
15
18
11
1
0
20
6
6
13
6
4
1
5
3
14
6
15
6
13
9
3
5
0
0
1
6
12
13
3
15
8
6
12
0
14
8
1
14
7
12
2
1
3
7
17
9
0
11
6
4
13
0
1
9
6
11
1
11
0
8
3
15
12
4
18
3
1
0
11
3
17
6
3
3
3
10
0
11
12
8
7
8
5
9
3
15
12
7
0
6
2
5
0
3
6
17
1
6
6
4
17
3
2
7
14
8
10
1
2
7
9
0
6
2
10
7
0
5
7
12
3
13
19
11
1
13
0
2
1
5
14
11
12
11
7
10
12
10
5
2
0
10
11
4
9
1
1
0
10
0
3
1
0
2
17
4
5
9
3
3
7
8
0
8
16
0
4
6
7
19
0
1
17
4
3
3
4
5
6
3
4
0
17
6
3
17
14
5
13
14
6
6
8
0
2
15
6
8
9
8
11
11
7
1
9
4
14
9
13
18
12
2
11
2
3
11
9
11
8
0
12
3
20
4
21
4
5
4
9
2
3
8
4
11
2
3
6
18
11
1
8
5
15
0
14
3
8
14
3
12
8
0
12
11
10
2
15
13
10
7
6
14
10
15
1
4
14
4
2
14
20
3
14
0
8
4
1
3
11
16
1
13
2
6
1
5
16
1
7
8
14
5
17
1
5
6
2
5
9
8
9
8
7
11
7
5
5
2
5
10
1
6
0
0
2
5
12
3
1
2
16
4
6
11
7
0
15
4
6
1
12
9
1
16
14
4
0
15
3
7
12
13
8
8
13
18
3
9
9
4
4
2
15
3
3
6
6
19
7
2
5
2
5
10
3
15
13
4
2
18
6
14
1
0
6
12
4
2
1
2
5
8
0
4
0
1
20
18
2
5
6
4
3
7
6
9
0
7
7
21
5
10
1
2
1
3
19
7
7
0
2
15
15
8
1
17
10
5
0
2
7
6
17
3
4
0
9
12
3
12
20
1
3
1
4
3
17
3
8
8
6
3
3
0
19
14
25
16
12
16
12
3
9
3
25
10
9
18
20
12
14
3
9
13
7
4
1
1
4
3
15
5
13
0
10
25
9
15
10
3
0
7
16
18
6
8
16
12
10
2
20
22
0
4
0
19
9
10
0
7
1
12
1
26
13
0
4
12
6
21
6
5
3
18
26
0
0
9
3
7
1
12
3
7
26
8
9
10
3
19
15
8
0
0
7
1
19
20
6
0
24
6
2
2
6
5
12
19
8
11
1
9
6
14
14
10
13
0
0
0
11
6
15
0
19
3
18
1
0
10
12
15
13
1
15
4
11
1
4
6
8
4
3
10
1
21
10
0
8
14
6
3
6
15
8
14
12
6
6
8
14
2
2
5
1
24
8
19
17
15
18
1
12
1
14
19
13
9
5
3
1
6
2
4
9
11
3
1
10
16
10
5
8
16
2
19
31
11
4
22
6
21
5
3
29
20
18
0
22
0
14
12
4
10
6
4
11
18
11
13
22
18
21
9
1
7
0
3
1
1
11
13
21
32
22
22
19
11
3
1
19
17
17
1
11
1
22
15
12
1
12
12
13
3
4
6
3
23
0
11
11
9
5
1
25
2
2
13
4
5
7
2
3
21
24
0
3
17
5
3
11
10
0
4
2
4
1
19
24
16
0
5
1
2
7
9
3
16
19
12
22
11
6
14
8
2
13
17
1
11
24
14
4
16
6
13
4
1
11
17
6
17
15
7
33
17
4
31
11
29
6
12
11
13
0
7
6
0
11
1
1
2
1
3
30
17
27
15
20
29
1
3
26
1
10
19
6
33
14
7
18
10
1
0
1
29
28
20
20
11
0
26
15
10
6
26
12
24
5
15
31
33
8
16
15
7
3
11
3
1
12
17
1
15
17
2
26
0
12
16
3
21
11
28
10
12
1
7
6
22
24
22
2
0
5
18
13
19
17
0
32
15
3
8
10
40
14
6
9
25
11
3
25
27
2
3
15
8
15
1
20
8
19
27
13
16
26
0
1
5
20
6
6
8
33
9
23
7
17
18
41
4
17
8
4
40
3
1
8
15
32
2
17
6
25
22
1
11
14
28
2
5
26
12
19
29
16
20
8
2
4
16
31
36
7
22
6
24
1
12
11
37
6
26
17
30
29
22
16
14
9
30
18
6
26
6
2
21
4
3
18
19
15
13
15
32
24
3
4
22
2
7
10
16
31
14
2
4
1
14
39
9
0
17
19
23
6
6
4
12
13
35
0
9
3
38
0
26
6
14
5
15
2
9
21
34
7
7
15
22
23
22
26
25
3
32
2
6
17
25
12
15
15
20
7
11
13
4
0
0
33
12
7
7
41
37
0
4
19
2
8
29
4
40
27
24
40
35
25
39
2
25
25
24
22
1
2
31
16
11
9
27
0
30
27
1
0
17
19
22
20
2
33
0
18
9
6
11
7
34
17
20
31
4
15
32
7
7
29
40
23
24
7
19
3
14
7
7
17
14
3
36
7
13
0
23
2
2
17
20
35
15
27
5
41
31
3
8
10
18
33
0
23
3
25
17
14
12
7
11
16
8
39
27
19
25
14
8
9
1
0
35
8
2
30
7
22
25
24
39
9
3
5
1
6
10
11
31
25
6
6
37
4
1
13
5
3
44
24
10
11
21
5
27
12
8
0
3
32
30
34
23
2
3
13
27
14
16
17
9
0
20
44
23
25
32
43
8
19
26
34
2
29
16
39
0
18
46
44
7
32
1
33
19
21
28
0
32
17
1
8
0
9
20
45
10
31
31
40
39
16
6
0
1
32
44
44
25
15
3
8
9
12
36
3
50
12
2
36
16
29
18
7
1
8
5
15
18
21
27
5
17
39
32
17
40
20
38
20
17
30
17
22
16
5
20
36
9
22
43
20
3
18
2
8
9
37
18
17
25
10
25
22
24
47
47
7
14
6
51
0
6
38
40
48
13
29
24
9
0
1
5
7
16
5
25
38
1
38
42
28
42
24
56
13
28
15
0
1
17
16
22
31
19
4
46
8
5
2
7
9
25
13
34
6
36
34
41
41
12
34
28
0
41
6
28
9
17
7
41
17
52
30
30
12
31
20
7
51
25
35
17
52
32
8
17
1
37
13
16
8
9
53
26
1
29
5
5
21
8
34
19
37
32
37
45
18
34
6
35
22
20
22
3
8
2
17
1
21
6
48
6
8
30
23
37
43
28
29
5
52
2
49
31
7
1
12
16
21
13
39
4
27
2
43
45
35
7
23
32
16
16
1
28
11
13
37
6
9
5
29
9
41
11
54
4
19
22
16
14
12
12
13
9
27
21
37
23
38
36
14
27
1
37
56
16
4
14
14
38
24
45
35
54
10
28
24
25
11
63
2
26
12
1
13
36
1
13
5
42
12
34
0
3
3
5
37
4
39
48
25
29
21
9
21
60
28
3
50
27
45
11
2
29
3
38
46
33
35
20
1
37
30
13
7
2
18
37
46
15
20
2
7
26
10
63
0
41
26
1
11
48
17
52
7
32
10
7
39
36
21
15
18
10
63
11
31
10
47
18
21
53
73
17
10
36
47
9
10
36
33
8
25
29
59
28
60
4
7
46
35
28
10
0
20
60
0
7
4
33
39
9
20
48
27
6
28
32
1
6
25
7
19
11
10
28
37
51
6
50
11
38
61
34
9
48
1
25
53
9
2
13
0
8
45
22
37
35
46
38
27
51
2
27
56
1
27
2
42
2
14
35
19
22
12
39
47
0
17
40
20
22
7
32
7
9
4
23
17
31
0
1
10
8
19
27
10
54
25
12
15
39
34
12
30
10
3
40
43
27
10
7
25
30
8
2
16
73
41
9
18
16
4
40
33
50
64
14
17
37
1
22
33
43
38
33
64
39
20
4
5
21
1
21
7
1
32
19
63
41
65
13
3
17
59
17
11
23
18
19
46
14
10
64
2
35
30
23
37
37
11
8
23
61
1
63
6
55
31
18
37
20
37
36
16
24
4
54
26
75
22
65
72
12
17
13
30
50
22
10
37
19
19
22
22
24
56
37
61
5
21
22
2
7
16
47
74
66
65
23
9
7
26
43
10
36
10
12
49
19
24
13
43
30
55
57
1
9
17
1
32
11
6
63
48
2
35
22
52
91
42
90
38
37
31
45
6
21
34
11
24
4
62
1
26
70
67
21
2
14
7
4
51
31
11
54
67
30
31
10
37
11
7
16
67
48
5
65
10
17
54
31
25
59
30
24
64
20
45
54
45
5
26
71
65
1
1
20
14
18
30
74
4
28
50
17
86
44
16
59
12
36
2
33
47
42
73
13
31
8
12
49
0
29
54
14
85
26
49
46
42
2
75
12
15
40
25
22
42
23
23
73
4
21
10
13
71
40
26
38
13
78
23
9
62
28
9
11
6
49
0
11
69
18
17
42
3
6
15
33
1
77
5
76
79
32
23
77
7
39
80
15
30
14
21
52
68
12
14
47
39
40
28
21
55
18
76
16
35
25
1
15
94
19
45
91
4
26
48
41
6
19
34
8
25
89
25
24
15
55
70
59
53
16
0
52
3
33
43
4
51
22
43
42
27
49
8
64
35
69
39
65
44
107
6
61
0
17
20
41
34
12
18
17
31
4
17
27
14
30
34
13
52
14
85
27
16
18
16
0
1
34
1
8
62
49
82
16
32
21
2
28
74
0
63
9
1
34
4
38
58
0
39
13
12
33
55
6
28
22
6
58
40
39
15
16
42
53
61
30
18
46
8
14
0
86
50
71
33
15
60
74
26
33
47
40
41
23
4
80
13
41
11
88
28
39
22
58
48
11
28
60
38
19
9
48
57
57
48
50
17
40
32
15
10
50
8
54
101
11
19
55
27
63
10
67
1
16
37
101
33
73
86
13
29
37
6
61
57
31
2
20
83
49
38
78
17
34
55
52
55
61
5
2
11
45
4
33
57
64
73
17
17
20
1
64
7
43
78
42
10
42
6
48
60
30
58
16
48
8
48
46
49
22
67
74
30
72
15
41
13
29
69
15
90
67
46
23
75
44
29
13
92
10
34
19
28
19
2
19
28
28
58
83
22
7
91
25
52
101
52
27
53
15
73
32
42
27
36
35
65
114
49
7
20
15
27
6
105
30
60
43
4
23
34
69
40
29
20
2
71
36
63
67
78
4
49
63
21
1
48
27
60
85
87
1
73
94
79
2
71
75
33
29
12
44
33
53
55
39
48
25
44
0
65
36
102
16
10
118
61
10
69
16
49
52
51
17
49
68
8
11
58
22
53
0
6
42
49
91
28
64
94
64
21
69
86
16
41
12
96
51
28
33
112
27
18
84
83
68
60
50
60
56
51
67
6
110
87
101
7
41
8
44
3
68
51
55
42
45
17
29
68
48
66
11
13
105
33
33
14
36
9
59
30
14
30
9
117
5
27
32
79
48
79
47
52
60
46
39
35
74
25
32
26
37
35
52
13
38
15
96
26
15
53
15
27
87
78
20
25
54
30
17
71
23
62
22
18
18
74
12
71
49
2
71
68
62
28
44
19
37
72
26
16
9
62
16
35
18
53
2
56
20
27
20
51
40
47
42
63
12
65
42
66
5
50
84
22
87
75
62
19
19
56
105
71
64
55
4
71
32
38
5
55
34
65
58
68
90
28
7
4
15
13
43
35
33
13
53
20
20
37
29
12
46
18
19
21
82
10
84
52
10
18
67
9
38
102
19
11
121
67
9
83
48
16
5
17
22
5
70
23
80
18
16
42
42
69
25
78
17
35
35
6
12
57
7
69
61
77
16
67
7
110
89
42
39
35
6
31
72
18
54
30
47
38
5
24
93
122
107
36
18
51
90
20
18
15
82
71
4
13
42
63
130
19
103
5
34
47
11
19
124
11
112
75
38
75
47
0
19
16
41
103
101
79
50
38
46
0
21
135
48
109
27
48
76
28
52
49
27
87
56
7
12
14
74
74
100
66
21
24
10
45
79
39
72
18
25
117
10
60
17
112
90
36
25
86
3
16
80
48
26
33
96
52
76
83
0
8
44
37
7
73
20
52
73
26
75
62
62
111
24
105
25
89
125
26
88
81
28
11
119
1
11
31
26
73
33
87
13
72
56
19
29
86
90
30
49
35
52
63
2
8
105
57
16
87
96
11
90
31
13
10
25
3
74
24
103
40
15
25
132
12
118
141
78
53
94
98
48
104
101
121
12
146
80
78
122
8
29
46
39
52
47
48
34
22
109
42
25
21
106
86
3
3
3
75
50
62
37
23
39
69
28
89
26
123
27
59
156
31
47
0
41
27
77
6
41
15
65
35
20
48
82
29
75
60
94
110
67
46
51
67
22
81
33
5
42
91
97
91
18
81
75
19
15
35
16
6
19
32
3
2
1
21
59
4
150
18
116
44
79
2
74
38
22
65
66
89
2
70
12
47
32
106
53
9
6
86
27
27
132
38
14
42
0
98
15
30
135
34
8
3
86
92
67
60
139
45
5
75
40
33
52
26
97
62
69
38
159
42
57
1
35
100
30
39
41
35
3
121
56
81
67
39
42
7
32
21
49
0
40
28
10
54
62
1
23
32
6
50
11
93
4
1
27
94
118
30
56
2
70
112
46
19
6
20
118
115
23
165
18
26
47
54
27
10
27
5
40
54
6
90
55
23
92
20
42
123
19
28
11
22
183
32
75
116
151
16
36
119
171
83
15
54
26
8
39
47
22
38
26
1
84
6
5
35
0
7
65
63
30
43
50
97
15
16
80
39
60
116
49
101
1
78
32
56
5
144
52
81
32
140
161
45
1
10
89
21
32
19
7
11
47
83
138
19
5
75
136
140
57
56
48
14
44
126
84
11
144
70
66
39
86
63
38
104
114
3
81
53
68
105
37
27
23
65
129
80
103
70
100
104
155
106
48
11
88
40
187
7
191
111
80
46
142
12
114
56
120
0
107
148
42
86
14
91
75
10
52
110
28
30
138
137
44
163
20
0
43
25
114
5
47
49
157
49
91
89
101
38
115
25
45
7
67
23
143
87
119
142
36
123
2
67
29
69
67
41
38
17
16
142
50
80
34
127
132
70
59
40
125
49
14
76
99
134
28
47
16
165
99
22
58
174
78
69
66
39
101
107
11
25
92
22
86
65
120
13
51
83
159
75
45
112
140
23
155
97
23
21
5
23
81
130
194
34
13
21
63
87
41
0
133
21
39
29
23
70
85
29
109
112
17
16
58
109
28
113
49
12
61
74
23
54
68
51
7
141
13
34
137
32
48
27
28
70
79
106
75
4
42
42
39
58
44
117
50
75
104
57
20
66
40
64
191
26
133
25
14
82
52
148
23
9
173
3
10
152
186
141
227
91
66
93
129
6
27
19
73
71
9
102
52
11
80
183
52
143
83
62
25
123
20
137
144
73
134
71
92
77
27
102
26
83
166
70
110
123
28
2
9
14
87
59
48
71
106
136
27
151
126
41
142
58
3
52
50
21
91
158
129
44
0
96
98
55
25
95
83
25
70
2
20
106
2
27
27
208
71
126
16
34
116
54
29
41
188
88
154
148
43
45
102
195
29
3
110
87
104
103
85
20
77
105
39
40
177
17
146
21
34
88
13
37
77
76
123
42
53
118
72
69
88
124
27
33
67
78
88
125
66
113
43
64
56
89
121
114
13
7
95
80
123
31
35
48
82
24
28
39
20
76
70
24
30
146
83
181
88
12
14
34
37
193
68
163
247
107
97
78
15
5
92
33
178
193
110
159
83
179
110
109
67
165
7
14
102
185
35
121
175
45
155
0
28
186
221
29
44
11
100
83
267
139
195
159
41
82
70
78
23
200
102
0
206
144
63
73
69
221
111
117
24
71
12
13
10
73
35
44
50
80
19
32
75
228
99
32
246
66
32
145
162
34
18
67
67
13
40
262
128
166
165
0
77
28
145
60
38
46
0
117
78
54
62
106
175
21
30
130
142
70
15
210
131
166
51
205
182
27
45
12
292
44
13
26
71
74
246
108
25
60
60
266
146
92
65
187
91
16
160
64
129
173
1
212
42
133
43
181
54
5
69
301
59
6
136
114
28
61
40
181
17
45
129
122
133
60
244
102
73
15
87
17
123
69
70
121
104
89
62
115
154
101
19
47
279
42
112
81
243
8
270
103
12
205
44
272
105
16
115
40
191
189
2
222
25
23
107
269
47
298
176
57
62
69
133
82
282
12
121
320
190
33
124
90
35
48
142
175
198
258
121
68
104
92
197
73
190
86
51
248
108
76
177
233
70
32
149
75
280
19
232
25
169
232
27
244
153
111
127
207
131
105
75
46
272
240
69
204
222
191
235
153
237
76
115
202
115
218
200
63
5
19
58
194
193
73
10
0
91
45
278
95
188
63
121
129
253
44
95
69
154
277
77
49
64
120
12
5
157
176
46
1
101
96
82
39
114
37
189
192
26
76
42
60
37
72
113
29
2
44
0
37
117
118
59
28
167
95
4
27
151
7
79
236
20
143
78
184
43
153
82
104
309
79
6
68
208
263
59
303
91
95
135
76
113
35
131
10
53
55
112
144
42
173
46
114
177
267
150
57
4
7
2
5
20
186
280
133
82
197
109
17
13
75
29
60
173
69
240
25
39
186
123
10
150
14
90
153
146
95
103
53
155
142
305
8
49
169
13
128
167
12
130
38
19
241
67
299
127
21
44
125
235
235
106
76
67
91
251
99
97
166
43
256
50
306
145
80
236
58
0
124
165
163
38
169
66
26
3
86
137
14
90
216
88
215
125
21
110
44
54
28
38
299
67
195
225
300
232
10
39
8
202
249
21
38
99
72
55
13
48
179
243
91
189
34
21
266
64
34
172
261
43
33
1
43
190
152
56
180
0
248
63
123
258
54
185
218
104
114
92
171
20
34
185
39
103
3
221
107
214
10
158
213
72
303
164
226
48
136
145
31
224
119
1
34
94
86
204
57
262
86
381
120
50
176
184
78
14
131
0
21
52
11
124
69
197
59
44
13
24
7
240
146
281
105
96
238
110
310
30
145
55
65
189
65
46
129
82
179
98
253
64
65
100
83
169
48
36
75
71
313
35
158
148
147
5
70
45
268
99
69
14
72
148
291
256
233
28
180
106
127
24
35
331
43
142
182
294
200
293
101
201
169
80
295
109
89
97
23
182
10
38
84
292
12
93
80
270
327
146
196
9
167
193
30
99
143
91
82
239
18
320
27
263
1
112
4
36
386
205
166
119
184
203
142
67
149
148
329
255
13
244
173
201
213
225
67
75
351
33
39
175
65
48
28
3
137
184
93
72
0
194
379
151
209
167
103
92
23
250
1
26
363
369
13
356
103
122
92
95
283
192
154
432
222
57
68
236
216
115
118
314
125
319
65
313
240
251
165
261
227
3
69
99
187
291
111
19
153
226
30
11
217
103
147
226
136
182
20
239
243
353
205
110
27
69
88
31
74
94
282
157
359
237
27
118
68
195
270
145
264
208
78
125
72
379
247
241
126
85
136
442
327
75
19
174
12
299
55
19
140
116
246
170
342
149
124
253
6
146
21
24
48
344
92
53
67
158
78
229
242
122
34
274
268
103
214
165
189
245
221
9
145
28
154
87
320
256
72
144
263
157
2
284
83
132
11
7
83
189
222
47
34
173
297
168
145
225
18
170
188
97
109
424
195
307
29
82
32
359
43
96
193
98
216
75
141
46
4
158
83
38
82
45
209
73
153
197
26
412
270
51
273
60
69
129
185
310
11
111
307
303
292
9
120
262
105
41
31
29
203
385
174
115
253
105
109
95
368
51
144
26
373
287
115
145
193
235
229
31
212
53
8
108
125
222
29
144
186
135
217
38
10
7
272
6
198
423
21
375
259
39
24
363
280
166
135
86
110
435
180
79
31
208
194
9
153
232
229
114
257
129
66
386
422
280
288
70
68
192
95
172
48
90
243
24
40
223
26
55
63
156
74
175
367
58
30
324
366
504
76
25
158
155
2
35
93
158
244
384
261
197
288
291
37
101
11
122
449
310
373
56
113
448
17
3
9
353
450
419
267
79
327
143
330
100
168
63
293
77
88
172
244
159
0
133
21
123
193
217
130
3
346
437
44
156
296
271
296
168
29
166
352
292
99
105
28
136
79
99
248
263
461
156
35
48
46
311
79
242
367
11
188
5
158
205
17
97
339
473
97
173
19
363
410
249
273
64
218
182
209
12
448
135
28
481
337
227
142
267
217
322
22
159
155
5
96
113
247
163
178
153
95
5
471
30
67
198
65
13
348
81
90
213
392
23
311
242
34
66
159
201
9
202
109
24
158
4
217
203
195
297
252
251
219
134
364
523
199
76
24
8
239
243
50
70
474
93
50
66
115
189
5
144
167
120
203
387
228
352
280
73
285
131
254
213
314
29
211
145
96
119
356
96
40
273
361
532
190
130
158
26
57
170
165
254
106
29
216
43
61
108
113
396
258
163
127
98
120
614
365
250
223
119
76
30
219
320
2
154
209
94
159
146
0
370
14
189
156
224
80
392
497
256
280
7
28
373
174
183
138
125
354
243
204
359
25
321
49
155
167
110
307
201
248
374
183
109
9
43
367
148
55
297
600
392
477
32
49
126
76
67
47
46
237
36
10
265
268
267
84
40
260
195
380
501
293
598
56
81
349
237
115
85
65
462
165
81
89
64
156
478
234
293
394
427
44
36
332
258
325
326
463
247
195
124
216
514
279
514
269
153
323
39
181
169
351
381
233
210
306
78
127
38
354
0
174
435
188
259
156
510
355
98
396
382
71
114
293
603
82
271
166
149
216
425
148
488
344
350
48
224
294
393
304
181
185
447
376
450
37
3
314
501
450
155
15
28
299
392
384
178
438
148
31
391
46
154
138
322
2
498
473
70
381
35
73
38
532
138
38
291
584
206
378
103
468
292
140
277
32
451
371
267
59
118
447
134
589
156
9
74
109
392
522
360
205
195
186
225
227
1
658
26
140
58
320
42
370
28
458
174
34
207
252
282
64
496
298
197
152
398
97
594
567
596
198
564
340
269
154
303
16
251
208
265
244
417
266
132
27
372
459
36
152
151
518
484
577
248
453
60
115
209
367
98
375
186
107
446
29
108
130
687
521
132
295
200
73
441
149
675
39
144
79
390
692
201
255
245
48
218
337
46
8
278
471
546
107
708
477
168
168
248
423
120
75
4
540
244
532
67
141
360
3
63
121
85
124
384
185
128
378
336
434
281
500
68
589
243
607
129
70
346
37
309
191
748
72
355
541
559
333
655
3
166
63
253
282
4
187
236
345
397
10
248
525
66
649
35
125
137
274
553
721
302
176
439
120
517
187
147
336
125
334
151
36
247
426
71
208
228
83
489
349
316
362
313
28
14
254
537
42
64
882
81
75
151
308
96
219
30
27
91
283
274
578
737
23
203
483
71
517
301
323
520
137
63
281
49
97
356
303
136
725
55
102
373
31
445
102
197
76
233
395
467
386
217
39
320
551
19
203
135
137
107
518
141
768
158
387
175
580
58
3
724
330
456
250
214
154
328
131
378
294
414
352
157
111
396
595
453
47
108
27
331
58
5
280
8
19
266
32
604
718
159
147
232
94
483
104
129
29
328
414
342
218
593
317
520
130
304
889
16
107
222
259
227
29
617
494
208
301
6
195
83
318
115
215
67
118
466
429
191
58
60
545
118
783
612
295
260
129
295
193
234
400
537
255
584
18
491
151
660
148
690
264
194
22
242
108
440
260
192
351
180
103
349
136
289
152
92
55
63
38
87
512
274
274
737
98
647
151
137
210
40
373
400
658
334
153
93
575
578
170
147
927
167
182
371
304
85
601
485
296
317
291
323
203
642
130
782
291
44
141
222
401
406
452
77
245
243
171
601
563
326
26
520
143
452
195
697
75
83
627
310
548
335
87
478
322
147
1
47
287
181
769
510
6
546
201
482
305
115
282
50
359
332
79
291
167
296
528
326
467
114
134
582
391
235
396
152
451
346
394
364
235
297
5
669
129
478
686
162
81
344
650
743
34
535
394
641
23
675
395
158
10
456
441
455
267
712
3
129
178
232
162
191
913
136
187
412
60
264
57
839
37
276
276
154
776
247
686
333
351
297
198
509
573
171
113
826
662
609
664
162
729
126
911
27
90
456
389
231
473
162
275
166
642
117
980
1091
311
455
169
210
626
532
1015
71
201
180
692
308
498
714
46
116
138
463
902
870
261
329
91
898
288
52
487
221
808
52
809
67
661
675
10
470
154
306
90
499
514
198
18
303
816
376
500
236
250
234
234
564
894
550
214
131
763
193
113
328
122
237
998
95
318
194
753
108
194
238
367
74
5
40
160
193
800
271
913
53
212
323
988
573
224
118
101
488
856
205
183
611
12
772
268
973
1034
276
416
353
84
264
463
320
698
31
336
56
490
15
63
865
414
125
260
236
280
93
701
321
472
403
518
395
453
510
341
20
232
215
135
55
263
120
283
273
685
699
147
220
116
365
379
500
463
43
481
23
908
191
107
277
483
800
1024
783
976
243
581
512
142
505
492
104
315
255
906
597
111
739
482
1011
101
559
414
282
699
590
287
265
135
273
416
323
791
250
344
265
781
565
44
730
317
1116
214
16
182
254
255
970
940
148
1044
616
277
113
517
74
892
104
880
35
289
57
1054
820
42
401
322
370
99
1018
234
297
191
254
361
566
154
222
366
212
596
582
395
634
36
710
46
896
647
95
80
1165
266
635
430
380
86
832
89
993
125
26
25
181
208
200
518
280
479
142
747
373
436
20
637
991
67
491
390
624
46
518
354
393
22
515
656
169
467
498
144
426
53
506
960
703
220
1157
172
235
399
754
819
413
661
1079
971
42
43
448
821
384
15
752
1230
726
228
346
1190
212
353
4
172
732
863
402
985
386
10
404
958
308
1145
706
